**************************************************************
* Voltage Drop Report file

* Units:
*   Length Unit         : um
*   Length Scale        : 0.001
*   Voltage Unit        : mV
*
* Cell Name : test_pe
* Net Name   : VDD
* Number of Resistors: 1890
* Threshold V: (min, max)=(0.574786 7.186022)
* Format: [left bottom right top] on Layer is voltage
*
[64986 3000 67986 6000] on M8 is 869.028e-3
[64986 6000 67986 11672] on M8 is 1.874
[64986 3000 67986 9000] on VIA8 is 869.028e-3
[66486 3000 83214 9000] on M9 is 868.994e-3
[49758 3000 66486 9000] on M9 is 868.994e-3
[33030 3000 49758 9000] on M9 is 864.788e-3
[48258 3000 51258 9000] on VIA8 is 864.821e-3
[48258 3000 51258 6000] on M8 is 864.821e-3
[48258 6000 51258 11672] on M8 is 1.862
[48258 11672 51258 15016] on M8 is 2.451
[48258 11642 51258 11702] on VIA7 is 1.862
[48258 11642 51258 11702] on VIA6 is 1.862
[48258 11642 51258 11702] on VIA5 is 1.861
[48258 11642 51258 11702] on VIA4 is 1.861
[48258 11642 51258 11702] on VIA3 is 1.861
[48258 11642 51258 11702] on VIA2 is 1.86
[48258 11642 51258 11702] on VIA1 is 1.86
[49758 11642 66486 11702] on M1 is 1.872
[33030 11642 49758 11702] on M1 is 1.86
[6000 11642 33030 11702] on M1 is 1.589
[31530 11642 34530 11702] on VIA1 is 1.589
[31530 11642 34530 11702] on VIA2 is 1.59
[31530 11642 34530 11702] on VIA3 is 1.59
[31530 11642 34530 11702] on VIA4 is 1.59
[31530 11642 34530 11702] on VIA5 is 1.59
[31530 11642 34530 11702] on VIA6 is 1.591
[31530 11642 34530 11702] on VIA7 is 1.591
[31530 6000 34530 11672] on M8 is 1.591
[31530 11672 34530 15016] on M8 is 2.067
[31530 15016 34530 18360] on M8 is 2.545
[31530 14986 34530 15046] on VIA7 is 2.067
[31530 14986 34530 15046] on VIA6 is 2.067
[31530 14986 34530 15046] on VIA5 is 2.066
[31530 14986 34530 15046] on VIA4 is 2.066
[31530 14986 34530 15046] on VIA3 is 2.065
[31530 14986 34530 15046] on VIA2 is 2.065
[31530 14986 34530 15046] on VIA1 is 2.064
[33030 14986 49758 15046] on M1 is 2.447
[6000 14986 33030 15046] on M1 is 2.063
[3000 14986 6000 15046] on M1 is 799.728e-3
[3000 14986 9000 15046] on VIA1 is 799.728e-3
[3000 14986 9000 15046] on VIA2 is 798.851e-3
[3000 14986 9000 15046] on VIA3 is 798.413e-3
[3000 14986 9000 15046] on VIA4 is 797.975e-3
[3000 14986 9000 15046] on VIA5 is 797.536e-3
[3000 14986 9000 15046] on VIA6 is 797.098e-3
[3000 14986 9000 15046] on VIA7 is 796.66e-3
[3000 14986 9000 15046] on VIA8 is 796.222e-3
[3000 14986 9000 15046] on VIARDL is 796.105e-3
[3000 11672 9000 15016] on MRDL is 796.689e-3
[3000 15016 9000 18360] on MRDL is 794.702e-3
[3000 18360 9000 21704] on MRDL is 787.244e-3
[3000 18330 9000 18390] on VIARDL is 789.181e-3
[3000 18330 9000 18390] on VIA8 is 789.342e-3
[3000 18330 9000 18390] on VIA7 is 789.947e-3
[3000 18330 9000 18390] on VIA6 is 790.553e-3
[3000 18330 9000 18390] on VIA5 is 791.158e-3
[3000 18330 9000 18390] on VIA4 is 791.763e-3
[3000 18330 9000 18390] on VIA3 is 792.369e-3
[3000 18330 9000 18390] on VIA2 is 792.974e-3
[3000 18330 9000 18390] on VIA1 is 794.185e-3
[6000 18330 33030 18390] on M1 is 2.539
[3000 18330 6000 18390] on M1 is 794.185e-3
[33030 18330 49758 18390] on M1 is 3.037
[31530 18330 34530 18390] on VIA1 is 2.541
[31530 18330 34530 18390] on VIA2 is 2.541
[31530 18330 34530 18390] on VIA3 is 2.542
[31530 18330 34530 18390] on VIA4 is 2.543
[31530 18330 34530 18390] on VIA5 is 2.543
[31530 18330 34530 18390] on VIA6 is 2.544
[31530 18330 34530 18390] on VIA7 is 2.545
[31530 18360 34530 21704] on M8 is 3.025
[31530 21704 34530 25048] on M8 is 3.508
[31530 21674 34530 21734] on VIA7 is 3.025
[31530 21674 34530 21734] on VIA6 is 3.024
[31530 21674 34530 21734] on VIA5 is 3.023
[31530 21674 34530 21734] on VIA4 is 3.022
[31530 21674 34530 21734] on VIA3 is 3.021
[31530 21674 34530 21734] on VIA2 is 3.02
[31530 21674 34530 21734] on VIA1 is 3.02
[33030 21674 49758 21734] on M1 is 3.628
[6000 21674 33030 21734] on M1 is 3.018
[3000 21674 6000 21734] on M1 is 781.123e-3
[3000 21674 9000 21734] on VIA1 is 781.123e-3
[3000 21674 9000 21734] on VIA2 is 779.572e-3
[3000 21674 9000 21734] on VIA3 is 778.796e-3
[3000 21674 9000 21734] on VIA4 is 778.02e-3
[3000 21674 9000 21734] on VIA5 is 777.244e-3
[3000 21674 9000 21734] on VIA6 is 776.469e-3
[3000 21674 9000 21734] on VIA7 is 775.693e-3
[3000 21674 9000 21734] on VIA8 is 774.917e-3
[3000 21674 9000 21734] on VIARDL is 774.71e-3
[3000 21704 9000 25048] on MRDL is 772.228e-3
[3000 25048 9000 28392] on MRDL is 747.527e-3
[3000 25018 9000 25078] on VIARDL is 750.569e-3
[3000 25018 9000 25078] on VIA8 is 750.822e-3
[3000 25018 9000 25078] on VIA7 is 751.773e-3
[3000 25018 9000 25078] on VIA6 is 752.724e-3
[3000 25018 9000 25078] on VIA5 is 753.674e-3
[3000 25018 9000 25078] on VIA4 is 754.625e-3
[3000 25018 9000 25078] on VIA3 is 755.575e-3
[3000 25018 9000 25078] on VIA2 is 756.526e-3
[3000 25018 9000 25078] on VIA1 is 758.427e-3
[6000 25018 33030 25078] on M1 is 3.499
[3000 25018 6000 25078] on M1 is 758.427e-3
[33030 25018 49758 25078] on M1 is 4.221
[31530 25018 34530 25078] on VIA1 is 3.501
[31530 25018 34530 25078] on VIA2 is 3.503
[31530 25018 34530 25078] on VIA3 is 3.504
[31530 25018 34530 25078] on VIA4 is 3.505
[31530 25018 34530 25078] on VIA5 is 3.506
[31530 25018 34530 25078] on VIA6 is 3.507
[31530 25018 34530 25078] on VIA7 is 3.508
[31530 25048 34530 28392] on M8 is 3.995
[31530 28392 34530 31736] on M8 is 4.487
[31530 28362 34530 28422] on VIA7 is 3.995
[31530 28362 34530 28422] on VIA6 is 3.994
[31530 28362 34530 28422] on VIA5 is 3.992
[31530 28362 34530 28422] on VIA4 is 3.991
[31530 28362 34530 28422] on VIA3 is 3.99
[31530 28362 34530 28422] on VIA2 is 3.988
[31530 28362 34530 28422] on VIA1 is 3.987
[33030 28362 49758 28422] on M1 is 4.818
[6000 28362 33030 28422] on M1 is 3.984
[3000 28362 6000 28422] on M1 is 723.925e-3
[3000 28362 9000 28422] on VIA1 is 723.925e-3
[3000 28362 9000 28422] on VIA2 is 721.664e-3
[3000 28362 9000 28422] on VIA3 is 720.533e-3
[3000 28362 9000 28422] on VIA4 is 719.402e-3
[3000 28362 9000 28422] on VIA5 is 718.271e-3
[3000 28362 9000 28422] on VIA6 is 717.14e-3
[3000 28362 9000 28422] on VIA7 is 716.009e-3
[3000 28362 9000 28422] on VIA8 is 714.879e-3
[3000 28362 9000 28422] on VIARDL is 714.577e-3
[3000 28392 9000 31736] on MRDL is 710.958e-3
[3000 31736 9000 32360] on MRDL is 660.272e-3
[3000 31706 9000 31766] on VIARDL is 664.488e-3
[3000 31706 9000 31766] on VIA8 is 664.839e-3
[3000 31706 9000 31766] on VIA7 is 666.157e-3
[3000 31706 9000 31766] on VIA6 is 667.475e-3
[3000 31706 9000 31766] on VIA5 is 668.792e-3
[3000 31706 9000 31766] on VIA4 is 670.11e-3
[3000 31706 9000 31766] on VIA3 is 671.427e-3
[3000 31706 9000 31766] on VIA2 is 672.745e-3
[3000 31706 9000 31766] on VIA1 is 675.38e-3
[6000 31706 33030 31766] on M1 is 4.474
[3000 31706 6000 31766] on M1 is 675.38e-3
[33030 31706 49758 31766] on M1 is 5.417
[31530 31706 34530 31766] on VIA1 is 4.477
[31530 31706 34530 31766] on VIA2 is 4.479
[31530 31706 34530 31766] on VIA3 is 4.481
[31530 31706 34530 31766] on VIA4 is 4.482
[31530 31706 34530 31766] on VIA5 is 4.484
[31530 31706 34530 31766] on VIA6 is 4.485
[31530 31706 34530 31766] on VIA7 is 4.487
[31530 31736 34530 32360] on M8 is 4.58
[31530 32360 34530 35080] on M8 is 4.756
[31530 30860 34530 33860] on VIA8 is 4.58
[33030 30860 49758 33860] on M9 is 5.538
[6000 30860 33030 33860] on M9 is 4.579
[3000 30860 6000 33860] on M9 is 616.24e-3
[3000 30860 9000 33860] on VIARDL is 647.744e-3
[3000 32360 9000 35080] on MRDL is 693.109e-3
[3000 35080 9000 38424] on MRDL is 731.414e-3
[3000 35050 9000 35110] on VIARDL is 697.586e-3
[3000 35050 9000 35110] on VIA8 is 697.959e-3
[3000 35050 9000 35110] on VIA7 is 699.358e-3
[3000 35050 9000 35110] on VIA6 is 700.757e-3
[3000 35050 9000 35110] on VIA5 is 702.156e-3
[3000 35050 9000 35110] on VIA4 is 703.555e-3
[3000 35050 9000 35110] on VIA3 is 704.954e-3
[3000 35050 9000 35110] on VIA2 is 706.353e-3
[3000 35050 9000 35110] on VIA1 is 709.151e-3
[6000 35050 33030 35110] on M1 is 4.743
[3000 35050 6000 35110] on M1 is 709.151e-3
[33030 35050 49758 35110] on M1 is 5.759
[31530 35050 34530 35110] on VIA1 is 4.746
[31530 35050 34530 35110] on VIA2 is 4.748
[31530 35050 34530 35110] on VIA3 is 4.75
[31530 35050 34530 35110] on VIA4 is 4.751
[31530 35050 34530 35110] on VIA5 is 4.753
[31530 35050 34530 35110] on VIA6 is 4.755
[31530 35050 34530 35110] on VIA7 is 4.756
[31530 35080 34530 38424] on M8 is 4.979
[31530 38424 34530 41768] on M8 is 5.208
[31530 38394 34530 38454] on VIA7 is 4.979
[31530 38394 34530 38454] on VIA6 is 4.977
[31530 38394 34530 38454] on VIA5 is 4.976
[31530 38394 34530 38454] on VIA4 is 4.974
[31530 38394 34530 38454] on VIA3 is 4.972
[31530 38394 34530 38454] on VIA2 is 4.971
[31530 38394 34530 38454] on VIA1 is 4.969
[33030 38394 49758 38454] on M1 is 6.045
[6000 38394 33030 38454] on M1 is 4.965
[3000 38394 6000 38454] on M1 is 748.186e-3
[3000 38394 9000 38454] on VIA1 is 748.186e-3
[3000 38394 9000 38454] on VIA2 is 745.261e-3
[3000 38394 9000 38454] on VIA3 is 743.798e-3
[3000 38394 9000 38454] on VIA4 is 742.335e-3
[3000 38394 9000 38454] on VIA5 is 740.873e-3
[3000 38394 9000 38454] on VIA6 is 739.41e-3
[3000 38394 9000 38454] on VIA7 is 737.947e-3
[3000 38394 9000 38454] on VIA8 is 736.484e-3
[3000 38394 9000 38454] on VIARDL is 736.094e-3
[3000 38424 9000 41768] on MRDL is 751.458e-3
[3000 41768 9000 45112] on MRDL is 752.343e-3
[3000 41738 9000 41798] on VIARDL is 756.369e-3
[3000 41738 9000 41798] on VIA8 is 756.778e-3
[3000 41738 9000 41798] on VIA7 is 758.313e-3
[3000 41738 9000 41798] on VIA6 is 759.848e-3
[3000 41738 9000 41798] on VIA5 is 761.383e-3
[3000 41738 9000 41798] on VIA4 is 762.917e-3
[3000 41738 9000 41798] on VIA3 is 764.452e-3
[3000 41738 9000 41798] on VIA2 is 765.987e-3
[3000 41738 9000 41798] on VIA1 is 769.056e-3
[6000 41738 33030 41798] on M1 is 5.194
[3000 41738 6000 41798] on M1 is 769.056e-3
[33030 41738 49758 41798] on M1 is 6.335
[31530 41738 34530 41798] on VIA1 is 5.198
[31530 41738 34530 41798] on VIA2 is 5.199
[31530 41738 34530 41798] on VIA3 is 5.201
[31530 41738 34530 41798] on VIA4 is 5.203
[31530 41738 34530 41798] on VIA5 is 5.205
[31530 41738 34530 41798] on VIA6 is 5.206
[31530 41738 34530 41798] on VIA7 is 5.208
[31530 41768 34530 45112] on M8 is 5.444
[31530 45112 34530 48456] on M8 is 5.686
[31530 45082 34530 45142] on VIA7 is 5.444
[31530 45082 34530 45142] on VIA6 is 5.442
[31530 45082 34530 45142] on VIA5 is 5.44
[31530 45082 34530 45142] on VIA4 is 5.438
[31530 45082 34530 45142] on VIA3 is 5.436
[31530 45082 34530 45142] on VIA2 is 5.434
[31530 45082 34530 45142] on VIA1 is 5.432
[33030 45082 49758 45142] on M1 is 6.63
[6000 45082 33030 45142] on M1 is 5.429
[3000 45082 6000 45142] on M1 is 770.867e-3
[3000 45082 9000 45142] on VIA1 is 770.867e-3
[3000 45082 9000 45142] on VIA2 is 767.636e-3
[3000 45082 9000 45142] on VIA3 is 766.021e-3
[3000 45082 9000 45142] on VIA4 is 764.405e-3
[3000 45082 9000 45142] on VIA5 is 762.79e-3
[3000 45082 9000 45142] on VIA6 is 761.174e-3
[3000 45082 9000 45142] on VIA7 is 759.559e-3
[3000 45082 9000 45142] on VIA8 is 757.943e-3
[3000 45082 9000 45142] on VIARDL is 757.512e-3
[3000 45112 9000 48456] on MRDL is 752.343e-3
[3000 48456 9000 49760] on MRDL is 733.059e-3
[3000 48426 9000 48486] on VIARDL is 738.517e-3
[3000 48426 9000 48486] on VIA8 is 738.972e-3
[3000 48426 9000 48486] on VIA7 is 740.677e-3
[3000 48426 9000 48486] on VIA6 is 742.383e-3
[3000 48426 9000 48486] on VIA5 is 744.088e-3
[3000 48426 9000 48486] on VIA4 is 745.794e-3
[3000 48426 9000 48486] on VIA3 is 747.499e-3
[3000 48426 9000 48486] on VIA2 is 749.205e-3
[3000 48426 9000 48486] on VIA1 is 752.616e-3
[6000 48426 33030 48486] on M1 is 5.67
[3000 48426 6000 48486] on M1 is 752.616e-3
[33030 48426 49758 48486] on M1 is 6.929
[31530 48426 34530 48486] on VIA1 is 5.674
[31530 48426 34530 48486] on VIA2 is 5.676
[31530 48426 34530 48486] on VIA3 is 5.678
[31530 48426 34530 48486] on VIA4 is 5.68
[31530 48426 34530 48486] on VIA5 is 5.682
[31530 48426 34530 48486] on VIA6 is 5.684
[31530 48426 34530 48486] on VIA7 is 5.686
[31530 48456 34530 49760] on M8 is 5.783
[31530 49760 34530 51800] on M8 is 5.783
[31530 48260 34530 51260] on VIA8 is 5.783
[33030 48260 49758 51260] on M9 is 7.058
[6000 48260 33030 51260] on M9 is 5.782
[3000 48260 6000 51260] on M9 is 694.129e-3
[3000 48260 9000 51260] on VIARDL is 717.237e-3
[3000 49760 9000 51800] on MRDL is 747.482e-3
[3000 51800 9000 55144] on MRDL is 775.421e-3
[3000 51770 9000 51830] on VIARDL is 753.028e-3
[3000 51770 9000 51830] on VIA8 is 753.49e-3
[3000 51770 9000 51830] on VIA7 is 755.223e-3
[3000 51770 9000 51830] on VIA6 is 756.956e-3
[3000 51770 9000 51830] on VIA5 is 758.69e-3
[3000 51770 9000 51830] on VIA4 is 760.423e-3
[3000 51770 9000 51830] on VIA3 is 762.156e-3
[3000 51770 9000 51830] on VIA2 is 763.889e-3
[3000 51770 9000 51830] on VIA1 is 767.355e-3
[6000 51770 33030 51830] on M1 is 5.765
[3000 51770 6000 51830] on M1 is 767.355e-3
[33030 51770 49758 51830] on M1 is 7.05
[31530 51770 34530 51830] on VIA1 is 5.769
[31530 51770 34530 51830] on VIA2 is 5.771
[31530 51770 34530 51830] on VIA3 is 5.773
[31530 51770 34530 51830] on VIA4 is 5.775
[31530 51770 34530 51830] on VIA5 is 5.777
[31530 51770 34530 51830] on VIA6 is 5.779
[31530 51770 34530 51830] on VIA7 is 5.781
[31530 51800 34530 55144] on M8 is 5.784
[31530 55144 34530 58488] on M8 is 5.794
[31530 55114 34530 55174] on VIA7 is 5.784
[31530 55114 34530 55174] on VIA6 is 5.782
[31530 55114 34530 55174] on VIA5 is 5.78
[31530 55114 34530 55174] on VIA4 is 5.778
[31530 55114 34530 55174] on VIA3 is 5.776
[31530 55114 34530 55174] on VIA2 is 5.774
[31530 55114 34530 55174] on VIA1 is 5.772
[33030 55114 49758 55174] on M1 is 7.059
[6000 55114 33030 55174] on M1 is 5.768
[3000 55114 6000 55174] on M1 is 795.198e-3
[3000 55114 9000 55174] on VIA1 is 795.198e-3
[3000 55114 9000 55174] on VIA2 is 791.749e-3
[3000 55114 9000 55174] on VIA3 is 790.024e-3
[3000 55114 9000 55174] on VIA4 is 788.299e-3
[3000 55114 9000 55174] on VIA5 is 786.574e-3
[3000 55114 9000 55174] on VIA6 is 784.85e-3
[3000 55114 9000 55174] on VIA7 is 783.125e-3
[3000 55114 9000 55174] on VIA8 is 781.4e-3
[3000 55114 9000 55174] on VIARDL is 780.94e-3
[3000 55144 9000 58488] on MRDL is 781.829e-3
[3000 58488 9000 61832] on MRDL is 781.829e-3
[3000 58458 9000 58518] on VIARDL is 787.352e-3
[3000 58458 9000 58518] on VIA8 is 787.812e-3
[3000 58458 9000 58518] on VIA7 is 789.539e-3
[3000 58458 9000 58518] on VIA6 is 791.265e-3
[3000 58458 9000 58518] on VIA5 is 792.991e-3
[3000 58458 9000 58518] on VIA4 is 794.717e-3
[3000 58458 9000 58518] on VIA3 is 796.443e-3
[3000 58458 9000 58518] on VIA2 is 798.169e-3
[3000 58458 9000 58518] on VIA1 is 801.621e-3
[6000 58458 33030 58518] on M1 is 5.778
[3000 58458 6000 58518] on M1 is 801.621e-3
[33030 58458 49758 58518] on M1 is 7.073
[31530 58458 34530 58518] on VIA1 is 5.782
[31530 58458 34530 58518] on VIA2 is 5.784
[31530 58458 34530 58518] on VIA3 is 5.786
[31530 58458 34530 58518] on VIA4 is 5.788
[31530 58458 34530 58518] on VIA5 is 5.79
[31530 58458 34530 58518] on VIA6 is 5.792
[31530 58458 34530 58518] on VIA7 is 5.794
[31530 58488 34530 61832] on M8 is 5.812
[31530 61832 34530 65176] on M8 is 5.837
[31530 61802 34530 61862] on VIA7 is 5.812
[31530 61802 34530 61862] on VIA6 is 5.81
[31530 61802 34530 61862] on VIA5 is 5.808
[31530 61802 34530 61862] on VIA4 is 5.806
[31530 61802 34530 61862] on VIA3 is 5.804
[31530 61802 34530 61862] on VIA2 is 5.802
[31530 61802 34530 61862] on VIA1 is 5.8
[33030 61802 49758 61862] on M1 is 7.093
[6000 61802 33030 61862] on M1 is 5.796
[3000 61802 6000 61862] on M1 is 786.608e-3
[3000 61802 9000 61862] on VIA1 is 786.608e-3
[3000 61802 9000 61862] on VIA2 is 783.134e-3
[3000 61802 9000 61862] on VIA3 is 781.396e-3
[3000 61802 9000 61862] on VIA4 is 779.659e-3
[3000 61802 9000 61862] on VIA5 is 777.922e-3
[3000 61802 9000 61862] on VIA6 is 776.184e-3
[3000 61802 9000 61862] on VIA7 is 774.447e-3
[3000 61802 9000 61862] on VIA8 is 772.709e-3
[3000 61802 9000 61862] on VIARDL is 772.246e-3
[3000 61832 9000 65176] on MRDL is 766.687e-3
[3000 65176 9000 65420] on MRDL is 729.855e-3
[3000 65146 9000 65206] on VIARDL is 735.482e-3
[3000 65146 9000 65206] on VIA8 is 735.951e-3
[3000 65146 9000 65206] on VIA7 is 737.71e-3
[3000 65146 9000 65206] on VIA6 is 739.468e-3
[3000 65146 9000 65206] on VIA5 is 741.227e-3
[3000 65146 9000 65206] on VIA4 is 742.985e-3
[3000 65146 9000 65206] on VIA3 is 744.744e-3
[3000 65146 9000 65206] on VIA2 is 746.502e-3
[3000 65146 9000 65206] on VIA1 is 750.019e-3
[6000 65146 33030 65206] on M1 is 5.82
[3000 65146 6000 65206] on M1 is 750.019e-3
[33030 65146 49758 65206] on M1 is 7.117
[31530 65146 34530 65206] on VIA1 is 5.824
[31530 65146 34530 65206] on VIA2 is 5.826
[31530 65146 34530 65206] on VIA3 is 5.828
[31530 65146 34530 65206] on VIA4 is 5.831
[31530 65146 34530 65206] on VIA5 is 5.833
[31530 65146 34530 65206] on VIA6 is 5.835
[31530 65146 34530 65206] on VIA7 is 5.837
[31530 65176 34530 65420] on M8 is 5.839
[31530 65420 34530 68520] on M8 is 5.839
[31530 63920 34530 66920] on VIA8 is 5.839
[33030 63920 49758 66920] on M9 is 7.13
[6000 63920 33030 66920] on M9 is 5.838
[3000 63920 6000 66920] on M9 is 702.003e-3
[3000 63920 9000 66920] on VIARDL is 725.566e-3
[3000 65420 9000 68520] on MRDL is 756.286e-3
[3000 68520 9000 71864] on MRDL is 768.452e-3
[3000 68490 9000 68550] on VIARDL is 761.662e-3
[3000 68490 9000 68550] on VIA8 is 762.11e-3
[3000 68490 9000 68550] on VIA7 is 763.79e-3
[3000 68490 9000 68550] on VIA6 is 765.47e-3
[3000 68490 9000 68550] on VIA5 is 767.15e-3
[3000 68490 9000 68550] on VIA4 is 768.83e-3
[3000 68490 9000 68550] on VIA3 is 770.51e-3
[3000 68490 9000 68550] on VIA2 is 772.19e-3
[3000 68490 9000 68550] on VIA1 is 775.55e-3
[6000 68490 33030 68550] on M1 is 5.619
[3000 68490 6000 68550] on M1 is 775.55e-3
[33030 68490 49758 68550] on M1 is 6.869
[31530 68490 34530 68550] on VIA1 is 5.623
[31530 68490 34530 68550] on VIA2 is 5.625
[31530 68490 34530 68550] on VIA3 is 5.627
[31530 68490 34530 68550] on VIA4 is 5.629
[31530 68490 34530 68550] on VIA5 is 5.631
[31530 68490 34530 68550] on VIA6 is 5.633
[31530 68490 34530 68550] on VIA7 is 5.635
[31530 68520 34530 71864] on M8 is 5.635
[31530 71864 34530 75208] on M8 is 5.422
[31530 71834 34530 71894] on VIA7 is 5.422
[31530 71834 34530 71894] on VIA6 is 5.42
[31530 71834 34530 71894] on VIA5 is 5.418
[31530 71834 34530 71894] on VIA4 is 5.416
[31530 71834 34530 71894] on VIA3 is 5.414
[31530 71834 34530 71894] on VIA2 is 5.412
[31530 71834 34530 71894] on VIA1 is 5.411
[33030 71834 49758 71894] on M1 is 6.605
[6000 71834 33030 71894] on M1 is 5.407
[3000 71834 6000 71894] on M1 is 786.826e-3
[3000 71834 9000 71894] on VIA1 is 786.826e-3
[3000 71834 9000 71894] on VIA2 is 783.621e-3
[3000 71834 9000 71894] on VIA3 is 782.019e-3
[3000 71834 9000 71894] on VIA4 is 780.417e-3
[3000 71834 9000 71894] on VIA5 is 778.814e-3
[3000 71834 9000 71894] on VIA6 is 777.212e-3
[3000 71834 9000 71894] on VIA7 is 775.609e-3
[3000 71834 9000 71894] on VIA8 is 774.007e-3
[3000 71834 9000 71894] on VIARDL is 773.58e-3
[3000 71864 9000 75208] on MRDL is 768.452e-3
[3000 75208 9000 78552] on MRDL is 760.613e-3
[3000 75178 9000 75238] on VIARDL is 765.522e-3
[3000 75178 9000 75238] on VIA8 is 765.931e-3
[3000 75178 9000 75238] on VIA7 is 767.465e-3
[3000 75178 9000 75238] on VIA6 is 768.999e-3
[3000 75178 9000 75238] on VIA5 is 770.533e-3
[3000 75178 9000 75238] on VIA4 is 772.067e-3
[3000 75178 9000 75238] on VIA3 is 773.601e-3
[3000 75178 9000 75238] on VIA2 is 775.135e-3
[3000 75178 9000 75238] on VIA1 is 778.202e-3
[6000 75178 33030 75238] on M1 is 5.201
[3000 75178 6000 75238] on M1 is 778.202e-3
[33030 75178 49758 75238] on M1 is 6.345
[31530 75178 34530 75238] on VIA1 is 5.204
[31530 75178 34530 75238] on VIA2 is 5.206
[31530 75178 34530 75238] on VIA3 is 5.208
[31530 75178 34530 75238] on VIA4 is 5.21
[31530 75178 34530 75238] on VIA5 is 5.212
[31530 75178 34530 75238] on VIA6 is 5.213
[31530 75178 34530 75238] on VIA7 is 5.215
[31530 75208 34530 78552] on M8 is 5.215
[31530 78552 34530 81896] on M8 is 5.015
[31530 78522 34530 78582] on VIA7 is 5.015
[31530 78522 34530 78582] on VIA6 is 5.013
[31530 78522 34530 78582] on VIA5 is 5.012
[31530 78522 34530 78582] on VIA4 is 5.01
[31530 78522 34530 78582] on VIA3 is 5.008
[31530 78522 34530 78582] on VIA2 is 5.006
[31530 78522 34530 78582] on VIA1 is 5.005
[33030 78522 49758 78582] on M1 is 6.09
[6000 78522 33030 78582] on M1 is 5.001
[3000 78522 6000 78582] on M1 is 750.529e-3
[3000 78522 9000 78582] on VIA1 is 750.529e-3
[3000 78522 9000 78582] on VIA2 is 747.58e-3
[3000 78522 9000 78582] on VIA3 is 746.106e-3
[3000 78522 9000 78582] on VIA4 is 744.632e-3
[3000 78522 9000 78582] on VIA5 is 743.157e-3
[3000 78522 9000 78582] on VIA6 is 741.683e-3
[3000 78522 9000 78582] on VIA7 is 740.209e-3
[3000 78522 9000 78582] on VIA8 is 738.735e-3
[3000 78522 9000 78582] on VIARDL is 738.341e-3
[3000 78552 9000 81896] on MRDL is 733.624e-3
[3000 81896 9000 82820] on MRDL is 688.229e-3
[3000 81866 9000 81926] on VIARDL is 692.783e-3
[3000 81866 9000 81926] on VIA8 is 693.162e-3
[3000 81866 9000 81926] on VIA7 is 694.586e-3
[3000 81866 9000 81926] on VIA6 is 696.009e-3
[3000 81866 9000 81926] on VIA5 is 697.432e-3
[3000 81866 9000 81926] on VIA4 is 698.855e-3
[3000 81866 9000 81926] on VIA3 is 700.278e-3
[3000 81866 9000 81926] on VIA2 is 701.701e-3
[3000 81866 9000 81926] on VIA1 is 704.547e-3
[6000 81866 33030 81926] on M1 is 4.807
[3000 81866 6000 81926] on M1 is 704.547e-3
[33030 81866 49758 81926] on M1 is 5.838
[31530 81866 34530 81926] on VIA1 is 4.811
[31530 81866 34530 81926] on VIA2 is 4.813
[31530 81866 34530 81926] on VIA3 is 4.814
[31530 81866 34530 81926] on VIA4 is 4.816
[31530 81866 34530 81926] on VIA5 is 4.818
[31530 81866 34530 81926] on VIA6 is 4.819
[31530 81866 34530 81926] on VIA7 is 4.821
[31530 81896 34530 82820] on M8 is 4.821
[31530 82820 34530 85240] on M8 is 4.769
[31530 81320 34530 84320] on VIA8 is 4.769
[33030 81320 49758 84320] on M9 is 5.778
[6000 81320 33030 84320] on M9 is 4.768
[3000 81320 6000 84320] on M9 is 638.591e-3
[3000 81320 9000 84320] on VIARDL is 670.777e-3
[3000 82820 9000 85240] on MRDL is 715.94e-3
[3000 85240 9000 88584] on MRDL is 762.369e-3
[3000 85210 9000 85270] on VIARDL is 720.036e-3
[3000 85210 9000 85270] on VIA8 is 720.377e-3
[3000 85210 9000 85270] on VIA7 is 721.657e-3
[3000 85210 9000 85270] on VIA6 is 722.937e-3
[3000 85210 9000 85270] on VIA5 is 724.216e-3
[3000 85210 9000 85270] on VIA4 is 725.496e-3
[3000 85210 9000 85270] on VIA3 is 726.776e-3
[3000 85210 9000 85270] on VIA2 is 728.056e-3
[3000 85210 9000 85270] on VIA1 is 730.616e-3
[6000 85210 33030 85270] on M1 is 4.421
[3000 85210 6000 85270] on M1 is 730.616e-3
[33030 85210 49758 85270] on M1 is 5.361
[31530 85210 34530 85270] on VIA1 is 4.424
[31530 85210 34530 85270] on VIA2 is 4.425
[31530 85210 34530 85270] on VIA3 is 4.427
[31530 85210 34530 85270] on VIA4 is 4.428
[31530 85210 34530 85270] on VIA5 is 4.43
[31530 85210 34530 85270] on VIA6 is 4.431
[31530 85210 34530 85270] on VIA7 is 4.433
[31530 85240 34530 88584] on M8 is 4.433
[31530 88584 34530 91928] on M8 is 3.973
[31530 88554 34530 88614] on VIA7 is 3.973
[31530 88554 34530 88614] on VIA6 is 3.972
[31530 88554 34530 88614] on VIA5 is 3.971
[31530 88554 34530 88614] on VIA4 is 3.97
[31530 88554 34530 88614] on VIA3 is 3.968
[31530 88554 34530 88614] on VIA2 is 3.967
[31530 88554 34530 88614] on VIA1 is 3.966
[33030 88554 49758 88614] on M1 is 4.8
[6000 88554 33030 88614] on M1 is 3.963
[3000 88554 6000 88614] on M1 is 775.048e-3
[3000 88554 9000 88614] on VIA1 is 775.048e-3
[3000 88554 9000 88614] on VIA2 is 772.837e-3
[3000 88554 9000 88614] on VIA3 is 771.731e-3
[3000 88554 9000 88614] on VIA4 is 770.625e-3
[3000 88554 9000 88614] on VIA5 is 769.52e-3
[3000 88554 9000 88614] on VIA6 is 768.414e-3
[3000 88554 9000 88614] on VIA7 is 767.308e-3
[3000 88554 9000 88614] on VIA8 is 766.202e-3
[3000 88554 9000 88614] on VIARDL is 765.907e-3
[3000 88584 9000 91928] on MRDL is 794.992e-3
[3000 91928 9000 95272] on MRDL is 815.906e-3
[3000 91898 9000 91958] on VIARDL is 797.994e-3
[3000 91898 9000 91958] on VIA8 is 798.244e-3
[3000 91898 9000 91958] on VIA7 is 799.182e-3
[3000 91898 9000 91958] on VIA6 is 800.12e-3
[3000 91898 9000 91958] on VIA5 is 801.058e-3
[3000 91898 9000 91958] on VIA4 is 801.996e-3
[3000 91898 9000 91958] on VIA3 is 802.934e-3
[3000 91898 9000 91958] on VIA2 is 803.872e-3
[3000 91898 9000 91958] on VIA1 is 805.748e-3
[6000 91898 33030 91958] on M1 is 3.51
[3000 91898 6000 91958] on M1 is 805.748e-3
[33030 91898 49758 91958] on M1 is 4.242
[31530 91898 34530 91958] on VIA1 is 3.512
[31530 91898 34530 91958] on VIA2 is 3.513
[31530 91898 34530 91958] on VIA3 is 3.514
[31530 91898 34530 91958] on VIA4 is 3.516
[31530 91898 34530 91958] on VIA5 is 3.517
[31530 91898 34530 91958] on VIA6 is 3.518
[31530 91898 34530 91958] on VIA7 is 3.519
[31530 91928 34530 95272] on M8 is 3.519
[31530 95272 34530 98616] on M8 is 3.068
[31530 95242 34530 95302] on VIA7 is 3.068
[31530 95242 34530 95302] on VIA6 is 3.067
[31530 95242 34530 95302] on VIA5 is 3.066
[31530 95242 34530 95302] on VIA4 is 3.065
[31530 95242 34530 95302] on VIA3 is 3.064
[31530 95242 34530 95302] on VIA2 is 3.063
[31530 95242 34530 95302] on VIA1 is 3.063
[33030 95242 49758 95302] on M1 is 3.686
[6000 95242 33030 95302] on M1 is 3.061
[3000 95242 6000 95302] on M1 is 824.799e-3
[3000 95242 9000 95302] on VIA1 is 824.799e-3
[3000 95242 9000 95302] on VIA2 is 823.248e-3
[3000 95242 9000 95302] on VIA3 is 822.472e-3
[3000 95242 9000 95302] on VIA4 is 821.697e-3
[3000 95242 9000 95302] on VIA5 is 820.921e-3
[3000 95242 9000 95302] on VIA6 is 820.145e-3
[3000 95242 9000 95302] on VIA7 is 819.37e-3
[3000 95242 9000 95302] on VIA8 is 818.594e-3
[3000 95242 9000 95302] on VIARDL is 818.387e-3
[3000 95272 9000 98616] on MRDL is 827.136e-3
[3000 98616 9000 101960] on MRDL is 830.658e-3
[3000 98586 9000 98646] on VIARDL is 829.112e-3
[3000 98586 9000 98646] on VIA8 is 829.277e-3
[3000 98586 9000 98646] on VIA7 is 829.894e-3
[3000 98586 9000 98646] on VIA6 is 830.512e-3
[3000 98586 9000 98646] on VIA5 is 831.129e-3
[3000 98586 9000 98646] on VIA4 is 831.747e-3
[3000 98586 9000 98646] on VIA3 is 832.364e-3
[3000 98586 9000 98646] on VIA2 is 832.982e-3
[3000 98586 9000 98646] on VIA1 is 834.217e-3
[6000 98586 33030 98646] on M1 is 2.615
[3000 98586 6000 98646] on M1 is 834.217e-3
[33030 98586 49758 98646] on M1 is 3.133
[31530 98586 34530 98646] on VIA1 is 2.616
[31530 98586 34530 98646] on VIA2 is 2.617
[31530 98586 34530 98646] on VIA3 is 2.617
[31530 98586 34530 98646] on VIA4 is 2.618
[31530 98586 34530 98646] on VIA5 is 2.618
[31530 98586 34530 98646] on VIA6 is 2.619
[31530 98586 34530 98646] on VIA7 is 2.62
[31530 98616 34530 101960] on M8 is 2.62
[31530 101960 34530 105304] on M8 is 2.174
[31530 101930 34530 101990] on VIA7 is 2.174
[31530 101930 34530 101990] on VIA6 is 2.174
[31530 101930 34530 101990] on VIA5 is 2.173
[31530 101930 34530 101990] on VIA4 is 2.173
[31530 101930 34530 101990] on VIA3 is 2.172
[31530 101930 34530 101990] on VIA2 is 2.172
[31530 101930 34530 101990] on VIA1 is 2.171
[33030 101930 49758 101990] on M1 is 2.582
[6000 101930 33030 101990] on M1 is 2.17
[3000 101930 6000 101990] on M1 is 835.966e-3
[3000 101930 9000 101990] on VIA1 is 835.966e-3
[3000 101930 9000 101990] on VIA2 is 835.04e-3
[3000 101930 9000 101990] on VIA3 is 834.577e-3
[3000 101930 9000 101990] on VIA4 is 834.114e-3
[3000 101930 9000 101990] on VIA5 is 833.651e-3
[3000 101930 9000 101990] on VIA6 is 833.188e-3
[3000 101930 9000 101990] on VIA7 is 832.726e-3
[3000 101930 9000 101990] on VIA8 is 832.263e-3
[3000 101930 9000 101990] on VIARDL is 832.139e-3
[3000 101960 9000 105304] on MRDL is 830.658e-3
[3000 105304 9000 108648] on MRDL is 828.402e-3
[3000 105274 9000 105334] on VIARDL is 829.396e-3
[3000 105274 9000 105334] on VIA8 is 829.479e-3
[3000 105274 9000 105334] on VIA7 is 829.79e-3
[3000 105274 9000 105334] on VIA6 is 830.101e-3
[3000 105274 9000 105334] on VIA5 is 830.411e-3
[3000 105274 9000 105334] on VIA4 is 830.722e-3
[3000 105274 9000 105334] on VIA3 is 831.033e-3
[3000 105274 9000 105334] on VIA2 is 831.344e-3
[3000 105274 9000 105334] on VIA1 is 831.965e-3
[6000 105274 33030 105334] on M1 is 1.728
[3000 105274 6000 105334] on M1 is 831.965e-3
[33030 105274 49758 105334] on M1 is 2.033
[31530 105274 34530 105334] on VIA1 is 1.729
[31530 105274 34530 105334] on VIA2 is 1.729
[31530 105274 34530 105334] on VIA3 is 1.729
[31530 105274 34530 105334] on VIA4 is 1.729
[31530 105274 34530 105334] on VIA5 is 1.73
[31530 105274 34530 105334] on VIA6 is 1.73
[31530 105274 34530 105334] on VIA7 is 1.73
[31530 105304 34530 108648] on M8 is 1.73
[31530 108648 34530 112648] on M8 is 1.287
[31530 108618 34530 108678] on VIA7 is 1.287
[31530 108618 34530 108678] on VIA6 is 1.287
[31530 108618 34530 108678] on VIA5 is 1.287
[31530 108618 34530 108678] on VIA4 is 1.287
[31530 108618 34530 108678] on VIA3 is 1.287
[31530 108618 34530 108678] on VIA2 is 1.287
[31530 108618 34530 108678] on VIA1 is 1.287
[33030 108618 49758 108678] on M1 is 1.485
[6000 108618 33030 108678] on M1 is 1.286
[3000 108618 6000 108678] on M1 is 824.105e-3
[3000 108618 9000 108678] on VIA1 is 824.105e-3
[3000 108618 9000 108678] on VIA2 is 823.784e-3
[3000 108618 9000 108678] on VIA3 is 823.623e-3
[3000 108618 9000 108678] on VIA4 is 823.463e-3
[3000 108618 9000 108678] on VIA5 is 823.303e-3
[3000 108618 9000 108678] on VIA6 is 823.142e-3
[3000 108618 9000 108678] on VIA7 is 822.982e-3
[3000 108618 9000 108678] on VIA8 is 822.822e-3
[3000 108618 9000 108678] on VIARDL is 822.779e-3
[3000 108648 9000 112648] on MRDL is 822.266e-3
[3000 112648 9000 115648] on MRDL is 812.531e-3
[3000 109648 9000 115648] on VIARDL is 812.531e-3
[6000 109648 33030 115648] on M9 is 810.446e-3
[3000 109648 6000 115648] on M9 is 810.446e-3
[33030 109648 49758 115648] on M9 is 830.394e-3
[31530 109648 34530 115648] on VIA8 is 757.822e-3
[31530 112648 34530 115648] on M8 is 757.775e-3
[49758 109648 66486 115648] on M9 is 834.368e-3
[48258 109648 51258 115648] on VIA8 is 830.424e-3
[48258 108648 51258 112648] on M8 is 1.486
[48258 112648 51258 115648] on M8 is 830.424e-3
[48258 105304 51258 108648] on M8 is 2.036
[48258 108618 51258 108678] on VIA7 is 1.486
[48258 108618 51258 108678] on VIA6 is 1.486
[48258 108618 51258 108678] on VIA5 is 1.486
[48258 108618 51258 108678] on VIA4 is 1.486
[48258 108618 51258 108678] on VIA3 is 1.486
[48258 108618 51258 108678] on VIA2 is 1.485
[48258 108618 51258 108678] on VIA1 is 1.485
[49758 108618 66486 108678] on M1 is 1.494
[66486 108618 83214 108678] on M1 is 1.494
[64986 108618 67986 108678] on VIA1 is 1.495
[64986 108618 67986 108678] on VIA2 is 1.495
[64986 108618 67986 108678] on VIA3 is 1.495
[64986 108618 67986 108678] on VIA4 is 1.495
[64986 108618 67986 108678] on VIA5 is 1.495
[64986 108618 67986 108678] on VIA6 is 1.496
[64986 108618 67986 108678] on VIA7 is 1.496
[64986 105304 67986 108648] on M8 is 2.05
[64986 108648 67986 112648] on M8 is 1.496
[64986 112648 67986 115648] on M8 is 834.399e-3
[64986 109648 67986 115648] on VIA8 is 834.399e-3
[66486 109648 83214 115648] on M9 is 834.368e-3
[83214 109648 113864 115648] on M9 is 795.155e-3
[81714 109648 84714 115648] on VIA8 is 768.898e-3
[81714 108648 84714 112648] on M8 is 1.317
[81714 112648 84714 115648] on M8 is 768.862e-3
[81714 105304 84714 108648] on M8 is 1.776
[81714 108618 84714 108678] on VIA7 is 1.317
[81714 108618 84714 108678] on VIA6 is 1.317
[81714 108618 84714 108678] on VIA5 is 1.317
[81714 108618 84714 108678] on VIA4 is 1.317
[81714 108618 84714 108678] on VIA3 is 1.317
[81714 108618 84714 108678] on VIA2 is 1.317
[81714 108618 84714 108678] on VIA1 is 1.317
[83214 108618 113864 108678] on M1 is 1.316
[113864 108618 116864 108678] on M1 is 802.16e-3
[110864 108618 116864 108678] on VIA1 is 802.16e-3
[110864 108618 116864 108678] on VIA2 is 801.845e-3
[110864 108618 116864 108678] on VIA3 is 801.688e-3
[110864 108618 116864 108678] on VIA4 is 801.531e-3
[110864 108618 116864 108678] on VIA5 is 801.373e-3
[110864 108618 116864 108678] on VIA6 is 801.216e-3
[110864 108618 116864 108678] on VIA7 is 801.059e-3
[110864 108618 116864 108678] on VIA8 is 800.902e-3
[110864 108618 116864 108678] on VIARDL is 800.86e-3
[110864 105304 116864 108648] on MRDL is 801.973e-3
[110864 108648 116864 112648] on MRDL is 800.356e-3
[110864 112648 116864 115648] on MRDL is 796.073e-3
[110864 109648 116864 115648] on VIARDL is 796.073e-3
[113864 109648 116864 115648] on M9 is 795.155e-3
[110864 101960 116864 105304] on MRDL is 801.973e-3
[110864 105274 116864 105334] on VIARDL is 802.921e-3
[110864 105274 116864 105334] on VIA8 is 803e-3
[110864 105274 116864 105334] on VIA7 is 803.297e-3
[110864 105274 116864 105334] on VIA6 is 803.593e-3
[110864 105274 116864 105334] on VIA5 is 803.889e-3
[110864 105274 116864 105334] on VIA4 is 804.186e-3
[110864 105274 116864 105334] on VIA3 is 804.482e-3
[110864 105274 116864 105334] on VIA2 is 804.778e-3
[110864 105274 116864 105334] on VIA1 is 805.371e-3
[113864 105274 116864 105334] on M1 is 805.371e-3
[83214 105274 113864 105334] on M1 is 1.774
[66486 105274 83214 105334] on M1 is 2.047
[81714 105274 84714 105334] on VIA1 is 1.775
[81714 105274 84714 105334] on VIA2 is 1.775
[81714 105274 84714 105334] on VIA3 is 1.775
[81714 105274 84714 105334] on VIA4 is 1.776
[81714 105274 84714 105334] on VIA5 is 1.776
[81714 105274 84714 105334] on VIA6 is 1.776
[81714 105274 84714 105334] on VIA7 is 1.776
[81714 101960 84714 105304] on M8 is 2.236
[81714 98616 84714 101960] on M8 is 2.698
[81714 101930 84714 101990] on VIA7 is 2.236
[81714 101930 84714 101990] on VIA6 is 2.236
[81714 101930 84714 101990] on VIA5 is 2.236
[81714 101930 84714 101990] on VIA4 is 2.235
[81714 101930 84714 101990] on VIA3 is 2.235
[81714 101930 84714 101990] on VIA2 is 2.234
[81714 101930 84714 101990] on VIA1 is 2.234
[83214 101930 113864 101990] on M1 is 2.233
[66486 101930 83214 101990] on M1 is 2.601
[49758 101930 66486 101990] on M1 is 2.601
[64986 101930 67986 101990] on VIA1 is 2.602
[64986 101930 67986 101990] on VIA2 is 2.602
[64986 101930 67986 101990] on VIA3 is 2.603
[64986 101930 67986 101990] on VIA4 is 2.603
[64986 101930 67986 101990] on VIA5 is 2.604
[64986 101930 67986 101990] on VIA6 is 2.604
[64986 101930 67986 101990] on VIA7 is 2.604
[64986 98616 67986 101960] on M8 is 3.161
[64986 101960 67986 105304] on M8 is 2.604
[64986 105274 67986 105334] on VIA7 is 2.05
[64986 105274 67986 105334] on VIA6 is 2.049
[64986 105274 67986 105334] on VIA5 is 2.049
[64986 105274 67986 105334] on VIA4 is 2.049
[64986 105274 67986 105334] on VIA3 is 2.048
[64986 105274 67986 105334] on VIA2 is 2.048
[64986 105274 67986 105334] on VIA1 is 2.048
[49758 105274 66486 105334] on M1 is 2.047
[48258 105274 51258 105334] on VIA1 is 2.034
[48258 105274 51258 105334] on VIA2 is 2.034
[48258 105274 51258 105334] on VIA3 is 2.034
[48258 105274 51258 105334] on VIA4 is 2.035
[48258 105274 51258 105334] on VIA5 is 2.035
[48258 105274 51258 105334] on VIA6 is 2.035
[48258 105274 51258 105334] on VIA7 is 2.036
[48258 101960 51258 105304] on M8 is 2.586
[48258 98616 51258 101960] on M8 is 3.138
[48258 101930 51258 101990] on VIA7 is 2.586
[48258 101930 51258 101990] on VIA6 is 2.585
[48258 101930 51258 101990] on VIA5 is 2.585
[48258 101930 51258 101990] on VIA4 is 2.585
[48258 101930 51258 101990] on VIA3 is 2.584
[48258 101930 51258 101990] on VIA2 is 2.584
[48258 101930 51258 101990] on VIA1 is 2.583
[48258 95272 51258 98616] on M8 is 3.692
[48258 98586 51258 98646] on VIA7 is 3.138
[48258 98586 51258 98646] on VIA6 is 3.137
[48258 98586 51258 98646] on VIA5 is 3.137
[48258 98586 51258 98646] on VIA4 is 3.136
[48258 98586 51258 98646] on VIA3 is 3.136
[48258 98586 51258 98646] on VIA2 is 3.135
[48258 98586 51258 98646] on VIA1 is 3.134
[49758 98586 66486 98646] on M1 is 3.156
[66486 98586 83214 98646] on M1 is 3.156
[64986 98586 67986 98646] on VIA1 is 3.158
[64986 98586 67986 98646] on VIA2 is 3.158
[64986 98586 67986 98646] on VIA3 is 3.159
[64986 98586 67986 98646] on VIA4 is 3.159
[64986 98586 67986 98646] on VIA5 is 3.16
[64986 98586 67986 98646] on VIA6 is 3.16
[64986 98586 67986 98646] on VIA7 is 3.161
[64986 95272 67986 98616] on M8 is 3.719
[64986 91928 67986 95272] on M8 is 4.28
[64986 95242 67986 95302] on VIA7 is 3.719
[64986 95242 67986 95302] on VIA6 is 3.718
[64986 95242 67986 95302] on VIA5 is 3.718
[64986 95242 67986 95302] on VIA4 is 3.717
[64986 95242 67986 95302] on VIA3 is 3.716
[64986 95242 67986 95302] on VIA2 is 3.716
[64986 95242 67986 95302] on VIA1 is 3.715
[66486 95242 83214 95302] on M1 is 3.714
[49758 95242 66486 95302] on M1 is 3.714
[48258 95242 51258 95302] on VIA1 is 3.688
[48258 95242 51258 95302] on VIA2 is 3.688
[48258 95242 51258 95302] on VIA3 is 3.689
[48258 95242 51258 95302] on VIA4 is 3.69
[48258 95242 51258 95302] on VIA5 is 3.69
[48258 95242 51258 95302] on VIA6 is 3.691
[48258 95242 51258 95302] on VIA7 is 3.692
[48258 91928 51258 95272] on M8 is 4.248
[48258 88584 51258 91928] on M8 is 4.807
[48258 91898 51258 91958] on VIA7 is 4.248
[48258 91898 51258 91958] on VIA6 is 4.247
[48258 91898 51258 91958] on VIA5 is 4.246
[48258 91898 51258 91958] on VIA4 is 4.246
[48258 91898 51258 91958] on VIA3 is 4.245
[48258 91898 51258 91958] on VIA2 is 4.244
[48258 91898 51258 91958] on VIA1 is 4.243
[49758 91898 66486 91958] on M1 is 4.274
[66486 91898 83214 91958] on M1 is 4.274
[64986 91898 67986 91958] on VIA1 is 4.275
[64986 91898 67986 91958] on VIA2 is 4.276
[64986 91898 67986 91958] on VIA3 is 4.277
[64986 91898 67986 91958] on VIA4 is 4.278
[64986 91898 67986 91958] on VIA5 is 4.278
[64986 91898 67986 91958] on VIA6 is 4.279
[64986 91898 67986 91958] on VIA7 is 4.28
[64986 88584 67986 91928] on M8 is 4.843
[64986 85240 67986 88584] on M8 is 5.41
[64986 88554 67986 88614] on VIA7 is 4.843
[64986 88554 67986 88614] on VIA6 is 4.842
[64986 88554 67986 88614] on VIA5 is 4.841
[64986 88554 67986 88614] on VIA4 is 4.841
[64986 88554 67986 88614] on VIA3 is 4.84
[64986 88554 67986 88614] on VIA2 is 4.839
[64986 88554 67986 88614] on VIA1 is 4.838
[66486 88554 83214 88614] on M1 is 4.836
[49758 88554 66486 88614] on M1 is 4.836
[48258 88554 51258 88614] on VIA1 is 4.802
[48258 88554 51258 88614] on VIA2 is 4.803
[48258 88554 51258 88614] on VIA3 is 4.803
[48258 88554 51258 88614] on VIA4 is 4.804
[48258 88554 51258 88614] on VIA5 is 4.805
[48258 88554 51258 88614] on VIA6 is 4.806
[48258 88554 51258 88614] on VIA7 is 4.807
[48258 85240 51258 88584] on M8 is 5.369
[48258 82820 51258 85240] on M8 is 5.779
[48258 85210 51258 85270] on VIA7 is 5.369
[48258 85210 51258 85270] on VIA6 is 5.368
[48258 85210 51258 85270] on VIA5 is 5.367
[48258 85210 51258 85270] on VIA4 is 5.366
[48258 85210 51258 85270] on VIA3 is 5.365
[48258 85210 51258 85270] on VIA2 is 5.364
[48258 85210 51258 85270] on VIA1 is 5.363
[49758 85210 66486 85270] on M1 is 5.402
[66486 85210 83214 85270] on M1 is 5.402
[64986 85210 67986 85270] on VIA1 is 5.404
[64986 85210 67986 85270] on VIA2 is 5.405
[64986 85210 67986 85270] on VIA3 is 5.406
[64986 85210 67986 85270] on VIA4 is 5.407
[64986 85210 67986 85270] on VIA5 is 5.408
[64986 85210 67986 85270] on VIA6 is 5.409
[64986 85210 67986 85270] on VIA7 is 5.41
[64986 82820 67986 85240] on M8 is 5.822
[64986 81896 67986 82820] on M8 is 5.892
[64986 81320 67986 84320] on VIA8 is 5.822
[66486 81320 83214 84320] on M9 is 5.822
[49758 81320 66486 84320] on M9 is 5.822
[48258 81320 51258 84320] on VIA8 is 5.779
[48258 81896 51258 82820] on M8 is 5.847
[48258 78552 51258 81896] on M8 is 6.099
[48258 81866 51258 81926] on VIA7 is 5.847
[48258 81866 51258 81926] on VIA6 is 5.846
[48258 81866 51258 81926] on VIA5 is 5.845
[48258 81866 51258 81926] on VIA4 is 5.844
[48258 81866 51258 81926] on VIA3 is 5.843
[48258 81866 51258 81926] on VIA2 is 5.842
[48258 81866 51258 81926] on VIA1 is 5.841
[49758 81866 66486 81926] on M1 is 5.883
[66486 81866 83214 81926] on M1 is 5.883
[64986 81866 67986 81926] on VIA1 is 5.885
[64986 81866 67986 81926] on VIA2 is 5.886
[64986 81866 67986 81926] on VIA3 is 5.887
[64986 81866 67986 81926] on VIA4 is 5.888
[64986 81866 67986 81926] on VIA5 is 5.889
[64986 81866 67986 81926] on VIA6 is 5.89
[64986 81866 67986 81926] on VIA7 is 5.892
[64986 78552 67986 81896] on M8 is 6.146
[64986 75208 67986 78552] on M8 is 6.404
[64986 78522 67986 78582] on VIA7 is 6.146
[64986 78522 67986 78582] on VIA6 is 6.145
[64986 78522 67986 78582] on VIA5 is 6.144
[64986 78522 67986 78582] on VIA4 is 6.142
[64986 78522 67986 78582] on VIA3 is 6.141
[64986 78522 67986 78582] on VIA2 is 6.14
[64986 78522 67986 78582] on VIA1 is 6.139
[66486 78522 83214 78582] on M1 is 6.137
[49758 78522 66486 78582] on M1 is 6.137
[48258 78522 51258 78582] on VIA1 is 6.092
[48258 78522 51258 78582] on VIA2 is 6.093
[48258 78522 51258 78582] on VIA3 is 6.094
[48258 78522 51258 78582] on VIA4 is 6.095
[48258 78522 51258 78582] on VIA5 is 6.097
[48258 78522 51258 78582] on VIA6 is 6.098
[48258 78522 51258 78582] on VIA7 is 6.099
[48258 75208 51258 78552] on M8 is 6.355
[48258 71864 51258 75208] on M8 is 6.615
[48258 75178 51258 75238] on VIA7 is 6.355
[48258 75178 51258 75238] on VIA6 is 6.354
[48258 75178 51258 75238] on VIA5 is 6.352
[48258 75178 51258 75238] on VIA4 is 6.351
[48258 75178 51258 75238] on VIA3 is 6.35
[48258 75178 51258 75238] on VIA2 is 6.349
[48258 75178 51258 75238] on VIA1 is 6.348
[49758 75178 66486 75238] on M1 is 6.395
[66486 75178 83214 75238] on M1 is 6.395
[64986 75178 67986 75238] on VIA1 is 6.397
[64986 75178 67986 75238] on VIA2 is 6.398
[64986 75178 67986 75238] on VIA3 is 6.399
[64986 75178 67986 75238] on VIA4 is 6.401
[64986 75178 67986 75238] on VIA5 is 6.402
[64986 75178 67986 75238] on VIA6 is 6.403
[64986 75178 67986 75238] on VIA7 is 6.404
[64986 71864 67986 75208] on M8 is 6.667
[64986 68520 67986 71864] on M8 is 6.934
[64986 71834 67986 71894] on VIA7 is 6.667
[64986 71834 67986 71894] on VIA6 is 6.666
[64986 71834 67986 71894] on VIA5 is 6.664
[64986 71834 67986 71894] on VIA4 is 6.663
[64986 71834 67986 71894] on VIA3 is 6.662
[64986 71834 67986 71894] on VIA2 is 6.661
[64986 71834 67986 71894] on VIA1 is 6.659
[66486 71834 83214 71894] on M1 is 6.657
[49758 71834 66486 71894] on M1 is 6.657
[48258 71834 51258 71894] on VIA1 is 6.608
[48258 71834 51258 71894] on VIA2 is 6.609
[48258 71834 51258 71894] on VIA3 is 6.61
[48258 71834 51258 71894] on VIA4 is 6.611
[48258 71834 51258 71894] on VIA5 is 6.613
[48258 71834 51258 71894] on VIA6 is 6.614
[48258 71834 51258 71894] on VIA7 is 6.615
[48258 68520 51258 71864] on M8 is 6.88
[48258 65420 51258 68520] on M8 is 7.13
[48258 68490 51258 68550] on VIA7 is 6.88
[48258 68490 51258 68550] on VIA6 is 6.879
[48258 68490 51258 68550] on VIA5 is 6.877
[48258 68490 51258 68550] on VIA4 is 6.876
[48258 68490 51258 68550] on VIA3 is 6.875
[48258 68490 51258 68550] on VIA2 is 6.873
[48258 68490 51258 68550] on VIA1 is 6.872
[49758 68490 66486 68550] on M1 is 6.924
[66486 68490 83214 68550] on M1 is 6.924
[64986 68490 67986 68550] on VIA1 is 6.926
[64986 68490 67986 68550] on VIA2 is 6.927
[64986 68490 67986 68550] on VIA3 is 6.929
[64986 68490 67986 68550] on VIA4 is 6.93
[64986 68490 67986 68550] on VIA5 is 6.931
[64986 68490 67986 68550] on VIA6 is 6.933
[64986 68490 67986 68550] on VIA7 is 6.934
[64986 65420 67986 68520] on M8 is 7.186
[64986 65176 67986 65420] on M8 is 7.186
[64986 63920 67986 66920] on VIA8 is 7.186
[66486 63920 83214 66920] on M9 is 7.185
[49758 63920 66486 66920] on M9 is 7.185
[48258 63920 51258 66920] on VIA8 is 7.13
[48258 65176 51258 65420] on M8 is 7.13
[48258 61832 51258 65176] on M8 is 7.128
[48258 65146 51258 65206] on VIA7 is 7.128
[48258 65146 51258 65206] on VIA6 is 7.127
[48258 65146 51258 65206] on VIA5 is 7.125
[48258 65146 51258 65206] on VIA4 is 7.124
[48258 65146 51258 65206] on VIA3 is 7.122
[48258 65146 51258 65206] on VIA2 is 7.121
[48258 65146 51258 65206] on VIA1 is 7.12
[49758 65146 66486 65206] on M1 is 7.173
[66486 65146 83214 65206] on M1 is 7.173
[64986 65146 67986 65206] on VIA1 is 7.176
[64986 65146 67986 65206] on VIA2 is 7.177
[64986 65146 67986 65206] on VIA3 is 7.178
[64986 65146 67986 65206] on VIA4 is 7.18
[64986 65146 67986 65206] on VIA5 is 7.181
[64986 65146 67986 65206] on VIA6 is 7.183
[64986 65146 67986 65206] on VIA7 is 7.184
[64986 61832 67986 65176] on M8 is 7.184
[64986 58488 67986 61832] on M8 is 7.16
[64986 61802 67986 61862] on VIA7 is 7.16
[64986 61802 67986 61862] on VIA6 is 7.158
[64986 61802 67986 61862] on VIA5 is 7.157
[64986 61802 67986 61862] on VIA4 is 7.156
[64986 61802 67986 61862] on VIA3 is 7.154
[64986 61802 67986 61862] on VIA2 is 7.153
[64986 61802 67986 61862] on VIA1 is 7.152
[66486 61802 83214 61862] on M1 is 7.149
[49758 61802 66486 61862] on M1 is 7.149
[48258 61802 51258 61862] on VIA1 is 7.095
[48258 61802 51258 61862] on VIA2 is 7.097
[48258 61802 51258 61862] on VIA3 is 7.098
[48258 61802 51258 61862] on VIA4 is 7.1
[48258 61802 51258 61862] on VIA5 is 7.101
[48258 61802 51258 61862] on VIA6 is 7.102
[48258 61802 51258 61862] on VIA7 is 7.104
[48258 58488 51258 61832] on M8 is 7.104
[48258 55144 51258 58488] on M8 is 7.085
[48258 58458 51258 58518] on VIA7 is 7.085
[48258 58458 51258 58518] on VIA6 is 7.083
[48258 58458 51258 58518] on VIA5 is 7.082
[48258 58458 51258 58518] on VIA4 is 7.08
[48258 58458 51258 58518] on VIA3 is 7.079
[48258 58458 51258 58518] on VIA2 is 7.078
[48258 58458 51258 58518] on VIA1 is 7.076
[49758 58458 66486 58518] on M1 is 7.13
[66486 58458 83214 58518] on M1 is 7.13
[64986 58458 67986 58518] on VIA1 is 7.132
[64986 58458 67986 58518] on VIA2 is 7.134
[64986 58458 67986 58518] on VIA3 is 7.135
[64986 58458 67986 58518] on VIA4 is 7.136
[64986 58458 67986 58518] on VIA5 is 7.138
[64986 58458 67986 58518] on VIA6 is 7.139
[64986 58458 67986 58518] on VIA7 is 7.14
[64986 55144 67986 58488] on M8 is 7.14
[64986 51800 67986 55144] on M8 is 7.126
[64986 55114 67986 55174] on VIA7 is 7.126
[64986 55114 67986 55174] on VIA6 is 7.125
[64986 55114 67986 55174] on VIA5 is 7.123
[64986 55114 67986 55174] on VIA4 is 7.122
[64986 55114 67986 55174] on VIA3 is 7.12
[64986 55114 67986 55174] on VIA2 is 7.119
[64986 55114 67986 55174] on VIA1 is 7.118
[66486 55114 83214 55174] on M1 is 7.115
[49758 55114 66486 55174] on M1 is 7.115
[48258 55114 51258 55174] on VIA1 is 7.062
[48258 55114 51258 55174] on VIA2 is 7.063
[48258 55114 51258 55174] on VIA3 is 7.065
[48258 55114 51258 55174] on VIA4 is 7.066
[48258 55114 51258 55174] on VIA5 is 7.067
[48258 55114 51258 55174] on VIA6 is 7.069
[48258 55114 51258 55174] on VIA7 is 7.07
[48258 51800 51258 55144] on M8 is 7.07
[48258 49760 51258 51800] on M8 is 7.061
[48258 51770 51258 51830] on VIA7 is 7.061
[48258 51770 51258 51830] on VIA6 is 7.06
[48258 51770 51258 51830] on VIA5 is 7.058
[48258 51770 51258 51830] on VIA4 is 7.057
[48258 51770 51258 51830] on VIA3 is 7.055
[48258 51770 51258 51830] on VIA2 is 7.054
[48258 51770 51258 51830] on VIA1 is 7.053
[49758 51770 66486 51830] on M1 is 7.105
[66486 51770 83214 51830] on M1 is 7.105
[64986 51770 67986 51830] on VIA1 is 7.108
[64986 51770 67986 51830] on VIA2 is 7.11
[64986 51770 67986 51830] on VIA3 is 7.111
[64986 51770 67986 51830] on VIA4 is 7.112
[64986 51770 67986 51830] on VIA5 is 7.114
[64986 51770 67986 51830] on VIA6 is 7.115
[64986 51770 67986 51830] on VIA7 is 7.116
[64986 49760 67986 51800] on M8 is 7.116
[64986 48456 67986 49760] on M8 is 7.113
[64986 48260 67986 51260] on VIA8 is 7.113
[66486 48260 83214 51260] on M9 is 7.113
[49758 48260 66486 51260] on M9 is 7.113
[48258 48260 51258 51260] on VIA8 is 7.058
[48258 48456 51258 49760] on M8 is 7.058
[48258 45112 51258 48456] on M8 is 6.939
[48258 48426 51258 48486] on VIA7 is 6.939
[48258 48426 51258 48486] on VIA6 is 6.938
[48258 48426 51258 48486] on VIA5 is 6.937
[48258 48426 51258 48486] on VIA4 is 6.935
[48258 48426 51258 48486] on VIA3 is 6.934
[48258 48426 51258 48486] on VIA2 is 6.933
[48258 48426 51258 48486] on VIA1 is 6.931
[49758 48426 66486 48486] on M1 is 6.983
[66486 48426 83214 48486] on M1 is 6.983
[64986 48426 67986 48486] on VIA1 is 6.986
[64986 48426 67986 48486] on VIA2 is 6.987
[64986 48426 67986 48486] on VIA3 is 6.988
[64986 48426 67986 48486] on VIA4 is 6.99
[64986 48426 67986 48486] on VIA5 is 6.991
[64986 48426 67986 48486] on VIA6 is 6.992
[64986 48426 67986 48486] on VIA7 is 6.994
[64986 45112 67986 48456] on M8 is 6.994
[64986 41768 67986 45112] on M8 is 6.692
[64986 45082 67986 45142] on VIA7 is 6.692
[64986 45082 67986 45142] on VIA6 is 6.69
[64986 45082 67986 45142] on VIA5 is 6.689
[64986 45082 67986 45142] on VIA4 is 6.688
[64986 45082 67986 45142] on VIA3 is 6.687
[64986 45082 67986 45142] on VIA2 is 6.685
[64986 45082 67986 45142] on VIA1 is 6.684
[66486 45082 83214 45142] on M1 is 6.682
[49758 45082 66486 45142] on M1 is 6.682
[48258 45082 51258 45142] on VIA1 is 6.632
[48258 45082 51258 45142] on VIA2 is 6.634
[48258 45082 51258 45142] on VIA3 is 6.635
[48258 45082 51258 45142] on VIA4 is 6.636
[48258 45082 51258 45142] on VIA5 is 6.637
[48258 45082 51258 45142] on VIA6 is 6.639
[48258 45082 51258 45142] on VIA7 is 6.64
[48258 41768 51258 45112] on M8 is 6.64
[48258 38424 51258 41768] on M8 is 6.345
[48258 41738 51258 41798] on VIA7 is 6.345
[48258 41738 51258 41798] on VIA6 is 6.344
[48258 41738 51258 41798] on VIA5 is 6.343
[48258 41738 51258 41798] on VIA4 is 6.341
[48258 41738 51258 41798] on VIA3 is 6.34
[48258 41738 51258 41798] on VIA2 is 6.339
[48258 41738 51258 41798] on VIA1 is 6.338
[49758 41738 66486 41798] on M1 is 6.384
[66486 41738 83214 41798] on M1 is 6.384
[64986 41738 67986 41798] on VIA1 is 6.387
[64986 41738 67986 41798] on VIA2 is 6.388
[64986 41738 67986 41798] on VIA3 is 6.389
[64986 41738 67986 41798] on VIA4 is 6.39
[64986 41738 67986 41798] on VIA5 is 6.392
[64986 41738 67986 41798] on VIA6 is 6.393
[64986 41738 67986 41798] on VIA7 is 6.394
[64986 38424 67986 41768] on M8 is 6.394
[64986 35080 67986 38424] on M8 is 6.101
[64986 38394 67986 38454] on VIA7 is 6.101
[64986 38394 67986 38454] on VIA6 is 6.1
[64986 38394 67986 38454] on VIA5 is 6.098
[64986 38394 67986 38454] on VIA4 is 6.097
[64986 38394 67986 38454] on VIA3 is 6.096
[64986 38394 67986 38454] on VIA2 is 6.095
[64986 38394 67986 38454] on VIA1 is 6.094
[66486 38394 83214 38454] on M1 is 6.092
[49758 38394 66486 38454] on M1 is 6.092
[48258 38394 51258 38454] on VIA1 is 6.047
[48258 38394 51258 38454] on VIA2 is 6.049
[48258 38394 51258 38454] on VIA3 is 6.05
[48258 38394 51258 38454] on VIA4 is 6.051
[48258 38394 51258 38454] on VIA5 is 6.052
[48258 38394 51258 38454] on VIA6 is 6.053
[48258 38394 51258 38454] on VIA7 is 6.054
[48258 35080 51258 38424] on M8 is 6.054
[48258 32360 51258 35080] on M8 is 5.768
[48258 35050 51258 35110] on VIA7 is 5.768
[48258 35050 51258 35110] on VIA6 is 5.767
[48258 35050 51258 35110] on VIA5 is 5.766
[48258 35050 51258 35110] on VIA4 is 5.765
[48258 35050 51258 35110] on VIA3 is 5.764
[48258 35050 51258 35110] on VIA2 is 5.763
[48258 35050 51258 35110] on VIA1 is 5.761
[49758 35050 66486 35110] on M1 is 5.803
[66486 35050 83214 35110] on M1 is 5.803
[64986 35050 67986 35110] on VIA1 is 5.805
[64986 35050 67986 35110] on VIA2 is 5.806
[64986 35050 67986 35110] on VIA3 is 5.807
[64986 35050 67986 35110] on VIA4 is 5.808
[64986 35050 67986 35110] on VIA5 is 5.809
[64986 35050 67986 35110] on VIA6 is 5.81
[64986 35050 67986 35110] on VIA7 is 5.811
[64986 32360 67986 35080] on M8 is 5.811
[64986 31736 67986 32360] on M8 is 5.579
[64986 30860 67986 33860] on VIA8 is 5.579
[66486 30860 83214 33860] on M9 is 5.579
[49758 30860 66486 33860] on M9 is 5.579
[48258 30860 51258 33860] on VIA8 is 5.538
[48258 31736 51258 32360] on M8 is 5.538
[48258 28392 51258 31736] on M8 is 5.425
[48258 31706 51258 31766] on VIA7 is 5.425
[48258 31706 51258 31766] on VIA6 is 5.424
[48258 31706 51258 31766] on VIA5 is 5.423
[48258 31706 51258 31766] on VIA4 is 5.422
[48258 31706 51258 31766] on VIA3 is 5.421
[48258 31706 51258 31766] on VIA2 is 5.42
[48258 31706 51258 31766] on VIA1 is 5.419
[49758 31706 66486 31766] on M1 is 5.458
[66486 31706 83214 31766] on M1 is 5.458
[64986 31706 67986 31766] on VIA1 is 5.46
[64986 31706 67986 31766] on VIA2 is 5.461
[64986 31706 67986 31766] on VIA3 is 5.462
[64986 31706 67986 31766] on VIA4 is 5.463
[64986 31706 67986 31766] on VIA5 is 5.464
[64986 31706 67986 31766] on VIA6 is 5.465
[64986 31706 67986 31766] on VIA7 is 5.466
[64986 28392 67986 31736] on M8 is 5.466
[64986 25048 67986 28392] on M8 is 4.861
[64986 28362 67986 28422] on VIA7 is 4.861
[64986 28362 67986 28422] on VIA6 is 4.86
[64986 28362 67986 28422] on VIA5 is 4.859
[64986 28362 67986 28422] on VIA4 is 4.858
[64986 28362 67986 28422] on VIA3 is 4.857
[64986 28362 67986 28422] on VIA2 is 4.856
[64986 28362 67986 28422] on VIA1 is 4.855
[66486 28362 83214 28422] on M1 is 4.854
[49758 28362 66486 28422] on M1 is 4.854
[48258 28362 51258 28422] on VIA1 is 4.82
[48258 28362 51258 28422] on VIA2 is 4.82
[48258 28362 51258 28422] on VIA3 is 4.821
[48258 28362 51258 28422] on VIA4 is 4.822
[48258 28362 51258 28422] on VIA5 is 4.823
[48258 28362 51258 28422] on VIA6 is 4.824
[48258 28362 51258 28422] on VIA7 is 4.825
[48258 25048 51258 28392] on M8 is 4.825
[48258 21704 51258 25048] on M8 is 4.228
[48258 25018 51258 25078] on VIA7 is 4.228
[48258 25018 51258 25078] on VIA6 is 4.227
[48258 25018 51258 25078] on VIA5 is 4.226
[48258 25018 51258 25078] on VIA4 is 4.225
[48258 25018 51258 25078] on VIA3 is 4.225
[48258 25018 51258 25078] on VIA2 is 4.224
[48258 25018 51258 25078] on VIA1 is 4.223
[49758 25018 66486 25078] on M1 is 4.253
[66486 25018 83214 25078] on M1 is 4.253
[64986 25018 67986 25078] on VIA1 is 4.254
[64986 25018 67986 25078] on VIA2 is 4.255
[64986 25018 67986 25078] on VIA3 is 4.256
[64986 25018 67986 25078] on VIA4 is 4.257
[64986 25018 67986 25078] on VIA5 is 4.257
[64986 25018 67986 25078] on VIA6 is 4.258
[64986 25018 67986 25078] on VIA7 is 4.259
[64986 21704 67986 25048] on M8 is 4.259
[64986 18360 67986 21704] on M8 is 3.66
[64986 21674 67986 21734] on VIA7 is 3.66
[64986 21674 67986 21734] on VIA6 is 3.659
[64986 21674 67986 21734] on VIA5 is 3.658
[64986 21674 67986 21734] on VIA4 is 3.658
[64986 21674 67986 21734] on VIA3 is 3.657
[64986 21674 67986 21734] on VIA2 is 3.656
[64986 21674 67986 21734] on VIA1 is 3.656
[66486 21674 83214 21734] on M1 is 3.655
[49758 21674 66486 21734] on M1 is 3.655
[48258 21674 51258 21734] on VIA1 is 3.629
[48258 21674 51258 21734] on VIA2 is 3.63
[48258 21674 51258 21734] on VIA3 is 3.631
[48258 21674 51258 21734] on VIA4 is 3.631
[48258 21674 51258 21734] on VIA5 is 3.632
[48258 21674 51258 21734] on VIA6 is 3.632
[48258 21674 51258 21734] on VIA7 is 3.633
[48258 18360 51258 21704] on M8 is 3.633
[48258 15016 51258 18360] on M8 is 3.041
[48258 18330 51258 18390] on VIA7 is 3.041
[48258 18330 51258 18390] on VIA6 is 3.04
[48258 18330 51258 18390] on VIA5 is 3.04
[48258 18330 51258 18390] on VIA4 is 3.039
[48258 18330 51258 18390] on VIA3 is 3.039
[48258 18330 51258 18390] on VIA2 is 3.038
[48258 18330 51258 18390] on VIA1 is 3.038
[49758 18330 66486 18390] on M1 is 3.059
[66486 18330 83214 18390] on M1 is 3.059
[64986 18330 67986 18390] on VIA1 is 3.06
[64986 18330 67986 18390] on VIA2 is 3.06
[64986 18330 67986 18390] on VIA3 is 3.061
[64986 18330 67986 18390] on VIA4 is 3.061
[64986 18330 67986 18390] on VIA5 is 3.062
[64986 18330 67986 18390] on VIA6 is 3.062
[64986 18330 67986 18390] on VIA7 is 3.063
[64986 15016 67986 18360] on M8 is 3.063
[64986 11672 67986 15016] on M8 is 2.468
[64986 14986 67986 15046] on VIA7 is 2.468
[64986 14986 67986 15046] on VIA6 is 2.467
[64986 14986 67986 15046] on VIA5 is 2.467
[64986 14986 67986 15046] on VIA4 is 2.467
[64986 14986 67986 15046] on VIA3 is 2.466
[64986 14986 67986 15046] on VIA2 is 2.466
[64986 14986 67986 15046] on VIA1 is 2.465
[66486 14986 83214 15046] on M1 is 2.464
[49758 14986 66486 15046] on M1 is 2.464
[48258 14986 51258 15046] on VIA1 is 2.448
[48258 14986 51258 15046] on VIA2 is 2.449
[48258 14986 51258 15046] on VIA3 is 2.449
[48258 14986 51258 15046] on VIA4 is 2.449
[48258 14986 51258 15046] on VIA5 is 2.45
[48258 14986 51258 15046] on VIA6 is 2.45
[48258 14986 51258 15046] on VIA7 is 2.451
[83214 14986 113864 15046] on M1 is 2.121
[81714 14986 84714 15046] on VIA1 is 2.122
[81714 14986 84714 15046] on VIA2 is 2.123
[81714 14986 84714 15046] on VIA3 is 2.123
[81714 14986 84714 15046] on VIA4 is 2.123
[81714 14986 84714 15046] on VIA5 is 2.124
[81714 14986 84714 15046] on VIA6 is 2.124
[81714 14986 84714 15046] on VIA7 is 2.125
[81714 11672 84714 15016] on M8 is 2.125
[81714 15016 84714 18360] on M8 is 2.619
[81714 18360 84714 21704] on M8 is 3.116
[81714 18330 84714 18390] on VIA7 is 2.619
[81714 18330 84714 18390] on VIA6 is 2.619
[81714 18330 84714 18390] on VIA5 is 2.618
[81714 18330 84714 18390] on VIA4 is 2.618
[81714 18330 84714 18390] on VIA3 is 2.617
[81714 18330 84714 18390] on VIA2 is 2.616
[81714 18330 84714 18390] on VIA1 is 2.616
[83214 18330 113864 18390] on M1 is 2.614
[113864 18330 116864 18390] on M1 is 759.536e-3
[110864 18330 116864 18390] on VIA1 is 759.536e-3
[110864 18330 116864 18390] on VIA2 is 758.401e-3
[110864 18330 116864 18390] on VIA3 is 757.834e-3
[110864 18330 116864 18390] on VIA4 is 757.267e-3
[110864 18330 116864 18390] on VIA5 is 756.699e-3
[110864 18330 116864 18390] on VIA6 is 756.132e-3
[110864 18330 116864 18390] on VIA7 is 755.565e-3
[110864 18330 116864 18390] on VIA8 is 754.997e-3
[110864 18330 116864 18390] on VIARDL is 754.846e-3
[110864 15016 116864 18360] on MRDL is 764.293e-3
[110864 18360 116864 21704] on MRDL is 753.031e-3
[110864 21704 116864 25048] on MRDL is 734.685e-3
[110864 21674 116864 21734] on VIARDL is 737.002e-3
[110864 21674 116864 21734] on VIA8 is 737.195e-3
[110864 21674 116864 21734] on VIA7 is 737.918e-3
[110864 21674 116864 21734] on VIA6 is 738.642e-3
[110864 21674 116864 21734] on VIA5 is 739.366e-3
[110864 21674 116864 21734] on VIA4 is 740.09e-3
[110864 21674 116864 21734] on VIA3 is 740.814e-3
[110864 21674 116864 21734] on VIA2 is 741.538e-3
[110864 21674 116864 21734] on VIA1 is 742.986e-3
[113864 21674 116864 21734] on M1 is 742.986e-3
[83214 21674 113864 21734] on M1 is 3.11
[81714 21674 84714 21734] on VIA1 is 3.111
[81714 21674 84714 21734] on VIA2 is 3.112
[81714 21674 84714 21734] on VIA3 is 3.113
[81714 21674 84714 21734] on VIA4 is 3.114
[81714 21674 84714 21734] on VIA5 is 3.115
[81714 21674 84714 21734] on VIA6 is 3.116
[81714 21674 84714 21734] on VIA7 is 3.116
[81714 21704 84714 25048] on M8 is 3.616
[81714 25048 84714 28392] on M8 is 4.12
[81714 25018 84714 25078] on VIA7 is 3.616
[81714 25018 84714 25078] on VIA6 is 3.615
[81714 25018 84714 25078] on VIA5 is 3.614
[81714 25018 84714 25078] on VIA4 is 3.613
[81714 25018 84714 25078] on VIA3 is 3.612
[81714 25018 84714 25078] on VIA2 is 3.611
[81714 25018 84714 25078] on VIA1 is 3.61
[83214 25018 113864 25078] on M1 is 3.608
[113864 25018 116864 25078] on M1 is 717.44e-3
[110864 25018 116864 25078] on VIA1 is 717.44e-3
[110864 25018 116864 25078] on VIA2 is 715.672e-3
[110864 25018 116864 25078] on VIA3 is 714.788e-3
[110864 25018 116864 25078] on VIA4 is 713.903e-3
[110864 25018 116864 25078] on VIA5 is 713.019e-3
[110864 25018 116864 25078] on VIA6 is 712.135e-3
[110864 25018 116864 25078] on VIA7 is 711.251e-3
[110864 25018 116864 25078] on VIA8 is 710.367e-3
[110864 25018 116864 25078] on VIARDL is 710.131e-3
[110864 25048 116864 28392] on MRDL is 707.302e-3
[110864 28392 116864 31736] on MRDL is 668.88e-3
[110864 28362 116864 28422] on VIARDL is 672.237e-3
[110864 28362 116864 28422] on VIA8 is 672.516e-3
[110864 28362 116864 28422] on VIA7 is 673.565e-3
[110864 28362 116864 28422] on VIA6 is 674.614e-3
[110864 28362 116864 28422] on VIA5 is 675.663e-3
[110864 28362 116864 28422] on VIA4 is 676.712e-3
[110864 28362 116864 28422] on VIA3 is 677.761e-3
[110864 28362 116864 28422] on VIA2 is 678.81e-3
[110864 28362 116864 28422] on VIA1 is 680.907e-3
[113864 28362 116864 28422] on M1 is 680.907e-3
[83214 28362 113864 28422] on M1 is 4.11
[81714 28362 84714 28422] on VIA1 is 4.113
[81714 28362 84714 28422] on VIA2 is 4.114
[81714 28362 84714 28422] on VIA3 is 4.115
[81714 28362 84714 28422] on VIA4 is 4.116
[81714 28362 84714 28422] on VIA5 is 4.118
[81714 28362 84714 28422] on VIA6 is 4.119
[81714 28362 84714 28422] on VIA7 is 4.12
[81714 28392 84714 31736] on M8 is 4.628
[81714 31736 84714 32360] on M8 is 4.724
[81714 31706 84714 31766] on VIA7 is 4.628
[81714 31706 84714 31766] on VIA6 is 4.627
[81714 31706 84714 31766] on VIA5 is 4.625
[81714 31706 84714 31766] on VIA4 is 4.624
[81714 31706 84714 31766] on VIA3 is 4.622
[81714 31706 84714 31766] on VIA2 is 4.621
[81714 31706 84714 31766] on VIA1 is 4.619
[83214 31706 113864 31766] on M1 is 4.616
[113864 31706 116864 31766] on M1 is 631.342e-3
[110864 31706 116864 31766] on VIA1 is 631.342e-3
[110864 31706 116864 31766] on VIA2 is 628.904e-3
[110864 31706 116864 31766] on VIA3 is 627.685e-3
[110864 31706 116864 31766] on VIA4 is 626.466e-3
[110864 31706 116864 31766] on VIA5 is 625.247e-3
[110864 31706 116864 31766] on VIA6 is 624.028e-3
[110864 31706 116864 31766] on VIA7 is 622.809e-3
[110864 31706 116864 31766] on VIA8 is 621.59e-3
[110864 31706 116864 31766] on VIARDL is 621.265e-3
[110864 31736 116864 32360] on MRDL is 617.365e-3
[110864 32360 116864 35080] on MRDL is 646.233e-3
[110864 30860 116864 33860] on VIARDL is 604.912e-3
[113864 30860 116864 33860] on M9 is 574.786e-3
[83214 30860 113864 33860] on M9 is 4.724
[81714 30860 84714 33860] on VIA8 is 4.724
[81714 32360 84714 35080] on M8 is 4.909
[81714 35080 84714 38424] on M8 is 5.142
[81714 35050 84714 35110] on VIA7 is 4.909
[81714 35050 84714 35110] on VIA6 is 4.907
[81714 35050 84714 35110] on VIA5 is 4.906
[81714 35050 84714 35110] on VIA4 is 4.904
[81714 35050 84714 35110] on VIA3 is 4.903
[81714 35050 84714 35110] on VIA2 is 4.901
[81714 35050 84714 35110] on VIA1 is 4.899
[83214 35050 113864 35110] on M1 is 4.896
[113864 35050 116864 35110] on M1 is 661.087e-3
[110864 35050 116864 35110] on VIA1 is 661.087e-3
[110864 35050 116864 35110] on VIA2 is 658.496e-3
[110864 35050 116864 35110] on VIA3 is 657.201e-3
[110864 35050 116864 35110] on VIA4 is 655.905e-3
[110864 35050 116864 35110] on VIA5 is 654.61e-3
[110864 35050 116864 35110] on VIA6 is 653.314e-3
[110864 35050 116864 35110] on VIA7 is 652.019e-3
[110864 35050 116864 35110] on VIA8 is 650.723e-3
[110864 35050 116864 35110] on VIARDL is 650.378e-3
[110864 35080 116864 38424] on MRDL is 680.86e-3
[110864 38424 116864 41768] on MRDL is 698.562e-3
[110864 38394 116864 38454] on VIARDL is 685.198e-3
[110864 38394 116864 38454] on VIA8 is 685.559e-3
[110864 38394 116864 38454] on VIA7 is 686.915e-3
[110864 38394 116864 38454] on VIA6 is 688.271e-3
[110864 38394 116864 38454] on VIA5 is 689.626e-3
[110864 38394 116864 38454] on VIA4 is 690.982e-3
[110864 38394 116864 38454] on VIA3 is 692.338e-3
[110864 38394 116864 38454] on VIA2 is 693.694e-3
[110864 38394 116864 38454] on VIA1 is 696.405e-3
[113864 38394 116864 38454] on M1 is 696.405e-3
[83214 38394 113864 38454] on M1 is 5.129
[81714 38394 84714 38454] on VIA1 is 5.132
[81714 38394 84714 38454] on VIA2 is 5.133
[81714 38394 84714 38454] on VIA3 is 5.135
[81714 38394 84714 38454] on VIA4 is 5.137
[81714 38394 84714 38454] on VIA5 is 5.138
[81714 38394 84714 38454] on VIA6 is 5.14
[81714 38394 84714 38454] on VIA7 is 5.142
[81714 38424 84714 41768] on M8 is 5.38
[81714 41768 84714 45112] on M8 is 5.625
[81714 41738 84714 41798] on VIA7 is 5.38
[81714 41738 84714 41798] on VIA6 is 5.378
[81714 41738 84714 41798] on VIA5 is 5.377
[81714 41738 84714 41798] on VIA4 is 5.375
[81714 41738 84714 41798] on VIA3 is 5.373
[81714 41738 84714 41798] on VIA2 is 5.372
[81714 41738 84714 41798] on VIA1 is 5.37
[83214 41738 113864 41798] on M1 is 5.367
[113864 41738 116864 41798] on M1 is 714.877e-3
[110864 41738 116864 41798] on VIA1 is 714.877e-3
[110864 41738 116864 41798] on VIA2 is 712.032e-3
[110864 41738 116864 41798] on VIA3 is 710.609e-3
[110864 41738 116864 41798] on VIA4 is 709.186e-3
[110864 41738 116864 41798] on VIA5 is 707.763e-3
[110864 41738 116864 41798] on VIA6 is 706.34e-3
[110864 41738 116864 41798] on VIA7 is 704.918e-3
[110864 41738 116864 41798] on VIA8 is 703.495e-3
[110864 41738 116864 41798] on VIARDL is 703.115e-3
[110864 41768 116864 45112] on MRDL is 698.562e-3
[110864 45112 116864 48456] on MRDL is 698.502e-3
[110864 45082 116864 45142] on VIARDL is 703.293e-3
[110864 45082 116864 45142] on VIA8 is 703.692e-3
[110864 45082 116864 45142] on VIA7 is 705.189e-3
[110864 45082 116864 45142] on VIA6 is 706.687e-3
[110864 45082 116864 45142] on VIA5 is 708.184e-3
[110864 45082 116864 45142] on VIA4 is 709.681e-3
[110864 45082 116864 45142] on VIA3 is 711.178e-3
[110864 45082 116864 45142] on VIA2 is 712.675e-3
[110864 45082 116864 45142] on VIA1 is 715.67e-3
[113864 45082 116864 45142] on M1 is 715.67e-3
[83214 45082 113864 45142] on M1 is 5.61
[81714 45082 84714 45142] on VIA1 is 5.614
[81714 45082 84714 45142] on VIA2 is 5.616
[81714 45082 84714 45142] on VIA3 is 5.618
[81714 45082 84714 45142] on VIA4 is 5.619
[81714 45082 84714 45142] on VIA5 is 5.621
[81714 45082 84714 45142] on VIA6 is 5.623
[81714 45082 84714 45142] on VIA7 is 5.625
[81714 45112 84714 48456] on M8 is 5.876
[81714 48456 84714 49760] on M8 is 5.976
[81714 48426 84714 48486] on VIA7 is 5.876
[81714 48426 84714 48486] on VIA6 is 5.874
[81714 48426 84714 48486] on VIA5 is 5.872
[81714 48426 84714 48486] on VIA4 is 5.87
[81714 48426 84714 48486] on VIA3 is 5.868
[81714 48426 84714 48486] on VIA2 is 5.866
[81714 48426 84714 48486] on VIA1 is 5.864
[83214 48426 113864 48486] on M1 is 5.861
[113864 48426 116864 48486] on M1 is 697.858e-3
[110864 48426 116864 48486] on VIA1 is 697.858e-3
[110864 48426 116864 48486] on VIA2 is 694.7e-3
[110864 48426 116864 48486] on VIA3 is 693.121e-3
[110864 48426 116864 48486] on VIA4 is 691.541e-3
[110864 48426 116864 48486] on VIA5 is 689.962e-3
[110864 48426 116864 48486] on VIA6 is 688.383e-3
[110864 48426 116864 48486] on VIA7 is 686.804e-3
[110864 48426 116864 48486] on VIA8 is 685.225e-3
[110864 48426 116864 48486] on VIARDL is 684.804e-3
[110864 48456 116864 49760] on MRDL is 679.75e-3
[110864 49760 116864 51800] on MRDL is 692.783e-3
[110864 48260 116864 51260] on VIARDL is 664.75e-3
[113864 48260 116864 51260] on M9 is 643.112e-3
[83214 48260 113864 51260] on M9 is 5.976
[81714 48260 84714 51260] on VIA8 is 5.976
[81714 49760 84714 51800] on M8 is 5.976
[81714 51800 84714 55144] on M8 is 5.979
[81714 51770 84714 51830] on VIA7 is 5.975
[81714 51770 84714 51830] on VIA6 is 5.973
[81714 51770 84714 51830] on VIA5 is 5.971
[81714 51770 84714 51830] on VIA4 is 5.969
[81714 51770 84714 51830] on VIA3 is 5.967
[81714 51770 84714 51830] on VIA2 is 5.965
[81714 51770 84714 51830] on VIA1 is 5.963
[83214 51770 113864 51830] on M1 is 5.959
[113864 51770 116864 51830] on M1 is 711.19e-3
[110864 51770 116864 51830] on VIA1 is 711.19e-3
[110864 51770 116864 51830] on VIA2 is 707.979e-3
[110864 51770 116864 51830] on VIA3 is 706.374e-3
[110864 51770 116864 51830] on VIA4 is 704.769e-3
[110864 51770 116864 51830] on VIA5 is 703.164e-3
[110864 51770 116864 51830] on VIA6 is 701.558e-3
[110864 51770 116864 51830] on VIA7 is 699.953e-3
[110864 51770 116864 51830] on VIA8 is 698.348e-3
[110864 51770 116864 51830] on VIARDL is 697.92e-3
[110864 51800 116864 55144] on MRDL is 718.693e-3
[110864 55144 116864 58488] on MRDL is 724.645e-3
[110864 55114 116864 55174] on VIARDL is 723.809e-3
[110864 55114 116864 55174] on VIA8 is 724.236e-3
[110864 55114 116864 55174] on VIA7 is 725.834e-3
[110864 55114 116864 55174] on VIA6 is 727.433e-3
[110864 55114 116864 55174] on VIA5 is 729.032e-3
[110864 55114 116864 55174] on VIA4 is 730.63e-3
[110864 55114 116864 55174] on VIA3 is 732.229e-3
[110864 55114 116864 55174] on VIA2 is 733.828e-3
[110864 55114 116864 55174] on VIA1 is 737.025e-3
[113864 55114 116864 55174] on M1 is 737.025e-3
[83214 55114 113864 55174] on M1 is 5.964
[81714 55114 84714 55174] on VIA1 is 5.968
[81714 55114 84714 55174] on VIA2 is 5.969
[81714 55114 84714 55174] on VIA3 is 5.971
[81714 55114 84714 55174] on VIA4 is 5.973
[81714 55114 84714 55174] on VIA5 is 5.975
[81714 55114 84714 55174] on VIA6 is 5.977
[81714 55114 84714 55174] on VIA7 is 5.979
[81714 55144 84714 58488] on M8 is 5.99
[81714 58488 84714 61832] on M8 is 6.008
[81714 58458 84714 58518] on VIA7 is 5.99
[81714 58458 84714 58518] on VIA6 is 5.988
[81714 58458 84714 58518] on VIA5 is 5.986
[81714 58458 84714 58518] on VIA4 is 5.984
[81714 58458 84714 58518] on VIA3 is 5.982
[81714 58458 84714 58518] on VIA2 is 5.981
[81714 58458 84714 58518] on VIA1 is 5.979
[83214 58458 113864 58518] on M1 is 5.975
[113864 58458 116864 58518] on M1 is 742.995e-3
[110864 58458 116864 58518] on VIA1 is 742.995e-3
[110864 58458 116864 58518] on VIA2 is 739.794e-3
[110864 58458 116864 58518] on VIA3 is 738.194e-3
[110864 58458 116864 58518] on VIA4 is 736.594e-3
[110864 58458 116864 58518] on VIA5 is 734.994e-3
[110864 58458 116864 58518] on VIA6 is 733.393e-3
[110864 58458 116864 58518] on VIA7 is 731.793e-3
[110864 58458 116864 58518] on VIA8 is 730.193e-3
[110864 58458 116864 58518] on VIARDL is 729.766e-3
[110864 58488 116864 61832] on MRDL is 724.645e-3
[110864 61832 116864 65176] on MRDL is 710.619e-3
[110864 61802 116864 61862] on VIARDL is 715.771e-3
[110864 61802 116864 61862] on VIA8 is 716.2e-3
[110864 61802 116864 61862] on VIA7 is 717.81e-3
[110864 61802 116864 61862] on VIA6 is 719.42e-3
[110864 61802 116864 61862] on VIA5 is 721.03e-3
[110864 61802 116864 61862] on VIA4 is 722.64e-3
[110864 61802 116864 61862] on VIA3 is 724.25e-3
[110864 61802 116864 61862] on VIA2 is 725.86e-3
[110864 61802 116864 61862] on VIA1 is 729.079e-3
[113864 61802 116864 61862] on M1 is 729.079e-3
[83214 61802 113864 61862] on M1 is 5.992
[81714 61802 84714 61862] on VIA1 is 5.996
[81714 61802 84714 61862] on VIA2 is 5.998
[81714 61802 84714 61862] on VIA3 is 6
[81714 61802 84714 61862] on VIA4 is 6.002
[81714 61802 84714 61862] on VIA5 is 6.004
[81714 61802 84714 61862] on VIA6 is 6.006
[81714 61802 84714 61862] on VIA7 is 6.008
[81714 61832 84714 65176] on M8 is 6.033
[81714 65176 84714 65420] on M8 is 6.035
[81714 65146 84714 65206] on VIA7 is 6.033
[81714 65146 84714 65206] on VIA6 is 6.031
[81714 65146 84714 65206] on VIA5 is 6.029
[81714 65146 84714 65206] on VIA4 is 6.027
[81714 65146 84714 65206] on VIA3 is 6.025
[81714 65146 84714 65206] on VIA2 is 6.023
[81714 65146 84714 65206] on VIA1 is 6.021
[83214 65146 113864 65206] on M1 is 6.017
[113864 65146 116864 65206] on M1 is 695.159e-3
[110864 65146 116864 65206] on VIA1 is 695.159e-3
[110864 65146 116864 65206] on VIA2 is 691.903e-3
[110864 65146 116864 65206] on VIA3 is 690.276e-3
[110864 65146 116864 65206] on VIA4 is 688.648e-3
[110864 65146 116864 65206] on VIA5 is 687.02e-3
[110864 65146 116864 65206] on VIA6 is 685.392e-3
[110864 65146 116864 65206] on VIA7 is 683.765e-3
[110864 65146 116864 65206] on VIA8 is 682.137e-3
[110864 65146 116864 65206] on VIARDL is 681.703e-3
[110864 65176 116864 65420] on MRDL is 676.494e-3
[110864 65420 116864 68520] on MRDL is 701.82e-3
[110864 63920 116864 66920] on VIARDL is 672.521e-3
[113864 63920 116864 66920] on M9 is 650.464e-3
[83214 63920 113864 66920] on M9 is 6.034
[81714 63920 84714 66920] on VIA8 is 6.035
[81714 65420 84714 68520] on M8 is 6.035
[81714 68520 84714 71864] on M8 is 5.824
[81714 68490 84714 68550] on VIA7 is 5.824
[81714 68490 84714 68550] on VIA6 is 5.822
[81714 68490 84714 68550] on VIA5 is 5.82
[81714 68490 84714 68550] on VIA4 is 5.818
[81714 68490 84714 68550] on VIA3 is 5.816
[81714 68490 84714 68550] on VIA2 is 5.814
[81714 68490 84714 68550] on VIA1 is 5.813
[83214 68490 113864 68550] on M1 is 5.809
[113864 68490 116864 68550] on M1 is 719.669e-3
[110864 68490 116864 68550] on VIA1 is 719.669e-3
[110864 68490 116864 68550] on VIA2 is 716.556e-3
[110864 68490 116864 68550] on VIA3 is 715e-3
[110864 68490 116864 68550] on VIA4 is 713.443e-3
[110864 68490 116864 68550] on VIA5 is 711.886e-3
[110864 68490 116864 68550] on VIA6 is 710.33e-3
[110864 68490 116864 68550] on VIA7 is 708.773e-3
[110864 68490 116864 68550] on VIA8 is 707.216e-3
[110864 68490 116864 68550] on VIARDL is 706.801e-3
[110864 68520 116864 71864] on MRDL is 713.992e-3
[110864 71864 116864 75208] on MRDL is 713.992e-3
[110864 71834 116864 71894] on VIARDL is 718.746e-3
[110864 71834 116864 71894] on VIA8 is 719.142e-3
[110864 71834 116864 71894] on VIA7 is 720.628e-3
[110864 71834 116864 71894] on VIA6 is 722.114e-3
[110864 71834 116864 71894] on VIA5 is 723.6e-3
[110864 71834 116864 71894] on VIA4 is 725.085e-3
[110864 71834 116864 71894] on VIA3 is 726.571e-3
[110864 71834 116864 71894] on VIA2 is 728.057e-3
[110864 71834 116864 71894] on VIA1 is 731.028e-3
[113864 71834 116864 71894] on M1 is 731.028e-3
[83214 71834 113864 71894] on M1 is 5.588
[81714 71834 84714 71894] on VIA1 is 5.592
[81714 71834 84714 71894] on VIA2 is 5.594
[81714 71834 84714 71894] on VIA3 is 5.595
[81714 71834 84714 71894] on VIA4 is 5.597
[81714 71834 84714 71894] on VIA5 is 5.599
[81714 71834 84714 71894] on VIA6 is 5.601
[81714 71834 84714 71894] on VIA7 is 5.603
[81714 71864 84714 75208] on M8 is 5.603
[81714 75208 84714 78552] on M8 is 5.388
[81714 75178 84714 75238] on VIA7 is 5.388
[81714 75178 84714 75238] on VIA6 is 5.386
[81714 75178 84714 75238] on VIA5 is 5.384
[81714 75178 84714 75238] on VIA4 is 5.383
[81714 75178 84714 75238] on VIA3 is 5.381
[81714 75178 84714 75238] on VIA2 is 5.379
[81714 75178 84714 75238] on VIA1 is 5.378
[83214 75178 113864 75238] on M1 is 5.374
[113864 75178 116864 75238] on M1 is 723.925e-3
[110864 75178 116864 75238] on VIA1 is 723.925e-3
[110864 75178 116864 75238] on VIA2 is 721.081e-3
[110864 75178 116864 75238] on VIA3 is 719.658e-3
[110864 75178 116864 75238] on VIA4 is 718.236e-3
[110864 75178 116864 75238] on VIA5 is 716.813e-3
[110864 75178 116864 75238] on VIA6 is 715.391e-3
[110864 75178 116864 75238] on VIA7 is 713.969e-3
[110864 75178 116864 75238] on VIA8 is 712.546e-3
[110864 75178 116864 75238] on VIARDL is 712.167e-3
[110864 75208 116864 78552] on MRDL is 707.615e-3
[110864 78552 116864 81896] on MRDL is 683.481e-3
[110864 78522 116864 78582] on VIARDL is 687.853e-3
[110864 78522 116864 78582] on VIA8 is 688.218e-3
[110864 78522 116864 78582] on VIA7 is 689.584e-3
[110864 78522 116864 78582] on VIA6 is 690.95e-3
[110864 78522 116864 78582] on VIA5 is 692.316e-3
[110864 78522 116864 78582] on VIA4 is 693.683e-3
[110864 78522 116864 78582] on VIA3 is 695.049e-3
[110864 78522 116864 78582] on VIA2 is 696.415e-3
[110864 78522 116864 78582] on VIA1 is 699.148e-3
[113864 78522 116864 78582] on M1 is 699.148e-3
[83214 78522 113864 78582] on M1 is 5.166
[81714 78522 84714 78582] on VIA1 is 5.169
[81714 78522 84714 78582] on VIA2 is 5.171
[81714 78522 84714 78582] on VIA3 is 5.172
[81714 78522 84714 78582] on VIA4 is 5.174
[81714 78522 84714 78582] on VIA5 is 5.176
[81714 78522 84714 78582] on VIA6 is 5.177
[81714 78522 84714 78582] on VIA7 is 5.179
[81714 78552 84714 81896] on M8 is 5.179
[81714 81896 84714 82820] on M8 is 4.976
[81714 81866 84714 81926] on VIA7 is 4.976
[81714 81866 84714 81926] on VIA6 is 4.975
[81714 81866 84714 81926] on VIA5 is 4.973
[81714 81866 84714 81926] on VIA4 is 4.971
[81714 81866 84714 81926] on VIA3 is 4.97
[81714 81866 84714 81926] on VIA2 is 4.968
[81714 81866 84714 81926] on VIA1 is 4.967
[83214 81866 113864 81926] on M1 is 4.963
[113864 81866 116864 81926] on M1 is 657.393e-3
[110864 81866 116864 81926] on VIA1 is 657.393e-3
[110864 81866 116864 81926] on VIA2 is 654.759e-3
[110864 81866 116864 81926] on VIA3 is 653.442e-3
[110864 81866 116864 81926] on VIA4 is 652.125e-3
[110864 81866 116864 81926] on VIA5 is 650.808e-3
[110864 81866 116864 81926] on VIA6 is 649.491e-3
[110864 81866 116864 81926] on VIA7 is 648.174e-3
[110864 81866 116864 81926] on VIA8 is 646.857e-3
[110864 81866 116864 81926] on VIARDL is 646.505e-3
[110864 81896 116864 82820] on MRDL is 642.291e-3
[110864 82820 116864 85240] on MRDL is 671.495e-3
[110864 81320 116864 84320] on VIARDL is 626.366e-3
[113864 81320 116864 84320] on M9 is 595.609e-3
[83214 81320 113864 84320] on M9 is 4.921
[81714 81320 84714 84320] on VIA8 is 4.922
[81714 82820 84714 85240] on M8 is 4.922
[81714 85240 84714 88584] on M8 is 4.574
[81714 85210 84714 85270] on VIA7 is 4.574
[81714 85210 84714 85270] on VIA6 is 4.573
[81714 85210 84714 85270] on VIA5 is 4.571
[81714 85210 84714 85270] on VIA4 is 4.57
[81714 85210 84714 85270] on VIA3 is 4.569
[81714 85210 84714 85270] on VIA2 is 4.567
[81714 85210 84714 85270] on VIA1 is 4.566
[83214 85210 113864 85270] on M1 is 4.563
[113864 85210 116864 85270] on M1 is 685.095e-3
[110864 85210 116864 85270] on VIA1 is 685.095e-3
[110864 85210 116864 85270] on VIA2 is 682.723e-3
[110864 85210 116864 85270] on VIA3 is 681.537e-3
[110864 85210 116864 85270] on VIA4 is 680.351e-3
[110864 85210 116864 85270] on VIA5 is 679.165e-3
[110864 85210 116864 85270] on VIA6 is 677.979e-3
[110864 85210 116864 85270] on VIA7 is 676.793e-3
[110864 85210 116864 85270] on VIA8 is 675.606e-3
[110864 85210 116864 85270] on VIARDL is 675.29e-3
[110864 85240 116864 88584] on MRDL is 719.047e-3
[110864 88584 116864 91928] on MRDL is 753.772e-3
[110864 88554 116864 88614] on VIARDL is 722.334e-3
[110864 88554 116864 88614] on VIA8 is 722.608e-3
[110864 88554 116864 88614] on VIA7 is 723.636e-3
[110864 88554 116864 88614] on VIA6 is 724.663e-3
[110864 88554 116864 88614] on VIA5 is 725.691e-3
[110864 88554 116864 88614] on VIA4 is 726.718e-3
[110864 88554 116864 88614] on VIA3 is 727.745e-3
[110864 88554 116864 88614] on VIA2 is 728.773e-3
[110864 88554 116864 88614] on VIA1 is 730.828e-3
[113864 88554 116864 88614] on M1 is 730.828e-3
[83214 88554 113864 88614] on M1 is 4.09
[81714 88554 84714 88614] on VIA1 is 4.092
[81714 88554 84714 88614] on VIA2 is 4.093
[81714 88554 84714 88614] on VIA3 is 4.095
[81714 88554 84714 88614] on VIA4 is 4.096
[81714 88554 84714 88614] on VIA5 is 4.097
[81714 88554 84714 88614] on VIA6 is 4.098
[81714 88554 84714 88614] on VIA7 is 4.099
[81714 88584 84714 91928] on M8 is 4.099
[81714 91928 84714 95272] on M8 is 3.629
[81714 91898 84714 91958] on VIA7 is 3.629
[81714 91898 84714 91958] on VIA6 is 3.628
[81714 91898 84714 91958] on VIA5 is 3.627
[81714 91898 84714 91958] on VIA4 is 3.626
[81714 91898 84714 91958] on VIA3 is 3.625
[81714 91898 84714 91958] on VIA2 is 3.624
[81714 91898 84714 91958] on VIA1 is 3.623
[83214 91898 113864 91958] on M1 is 3.621
[113864 91898 116864 91958] on M1 is 763.793e-3
[110864 91898 116864 91958] on VIA1 is 763.793e-3
[110864 91898 116864 91958] on VIA2 is 762.045e-3
[110864 91898 116864 91958] on VIA3 is 761.171e-3
[110864 91898 116864 91958] on VIA4 is 760.298e-3
[110864 91898 116864 91958] on VIA5 is 759.424e-3
[110864 91898 116864 91958] on VIA6 is 758.55e-3
[110864 91898 116864 91958] on VIA7 is 757.676e-3
[110864 91898 116864 91958] on VIA8 is 756.802e-3
[110864 91898 116864 91958] on VIARDL is 756.569e-3
[110864 91928 116864 95272] on MRDL is 777.588e-3
[110864 95272 116864 98616] on MRDL is 792.356e-3
[110864 95242 116864 95302] on VIARDL is 779.908e-3
[110864 95242 116864 95302] on VIA8 is 780.101e-3
[110864 95242 116864 95302] on VIA7 is 780.826e-3
[110864 95242 116864 95302] on VIA6 is 781.551e-3
[110864 95242 116864 95302] on VIA5 is 782.275e-3
[110864 95242 116864 95302] on VIA4 is 783e-3
[110864 95242 116864 95302] on VIA3 is 783.725e-3
[110864 95242 116864 95302] on VIA2 is 784.45e-3
[110864 95242 116864 95302] on VIA1 is 785.899e-3
[113864 95242 116864 95302] on M1 is 785.899e-3
[83214 95242 113864 95302] on M1 is 3.155
[81714 95242 84714 95302] on VIA1 is 3.157
[81714 95242 84714 95302] on VIA2 is 3.158
[81714 95242 84714 95302] on VIA3 is 3.159
[81714 95242 84714 95302] on VIA4 is 3.16
[81714 95242 84714 95302] on VIA5 is 3.16
[81714 95242 84714 95302] on VIA6 is 3.161
[81714 95242 84714 95302] on VIA7 is 3.162
[81714 95272 84714 98616] on M8 is 3.162
[81714 98586 84714 98646] on VIA7 is 2.698
[81714 98586 84714 98646] on VIA6 is 2.697
[81714 98586 84714 98646] on VIA5 is 2.697
[81714 98586 84714 98646] on VIA4 is 2.696
[81714 98586 84714 98646] on VIA3 is 2.696
[81714 98586 84714 98646] on VIA2 is 2.695
[81714 98586 84714 98646] on VIA1 is 2.694
[83214 98586 113864 98646] on M1 is 2.693
[113864 98586 116864 98646] on M1 is 798.999e-3
[110864 98586 116864 98646] on VIA1 is 798.999e-3
[110864 98586 116864 98646] on VIA2 is 797.84e-3
[110864 98586 116864 98646] on VIA3 is 797.261e-3
[110864 98586 116864 98646] on VIA4 is 796.681e-3
[110864 98586 116864 98646] on VIA5 is 796.102e-3
[110864 98586 116864 98646] on VIA6 is 795.523e-3
[110864 98586 116864 98646] on VIA7 is 794.943e-3
[110864 98586 116864 98646] on VIA8 is 794.364e-3
[110864 98586 116864 98646] on VIARDL is 794.21e-3
[110864 98616 116864 101960] on MRDL is 799.891e-3
[110864 101930 116864 101990] on VIARDL is 801.288e-3
[110864 101930 116864 101990] on VIA8 is 801.405e-3
[110864 101930 116864 101990] on VIA7 is 801.841e-3
[110864 101930 116864 101990] on VIA6 is 802.278e-3
[110864 101930 116864 101990] on VIA5 is 802.715e-3
[110864 101930 116864 101990] on VIA4 is 803.152e-3
[110864 101930 116864 101990] on VIA3 is 803.588e-3
[110864 101930 116864 101990] on VIA2 is 804.025e-3
[110864 101930 116864 101990] on VIA1 is 804.899e-3
[113864 101930 116864 101990] on M1 is 804.899e-3
[110864 11672 116864 15016] on MRDL is 770.393e-3
[110864 14986 116864 15046] on VIARDL is 765.617e-3
[110864 14986 116864 15046] on VIA8 is 765.727e-3
[110864 14986 116864 15046] on VIA7 is 766.141e-3
[110864 14986 116864 15046] on VIA6 is 766.554e-3
[110864 14986 116864 15046] on VIA5 is 766.968e-3
[110864 14986 116864 15046] on VIA4 is 767.381e-3
[110864 14986 116864 15046] on VIA3 is 767.795e-3
[110864 14986 116864 15046] on VIA2 is 768.209e-3
[110864 14986 116864 15046] on VIA1 is 769.036e-3
[113864 14986 116864 15046] on M1 is 769.036e-3
[110864 6000 116864 11672] on MRDL is 775.193e-3
[110864 11642 116864 11702] on VIARDL is 771.231e-3
[110864 11642 116864 11702] on VIA8 is 771.301e-3
[110864 11642 116864 11702] on VIA7 is 771.562e-3
[110864 11642 116864 11702] on VIA6 is 771.824e-3
[110864 11642 116864 11702] on VIA5 is 772.086e-3
[110864 11642 116864 11702] on VIA4 is 772.348e-3
[110864 11642 116864 11702] on VIA3 is 772.61e-3
[110864 11642 116864 11702] on VIA2 is 772.872e-3
[110864 11642 116864 11702] on VIA1 is 773.396e-3
[113864 11642 116864 11702] on M1 is 773.396e-3
[83214 11642 113864 11702] on M1 is 1.63
[66486 11642 83214 11702] on M1 is 1.872
[81714 11642 84714 11702] on VIA1 is 1.63
[81714 11642 84714 11702] on VIA2 is 1.63
[81714 11642 84714 11702] on VIA3 is 1.631
[81714 11642 84714 11702] on VIA4 is 1.631
[81714 11642 84714 11702] on VIA5 is 1.631
[81714 11642 84714 11702] on VIA6 is 1.631
[81714 11642 84714 11702] on VIA7 is 1.632
[81714 6000 84714 11672] on M8 is 1.632
[81714 3000 84714 6000] on M8 is 796.644e-3
[81714 3000 84714 9000] on VIA8 is 796.671e-3
[83214 3000 113864 9000] on M9 is 796.671e-3
[113864 3000 116864 9000] on M9 is 775.919e-3
[110864 3000 116864 9000] on VIARDL is 775.919e-3
[110864 3000 116864 6000] on MRDL is 775.193e-3
[64986 11642 67986 11702] on VIA1 is 1.872
[64986 11642 67986 11702] on VIA2 is 1.873
[64986 11642 67986 11702] on VIA3 is 1.873
[64986 11642 67986 11702] on VIA4 is 1.873
[64986 11642 67986 11702] on VIA5 is 1.874
[64986 11642 67986 11702] on VIA6 is 1.874
[64986 11642 67986 11702] on VIA7 is 1.874
[3000 6000 9000 11672] on MRDL is 796.689e-3
[3000 11642 9000 11702] on VIARDL is 797.565e-3
[3000 11642 9000 11702] on VIA8 is 797.638e-3
[3000 11642 9000 11702] on VIA7 is 797.912e-3
[3000 11642 9000 11702] on VIA6 is 798.185e-3
[3000 11642 9000 11702] on VIA5 is 798.459e-3
[3000 11642 9000 11702] on VIA4 is 798.733e-3
[3000 11642 9000 11702] on VIA3 is 799.006e-3
[3000 11642 9000 11702] on VIA2 is 799.28e-3
[3000 11642 9000 11702] on VIA1 is 799.827e-3
[3000 11642 6000 11702] on M1 is 799.827e-3
[3000 3000 9000 6000] on MRDL is 794.265e-3
[3000 3000 9000 9000] on VIARDL is 794.265e-3
[6000 3000 33030 9000] on M9 is 793.898e-3
[3000 3000 6000 9000] on M9 is 793.898e-3
[31530 3000 34530 9000] on VIA8 is 784.655e-3
[31530 3000 34530 6000] on M8 is 784.617e-3
