 
****************************************
Report : power
        -hier
        -analysis_effort low
Design : pe_tile_new
Version: L-2016.03-SP5-5
Date   : Wed May  8 19:29:45 2019
****************************************


Library(s) Used:

    tcbn40lpbwphvttc (File: /cad/synopsys_EDK2/TSMCHOME/digital/Front_End/timing_power_noise/NLDM/tcbn40lpbwphvt_110b/tcbn40lpbwphvttc.db)


Operating Conditions: NCCOM   Library: tcbn40lpbwphvttc
Wire Load Model Mode: segmented

Design        Wire Load Model            Library
------------------------------------------------
pe_tile_new            ZeroWireload      tcbn40lpbwphvttc
cb_unq1_3              ZeroWireload      tcbn40lpbwphvttc
cb_unq1_4              ZeroWireload      tcbn40lpbwphvttc
cb_unq1_5              ZeroWireload      tcbn40lpbwphvttc
sb_unq1_0              ZeroWireload      tcbn40lpbwphvttc
sb_unq2_0              ZeroWireload      tcbn40lpbwphvttc
test_pe_unq1_0         ZeroWireload      tcbn40lpbwphvttc
SNPS_CLOCK_GATE_HIGH_cb_unq1_0_3
                       ZeroWireload      tcbn40lpbwphvttc
SNPS_CLOCK_GATE_HIGH_cb_unq1_0_4
                       ZeroWireload      tcbn40lpbwphvttc
SNPS_CLOCK_GATE_HIGH_cb_unq1_0_5
                       ZeroWireload      tcbn40lpbwphvttc
SNPS_CLOCK_GATE_HIGH_sb_unq1_42
                       ZeroWireload      tcbn40lpbwphvttc
SNPS_CLOCK_GATE_HIGH_sb_unq1_43
                       ZeroWireload      tcbn40lpbwphvttc
SNPS_CLOCK_GATE_HIGH_sb_unq1_83
                       ZeroWireload      tcbn40lpbwphvttc
SNPS_CLOCK_GATE_HIGH_sb_unq1_82
                       ZeroWireload      tcbn40lpbwphvttc
SNPS_CLOCK_GATE_HIGH_sb_unq1_81
                       ZeroWireload      tcbn40lpbwphvttc
SNPS_CLOCK_GATE_HIGH_sb_unq1_80
                       ZeroWireload      tcbn40lpbwphvttc
SNPS_CLOCK_GATE_HIGH_sb_unq1_79
                       ZeroWireload      tcbn40lpbwphvttc
SNPS_CLOCK_GATE_HIGH_sb_unq1_78
                       ZeroWireload      tcbn40lpbwphvttc
SNPS_CLOCK_GATE_HIGH_sb_unq1_77
                       ZeroWireload      tcbn40lpbwphvttc
SNPS_CLOCK_GATE_HIGH_sb_unq1_76
                       ZeroWireload      tcbn40lpbwphvttc
SNPS_CLOCK_GATE_HIGH_sb_unq1_75
                       ZeroWireload      tcbn40lpbwphvttc
SNPS_CLOCK_GATE_HIGH_sb_unq1_74
                       ZeroWireload      tcbn40lpbwphvttc
SNPS_CLOCK_GATE_HIGH_sb_unq1_73
                       ZeroWireload      tcbn40lpbwphvttc
SNPS_CLOCK_GATE_HIGH_sb_unq1_72
                       ZeroWireload      tcbn40lpbwphvttc
SNPS_CLOCK_GATE_HIGH_sb_unq1_71
                       ZeroWireload      tcbn40lpbwphvttc
SNPS_CLOCK_GATE_HIGH_sb_unq1_70
                       ZeroWireload      tcbn40lpbwphvttc
SNPS_CLOCK_GATE_HIGH_sb_unq1_69
                       ZeroWireload      tcbn40lpbwphvttc
SNPS_CLOCK_GATE_HIGH_sb_unq1_68
                       ZeroWireload      tcbn40lpbwphvttc
SNPS_CLOCK_GATE_HIGH_sb_unq1_67
                       ZeroWireload      tcbn40lpbwphvttc
SNPS_CLOCK_GATE_HIGH_sb_unq1_66
                       ZeroWireload      tcbn40lpbwphvttc
SNPS_CLOCK_GATE_HIGH_sb_unq1_65
                       ZeroWireload      tcbn40lpbwphvttc
SNPS_CLOCK_GATE_HIGH_sb_unq1_64
                       ZeroWireload      tcbn40lpbwphvttc
SNPS_CLOCK_GATE_HIGH_sb_unq1_63
                       ZeroWireload      tcbn40lpbwphvttc
SNPS_CLOCK_GATE_HIGH_sb_unq1_62
                       ZeroWireload      tcbn40lpbwphvttc
SNPS_CLOCK_GATE_HIGH_sb_unq1_61
                       ZeroWireload      tcbn40lpbwphvttc
SNPS_CLOCK_GATE_HIGH_sb_unq1_60
                       ZeroWireload      tcbn40lpbwphvttc
SNPS_CLOCK_GATE_HIGH_sb_unq1_59
                       ZeroWireload      tcbn40lpbwphvttc
SNPS_CLOCK_GATE_HIGH_sb_unq1_58
                       ZeroWireload      tcbn40lpbwphvttc
SNPS_CLOCK_GATE_HIGH_sb_unq1_57
                       ZeroWireload      tcbn40lpbwphvttc
SNPS_CLOCK_GATE_HIGH_sb_unq1_56
                       ZeroWireload      tcbn40lpbwphvttc
SNPS_CLOCK_GATE_HIGH_sb_unq1_55
                       ZeroWireload      tcbn40lpbwphvttc
SNPS_CLOCK_GATE_HIGH_sb_unq1_54
                       ZeroWireload      tcbn40lpbwphvttc
SNPS_CLOCK_GATE_HIGH_sb_unq1_53
                       ZeroWireload      tcbn40lpbwphvttc
SNPS_CLOCK_GATE_HIGH_sb_unq1_52
                       ZeroWireload      tcbn40lpbwphvttc
SNPS_CLOCK_GATE_HIGH_sb_unq1_51
                       ZeroWireload      tcbn40lpbwphvttc
SNPS_CLOCK_GATE_HIGH_sb_unq1_50
                       ZeroWireload      tcbn40lpbwphvttc
SNPS_CLOCK_GATE_HIGH_sb_unq1_49
                       ZeroWireload      tcbn40lpbwphvttc
SNPS_CLOCK_GATE_HIGH_sb_unq1_48
                       ZeroWireload      tcbn40lpbwphvttc
SNPS_CLOCK_GATE_HIGH_sb_unq1_47
                       ZeroWireload      tcbn40lpbwphvttc
SNPS_CLOCK_GATE_HIGH_sb_unq1_46
                       ZeroWireload      tcbn40lpbwphvttc
SNPS_CLOCK_GATE_HIGH_sb_unq1_45
                       ZeroWireload      tcbn40lpbwphvttc
SNPS_CLOCK_GATE_HIGH_sb_unq1_44
                       ZeroWireload      tcbn40lpbwphvttc
SNPS_CLOCK_GATE_HIGH_sb_unq2_6
                       ZeroWireload      tcbn40lpbwphvttc
SNPS_CLOCK_GATE_HIGH_sb_unq2_7
                       ZeroWireload      tcbn40lpbwphvttc
SNPS_CLOCK_GATE_HIGH_sb_unq2_11
                       ZeroWireload      tcbn40lpbwphvttc
SNPS_CLOCK_GATE_HIGH_sb_unq2_10
                       ZeroWireload      tcbn40lpbwphvttc
SNPS_CLOCK_GATE_HIGH_sb_unq2_9
                       ZeroWireload      tcbn40lpbwphvttc
SNPS_CLOCK_GATE_HIGH_sb_unq2_8
                       ZeroWireload      tcbn40lpbwphvttc
test_opt_reg_DataWidth16_2
                       ZeroWireload      tcbn40lpbwphvttc
test_opt_reg_file_DataWidth16_0
                       ZeroWireload      tcbn40lpbwphvttc
test_opt_reg_DataWidth16_3
                       ZeroWireload      tcbn40lpbwphvttc
test_opt_reg_DataWidth1_3
                       ZeroWireload      tcbn40lpbwphvttc
test_opt_reg_DataWidth1_4
                       ZeroWireload      tcbn40lpbwphvttc
test_opt_reg_DataWidth1_5
                       ZeroWireload      tcbn40lpbwphvttc
test_pe_comp_unq1_0    ZeroWireload      tcbn40lpbwphvttc
test_lut_DataWidth1_0  ZeroWireload      tcbn40lpbwphvttc
test_debug_reg_DataWidth16_0
                       ZeroWireload      tcbn40lpbwphvttc
test_debug_reg_DataWidth1_0
                       ZeroWireload      tcbn40lpbwphvttc
SNPS_CLOCK_GATE_HIGH_test_pe_unq1_0
                       ZeroWireload      tcbn40lpbwphvttc
SNPS_CLOCK_GATE_HIGH_test_opt_reg_DataWidth16_0_2
                       ZeroWireload      tcbn40lpbwphvttc
SNPS_CLOCK_GATE_HIGH_test_opt_reg_file_DataWidth16_0
                       ZeroWireload      tcbn40lpbwphvttc
SNPS_CLOCK_GATE_HIGH_test_opt_reg_DataWidth16_0_3
                       ZeroWireload      tcbn40lpbwphvttc
test_full_add_DataWidth16_2
                       ZeroWireload      tcbn40lpbwphvttc
test_full_add_DataWidth16_3
                       ZeroWireload      tcbn40lpbwphvttc
test_cmpr_0            ZeroWireload      tcbn40lpbwphvttc
test_mult_add_DataWidth16_0
                       ZeroWireload      tcbn40lpbwphvttc
test_shifter_unq1_DataWidth16_0
                       ZeroWireload      tcbn40lpbwphvttc
SNPS_CLOCK_GATE_HIGH_test_lut_DataWidth1_0
                       ZeroWireload      tcbn40lpbwphvttc
SNPS_CLOCK_GATE_HIGH_test_debug_reg_DataWidth16_0
                       ZeroWireload      tcbn40lpbwphvttc


Global Operating Voltage = 1.1  
Power-specific unit information :
    Voltage Units = 1V
    Capacitance Units = 1.000000pf
    Time Units = 1ns
    Dynamic Power Units = 1mW    (derived from V,C,T units)
    Leakage Power Units = 1nW


--------------------------------------------------------------------------------
                                       Switch   Int      Leak     Total
Hierarchy                              Power    Power    Power    Power    %
--------------------------------------------------------------------------------
pe_tile_new                               0.145    0.507  335.023    0.653 100.0
  test_pe (test_pe_unq1_0)             1.02e-02 2.08e-02   81.481 3.10e-02   4.7
    test_debug_bit (test_debug_reg_DataWidth1_0)
                                       9.92e-06 2.94e-04    0.193 3.04e-04   0.0
    test_debug_data (test_debug_reg_DataWidth16_0)
                                          0.000 3.53e-03    2.908 3.54e-03   0.5
    test_lut (test_lut_DataWidth1_0)   3.64e-05 1.95e-03    1.445 1.99e-03   0.3
    test_pe_comp (test_pe_comp_unq1_0)    0.000    0.000   53.767 5.38e-05   0.0
      test_shifter (test_shifter_unq1_DataWidth16_0)
                                          0.000    0.000    3.588 3.59e-06   0.0
      test_mult_add (test_mult_add_DataWidth16_0)
                                          0.000    0.000   36.489 3.65e-05   0.0
      cmpr (test_cmpr_0)                  0.000    0.000    0.183 1.83e-07   0.0
      GEN_ADD[1].full_add (test_full_add_DataWidth16_3)
                                          0.000    0.000    3.136 3.14e-06   0.0
      GEN_ADD[0].full_add (test_full_add_DataWidth16_2)
                                          0.000    0.000    3.136 3.14e-06   0.0
    test_opt_reg_f (test_opt_reg_DataWidth1_5)
                                       4.79e-05 3.57e-04    0.321 4.05e-04   0.1
    test_opt_reg_e (test_opt_reg_DataWidth1_4)
                                       4.85e-05 3.59e-04    0.321 4.08e-04   0.1
    test_opt_reg_d (test_opt_reg_DataWidth1_3)
                                       4.81e-05 3.58e-04    0.321 4.06e-04   0.1
    test_opt_reg_c (test_opt_reg_DataWidth16_3)
                                       2.89e-05 2.77e-04    3.625 3.09e-04   0.0
    test_opt_reg_file (test_opt_reg_file_DataWidth16_0)
                                       2.75e-05 2.78e-04    3.631 3.10e-04   0.0
    test_opt_reg_a (test_opt_reg_DataWidth16_2)
                                       2.90e-05 2.80e-04    3.698 3.13e-04   0.0
  sb_1b (sb_unq2_0)                    2.01e-02 7.96e-02   41.411 9.97e-02  15.3
  sb_wide (sb_unq1_0)                  7.80e-02    0.377  178.477    0.455  69.8
  cb_data2 (cb_unq1_5)                 2.10e-03 7.26e-03    8.615 9.36e-03   1.4
  cb_data1 (cb_unq1_4)                 2.10e-03 7.26e-03    8.615 9.36e-03   1.4
  cb_data0 (cb_unq1_3)                 2.10e-03 7.26e-03    8.615 9.36e-03   1.4
1
