**************************************************************
* Voltage Drop Report file

* Units:
*   Length Unit         : um
*   Length Scale        : 0.001
*   Voltage Unit        : mV
*
* Cell Name : test_pe
* Net Name   : VDD
* Number of Resistors: 1185
* Threshold V: (min, max)=(0.734410 7.549244)
* Format: [left bottom right top] on Layer is voltage
*
[43830 3000 46830 6000] on M8 is 1.178
[43830 6000 46830 11672] on M8 is 2.388
[43830 3000 46830 9000] on VIA8 is 1.178
[45330 3000 59926 9000] on M9 is 1.178
[30734 3000 45330 9000] on M9 is 1.178
[6000 3000 30734 9000] on M9 is 1.111
[29234 3000 32234 9000] on VIA8 is 1.111
[29234 3000 32234 6000] on M8 is 1.111
[29234 6000 32234 11672] on M8 is 2.15
[29234 11672 32234 15016] on M8 is 2.764
[29234 11642 32234 11702] on VIA7 is 2.15
[29234 11642 32234 11702] on VIA6 is 2.149
[29234 11642 32234 11702] on VIA5 is 2.149
[29234 11642 32234 11702] on VIA4 is 2.148
[29234 11642 32234 11702] on VIA3 is 2.148
[29234 11642 32234 11702] on VIA2 is 2.147
[29234 11642 32234 11702] on VIA1 is 2.147
[30734 11642 45330 11702] on M1 is 2.383
[6000 11642 30734 11702] on M1 is 2.146
[3000 11642 6000 11702] on M1 is 1.064
[3000 11642 9000 11702] on VIA1 is 1.064
[3000 11642 9000 11702] on VIA2 is 1.063
[3000 11642 9000 11702] on VIA3 is 1.063
[3000 11642 9000 11702] on VIA4 is 1.062
[3000 11642 9000 11702] on VIA5 is 1.062
[3000 11642 9000 11702] on VIA6 is 1.062
[3000 11642 9000 11702] on VIA7 is 1.061
[3000 11642 9000 11702] on VIA8 is 1.061
[3000 11642 9000 11702] on VIARDL is 1.061
[3000 6000 9000 11672] on MRDL is 1.071
[3000 11672 9000 15016] on MRDL is 1.059
[3000 15016 9000 18360] on MRDL is 1.048
[3000 14986 9000 15046] on VIARDL is 1.05
[3000 14986 9000 15046] on VIA8 is 1.05
[3000 14986 9000 15046] on VIA7 is 1.051
[3000 14986 9000 15046] on VIA6 is 1.051
[3000 14986 9000 15046] on VIA5 is 1.052
[3000 14986 9000 15046] on VIA4 is 1.053
[3000 14986 9000 15046] on VIA3 is 1.053
[3000 14986 9000 15046] on VIA2 is 1.054
[3000 14986 9000 15046] on VIA1 is 1.055
[6000 14986 30734 15046] on M1 is 2.757
[3000 14986 6000 15046] on M1 is 1.055
[30734 14986 45330 15046] on M1 is 3.097
[29234 14986 32234 15046] on VIA1 is 2.759
[29234 14986 32234 15046] on VIA2 is 2.76
[29234 14986 32234 15046] on VIA3 is 2.761
[29234 14986 32234 15046] on VIA4 is 2.761
[29234 14986 32234 15046] on VIA5 is 2.762
[29234 14986 32234 15046] on VIA6 is 2.763
[29234 14986 32234 15046] on VIA7 is 2.764
[29234 15016 32234 18360] on M8 is 3.381
[29234 18360 32234 21704] on M8 is 4.003
[29234 18330 32234 18390] on VIA7 is 3.381
[29234 18330 32234 18390] on VIA6 is 3.38
[29234 18330 32234 18390] on VIA5 is 3.379
[29234 18330 32234 18390] on VIA4 is 3.378
[29234 18330 32234 18390] on VIA3 is 3.376
[29234 18330 32234 18390] on VIA2 is 3.375
[29234 18330 32234 18390] on VIA1 is 3.374
[30734 18330 45330 18390] on M1 is 3.813
[6000 18330 30734 18390] on M1 is 3.372
[3000 18330 6000 18390] on M1 is 1.038
[3000 18330 9000 18390] on VIA1 is 1.038
[3000 18330 9000 18390] on VIA2 is 1.036
[3000 18330 9000 18390] on VIA3 is 1.035
[3000 18330 9000 18390] on VIA4 is 1.035
[3000 18330 9000 18390] on VIA5 is 1.034
[3000 18330 9000 18390] on VIA6 is 1.033
[3000 18330 9000 18390] on VIA7 is 1.032
[3000 18330 9000 18390] on VIA8 is 1.031
[3000 18330 9000 18390] on VIARDL is 1.031
[3000 18360 9000 21704] on MRDL is 1.028
[3000 21704 9000 25048] on MRDL is 997.14e-3
[3000 21674 9000 21734] on VIARDL is 1.001
[3000 21674 9000 21734] on VIA8 is 1.001
[3000 21674 9000 21734] on VIA7 is 1.002
[3000 21674 9000 21734] on VIA6 is 1.003
[3000 21674 9000 21734] on VIA5 is 1.004
[3000 21674 9000 21734] on VIA4 is 1.006
[3000 21674 9000 21734] on VIA3 is 1.007
[3000 21674 9000 21734] on VIA2 is 1.008
[3000 21674 9000 21734] on VIA1 is 1.01
[6000 21674 30734 21734] on M1 is 3.99
[3000 21674 6000 21734] on M1 is 1.01
[30734 21674 45330 21734] on M1 is 4.533
[29234 21674 32234 21734] on VIA1 is 3.993
[29234 21674 32234 21734] on VIA2 is 3.995
[29234 21674 32234 21734] on VIA3 is 3.996
[29234 21674 32234 21734] on VIA4 is 3.998
[29234 21674 32234 21734] on VIA5 is 4
[29234 21674 32234 21734] on VIA6 is 4.001
[29234 21674 32234 21734] on VIA7 is 4.003
[29234 21704 32234 25048] on M8 is 4.63
[29234 25048 32234 28392] on M8 is 5.264
[29234 25018 32234 25078] on VIA7 is 4.63
[29234 25018 32234 25078] on VIA6 is 4.628
[29234 25018 32234 25078] on VIA5 is 4.626
[29234 25018 32234 25078] on VIA4 is 4.624
[29234 25018 32234 25078] on VIA3 is 4.622
[29234 25018 32234 25078] on VIA2 is 4.62
[29234 25018 32234 25078] on VIA1 is 4.618
[30734 25018 45330 25078] on M1 is 5.258
[6000 25018 30734 25078] on M1 is 4.614
[3000 25018 6000 25078] on M1 is 968.08e-3
[3000 25018 9000 25078] on VIA1 is 968.08e-3
[3000 25018 9000 25078] on VIA2 is 965.316e-3
[3000 25018 9000 25078] on VIA3 is 963.934e-3
[3000 25018 9000 25078] on VIA4 is 962.552e-3
[3000 25018 9000 25078] on VIA5 is 961.17e-3
[3000 25018 9000 25078] on VIA6 is 959.788e-3
[3000 25018 9000 25078] on VIA7 is 958.406e-3
[3000 25018 9000 25078] on VIA8 is 957.024e-3
[3000 25018 9000 25078] on VIARDL is 956.655e-3
[3000 25048 9000 28392] on MRDL is 952.233e-3
[3000 28392 9000 30620] on MRDL is 890.072e-3
[3000 28362 9000 28422] on VIARDL is 895.332e-3
[3000 28362 9000 28422] on VIA8 is 895.77e-3
[3000 28362 9000 28422] on VIA7 is 897.413e-3
[3000 28362 9000 28422] on VIA6 is 899.057e-3
[3000 28362 9000 28422] on VIA5 is 900.701e-3
[3000 28362 9000 28422] on VIA4 is 902.344e-3
[3000 28362 9000 28422] on VIA3 is 903.988e-3
[3000 28362 9000 28422] on VIA2 is 905.631e-3
[3000 28362 9000 28422] on VIA1 is 908.918e-3
[6000 28362 30734 28422] on M1 is 5.245
[3000 28362 6000 28422] on M1 is 908.918e-3
[30734 28362 45330 28422] on M1 is 5.988
[29234 28362 32234 28422] on VIA1 is 5.25
[29234 28362 32234 28422] on VIA2 is 5.252
[29234 28362 32234 28422] on VIA3 is 5.254
[29234 28362 32234 28422] on VIA4 is 5.257
[29234 28362 32234 28422] on VIA5 is 5.259
[29234 28362 32234 28422] on VIA6 is 5.261
[29234 28362 32234 28422] on VIA7 is 5.264
[29234 28392 32234 30620] on M8 is 5.692
[29234 30620 32234 31736] on M8 is 5.756
[29234 29120 32234 32120] on VIA8 is 5.692
[30734 29120 45330 32120] on M9 is 6.492
[6000 29120 30734 32120] on M9 is 5.691
[3000 29120 6000 32120] on M9 is 798.379e-3
[3000 29120 9000 32120] on VIARDL is 834.986e-3
[3000 30620 9000 31736] on MRDL is 855.056e-3
[3000 31736 9000 35080] on MRDL is 892.199e-3
[3000 31706 9000 31766] on VIARDL is 860.949e-3
[3000 31706 9000 31766] on VIA8 is 861.44e-3
[3000 31706 9000 31766] on VIA7 is 863.282e-3
[3000 31706 9000 31766] on VIA6 is 865.124e-3
[3000 31706 9000 31766] on VIA5 is 866.966e-3
[3000 31706 9000 31766] on VIA4 is 868.807e-3
[3000 31706 9000 31766] on VIA3 is 870.649e-3
[3000 31706 9000 31766] on VIA2 is 872.491e-3
[3000 31706 9000 31766] on VIA1 is 876.174e-3
[6000 31706 30734 31766] on M1 is 5.735
[3000 31706 6000 31766] on M1 is 876.174e-3
[30734 31706 45330 31766] on M1 is 6.557
[29234 31706 32234 31766] on VIA1 is 5.741
[29234 31706 32234 31766] on VIA2 is 5.743
[29234 31706 32234 31766] on VIA3 is 5.746
[29234 31706 32234 31766] on VIA4 is 5.748
[29234 31706 32234 31766] on VIA5 is 5.751
[29234 31706 32234 31766] on VIA6 is 5.754
[29234 31706 32234 31766] on VIA7 is 5.756
[29234 31736 32234 35080] on M8 is 5.959
[29234 35080 32234 38424] on M8 is 6.172
[29234 35050 32234 35110] on VIA7 is 5.959
[29234 35050 32234 35110] on VIA6 is 5.957
[29234 35050 32234 35110] on VIA5 is 5.954
[29234 35050 32234 35110] on VIA4 is 5.951
[29234 35050 32234 35110] on VIA3 is 5.949
[29234 35050 32234 35110] on VIA2 is 5.946
[29234 35050 32234 35110] on VIA1 is 5.943
[30734 35050 45330 35110] on M1 is 6.801
[6000 35050 30734 35110] on M1 is 5.938
[3000 35050 6000 35110] on M1 is 914.034e-3
[3000 35050 9000 35110] on VIA1 is 914.034e-3
[3000 35050 9000 35110] on VIA2 is 910.225e-3
[3000 35050 9000 35110] on VIA3 is 908.321e-3
[3000 35050 9000 35110] on VIA4 is 906.417e-3
[3000 35050 9000 35110] on VIA5 is 904.513e-3
[3000 35050 9000 35110] on VIA6 is 902.609e-3
[3000 35050 9000 35110] on VIA7 is 900.705e-3
[3000 35050 9000 35110] on VIA8 is 898.8e-3
[3000 35050 9000 35110] on VIARDL is 898.293e-3
[3000 35080 9000 38424] on MRDL is 905.572e-3
[3000 38424 9000 41768] on MRDL is 905.572e-3
[3000 38394 9000 38454] on VIARDL is 911.904e-3
[3000 38394 9000 38454] on VIA8 is 912.432e-3
[3000 38394 9000 38454] on VIA7 is 914.411e-3
[3000 38394 9000 38454] on VIA6 is 916.39e-3
[3000 38394 9000 38454] on VIA5 is 918.369e-3
[3000 38394 9000 38454] on VIA4 is 920.348e-3
[3000 38394 9000 38454] on VIA3 is 922.327e-3
[3000 38394 9000 38454] on VIA2 is 924.307e-3
[3000 38394 9000 38454] on VIA1 is 928.265e-3
[6000 38394 30734 38454] on M1 is 6.15
[3000 38394 6000 38454] on M1 is 928.265e-3
[30734 38394 45330 38454] on M1 is 7.052
[29234 38394 32234 38454] on VIA1 is 6.155
[29234 38394 32234 38454] on VIA2 is 6.158
[29234 38394 32234 38454] on VIA3 is 6.161
[29234 38394 32234 38454] on VIA4 is 6.164
[29234 38394 32234 38454] on VIA5 is 6.166
[29234 38394 32234 38454] on VIA6 is 6.169
[29234 38394 32234 38454] on VIA7 is 6.172
[29234 38424 32234 41768] on M8 is 6.395
[29234 41768 32234 44540] on M8 is 6.588
[29234 41738 32234 41798] on VIA7 is 6.395
[29234 41738 32234 41798] on VIA6 is 6.392
[29234 41738 32234 41798] on VIA5 is 6.389
[29234 41738 32234 41798] on VIA4 is 6.386
[29234 41738 32234 41798] on VIA3 is 6.383
[29234 41738 32234 41798] on VIA2 is 6.38
[29234 41738 32234 41798] on VIA1 is 6.377
[30734 41738 45330 41798] on M1 is 7.31
[6000 41738 30734 41798] on M1 is 6.371
[3000 41738 6000 41798] on M1 is 917.938e-3
[3000 41738 9000 41798] on VIA1 is 917.938e-3
[3000 41738 9000 41798] on VIA2 is 913.804e-3
[3000 41738 9000 41798] on VIA3 is 911.737e-3
[3000 41738 9000 41798] on VIA4 is 909.67e-3
[3000 41738 9000 41798] on VIA5 is 907.603e-3
[3000 41738 9000 41798] on VIA6 is 905.536e-3
[3000 41738 9000 41798] on VIA7 is 903.469e-3
[3000 41738 9000 41798] on VIA8 is 901.402e-3
[3000 41738 9000 41798] on VIARDL is 900.851e-3
[3000 41768 9000 44540] on MRDL is 894.237e-3
[3000 44540 9000 45112] on MRDL is 873.906e-3
[3000 43040 9000 46040] on VIARDL is 863.45e-3
[6000 43040 30734 46040] on M9 is 6.587
[3000 43040 6000 46040] on M9 is 838.263e-3
[30734 43040 45330 46040] on M9 is 7.548
[29234 43040 32234 46040] on VIA8 is 6.588
[29234 44540 32234 45112] on M8 is 6.588
[29234 45112 32234 48456] on M8 is 6.556
[29234 45082 32234 45142] on VIA7 is 6.556
[29234 45082 32234 45142] on VIA6 is 6.553
[29234 45082 32234 45142] on VIA5 is 6.55
[29234 45082 32234 45142] on VIA4 is 6.547
[29234 45082 32234 45142] on VIA3 is 6.544
[29234 45082 32234 45142] on VIA2 is 6.541
[29234 45082 32234 45142] on VIA1 is 6.538
[30734 45082 45330 45142] on M1 is 7.495
[6000 45082 30734 45142] on M1 is 6.531
[3000 45082 6000 45142] on M1 is 898.389e-3
[3000 45082 9000 45142] on VIA1 is 898.389e-3
[3000 45082 9000 45142] on VIA2 is 894.118e-3
[3000 45082 9000 45142] on VIA3 is 891.983e-3
[3000 45082 9000 45142] on VIA4 is 889.848e-3
[3000 45082 9000 45142] on VIA5 is 887.713e-3
[3000 45082 9000 45142] on VIA6 is 885.578e-3
[3000 45082 9000 45142] on VIA7 is 883.443e-3
[3000 45082 9000 45142] on VIA8 is 881.308e-3
[3000 45082 9000 45142] on VIARDL is 880.738e-3
[3000 45112 9000 48456] on MRDL is 908.375e-3
[3000 48456 9000 51800] on MRDL is 917.178e-3
[3000 48426 9000 48486] on VIARDL is 914.954e-3
[3000 48426 9000 48486] on VIA8 is 915.502e-3
[3000 48426 9000 48486] on VIA7 is 917.558e-3
[3000 48426 9000 48486] on VIA6 is 919.614e-3
[3000 48426 9000 48486] on VIA5 is 921.67e-3
[3000 48426 9000 48486] on VIA4 is 923.726e-3
[3000 48426 9000 48486] on VIA3 is 925.782e-3
[3000 48426 9000 48486] on VIA2 is 927.838e-3
[3000 48426 9000 48486] on VIA1 is 931.95e-3
[6000 48426 30734 48486] on M1 is 6.356
[3000 48426 6000 48486] on M1 is 931.95e-3
[30734 48426 45330 48486] on M1 is 7.294
[29234 48426 32234 48486] on VIA1 is 6.362
[29234 48426 32234 48486] on VIA2 is 6.365
[29234 48426 32234 48486] on VIA3 is 6.368
[29234 48426 32234 48486] on VIA4 is 6.371
[29234 48426 32234 48486] on VIA5 is 6.373
[29234 48426 32234 48486] on VIA6 is 6.376
[29234 48426 32234 48486] on VIA7 is 6.379
[29234 48456 32234 51800] on M8 is 6.379
[29234 51800 32234 55144] on M8 is 6.213
[29234 51770 32234 51830] on VIA7 is 6.213
[29234 51770 32234 51830] on VIA6 is 6.21
[29234 51770 32234 51830] on VIA5 is 6.207
[29234 51770 32234 51830] on VIA4 is 6.205
[29234 51770 32234 51830] on VIA3 is 6.202
[29234 51770 32234 51830] on VIA2 is 6.199
[29234 51770 32234 51830] on VIA1 is 6.196
[30734 51770 45330 51830] on M1 is 7.101
[6000 51770 30734 51830] on M1 is 6.191
[3000 51770 6000 51830] on M1 is 939.999e-3
[3000 51770 9000 51830] on VIA1 is 939.999e-3
[3000 51770 9000 51830] on VIA2 is 936.019e-3
[3000 51770 9000 51830] on VIA3 is 934.028e-3
[3000 51770 9000 51830] on VIA4 is 932.038e-3
[3000 51770 9000 51830] on VIA5 is 930.048e-3
[3000 51770 9000 51830] on VIA6 is 928.058e-3
[3000 51770 9000 51830] on VIA7 is 926.068e-3
[3000 51770 9000 51830] on VIA8 is 924.078e-3
[3000 51770 9000 51830] on VIARDL is 923.547e-3
[3000 51800 9000 55144] on MRDL is 917.178e-3
[3000 55144 9000 58460] on MRDL is 901.136e-3
[3000 55114 9000 55174] on VIARDL is 907.336e-3
[3000 55114 9000 55174] on VIA8 is 907.853e-3
[3000 55114 9000 55174] on VIA7 is 909.79e-3
[3000 55114 9000 55174] on VIA6 is 911.727e-3
[3000 55114 9000 55174] on VIA5 is 913.665e-3
[3000 55114 9000 55174] on VIA4 is 915.602e-3
[3000 55114 9000 55174] on VIA3 is 917.54e-3
[3000 55114 9000 55174] on VIA2 is 919.477e-3
[3000 55114 9000 55174] on VIA1 is 923.352e-3
[6000 55114 30734 55174] on M1 is 6.035
[3000 55114 6000 55174] on M1 is 923.352e-3
[30734 55114 45330 55174] on M1 is 6.916
[29234 55114 32234 55174] on VIA1 is 6.041
[29234 55114 32234 55174] on VIA2 is 6.043
[29234 55114 32234 55174] on VIA3 is 6.046
[29234 55114 32234 55174] on VIA4 is 6.049
[29234 55114 32234 55174] on VIA5 is 6.051
[29234 55114 32234 55174] on VIA6 is 6.054
[29234 55114 32234 55174] on VIA7 is 6.057
[29234 55144 32234 58460] on M8 is 6.057
[29234 58460 32234 58488] on M8 is 5.912
[29234 56960 32234 59960] on VIA8 is 5.912
[30734 56960 45330 59960] on M9 is 6.754
[6000 56960 30734 59960] on M9 is 5.911
[3000 56960 6000 59960] on M9 is 824.228e-3
[3000 56960 9000 59960] on VIARDL is 861.242e-3
[3000 58460 9000 58488] on MRDL is 862.114e-3
[3000 58488 9000 61832] on MRDL is 942.62e-3
[3000 58458 9000 58518] on VIARDL is 868.181e-3
[3000 58458 9000 58518] on VIA8 is 868.686e-3
[3000 58458 9000 58518] on VIA7 is 870.582e-3
[3000 58458 9000 58518] on VIA6 is 872.478e-3
[3000 58458 9000 58518] on VIA5 is 874.373e-3
[3000 58458 9000 58518] on VIA4 is 876.269e-3
[3000 58458 9000 58518] on VIA3 is 878.165e-3
[3000 58458 9000 58518] on VIA2 is 880.06e-3
[3000 58458 9000 58518] on VIA1 is 883.852e-3
[6000 58458 30734 58518] on M1 is 5.885
[3000 58458 6000 58518] on M1 is 883.852e-3
[30734 58458 45330 58518] on M1 is 6.733
[29234 58458 32234 58518] on VIA1 is 5.891
[29234 58458 32234 58518] on VIA2 is 5.893
[29234 58458 32234 58518] on VIA3 is 5.896
[29234 58458 32234 58518] on VIA4 is 5.899
[29234 58458 32234 58518] on VIA5 is 5.902
[29234 58458 32234 58518] on VIA6 is 5.904
[29234 58458 32234 58518] on VIA7 is 5.907
[29234 58488 32234 61832] on M8 is 5.907
[29234 61832 32234 65176] on M8 is 5.328
[29234 61802 32234 61862] on VIA7 is 5.328
[29234 61802 32234 61862] on VIA6 is 5.325
[29234 61802 32234 61862] on VIA5 is 5.323
[29234 61802 32234 61862] on VIA4 is 5.321
[29234 61802 32234 61862] on VIA3 is 5.318
[29234 61802 32234 61862] on VIA2 is 5.316
[29234 61802 32234 61862] on VIA1 is 5.314
[30734 61802 45330 61862] on M1 is 6.069
[6000 61802 30734 61862] on M1 is 5.309
[3000 61802 6000 61862] on M1 is 961.516e-3
[3000 61802 9000 61862] on VIA1 is 961.516e-3
[3000 61802 9000 61862] on VIA2 is 958.22e-3
[3000 61802 9000 61862] on VIA3 is 956.572e-3
[3000 61802 9000 61862] on VIA4 is 954.924e-3
[3000 61802 9000 61862] on VIA5 is 953.276e-3
[3000 61802 9000 61862] on VIA6 is 951.628e-3
[3000 61802 9000 61862] on VIA7 is 949.98e-3
[3000 61802 9000 61862] on VIA8 is 948.333e-3
[3000 61802 9000 61862] on VIARDL is 947.893e-3
[3000 61832 9000 65176] on MRDL is 1.003
[3000 65176 9000 68520] on MRDL is 1.045
[3000 65146 9000 65206] on VIARDL is 1.007
[3000 65146 9000 65206] on VIA8 is 1.007
[3000 65146 9000 65206] on VIA7 is 1.009
[3000 65146 9000 65206] on VIA6 is 1.01
[3000 65146 9000 65206] on VIA5 is 1.012
[3000 65146 9000 65206] on VIA4 is 1.013
[3000 65146 9000 65206] on VIA3 is 1.015
[3000 65146 9000 65206] on VIA2 is 1.016
[3000 65146 9000 65206] on VIA1 is 1.019
[6000 65146 30734 65206] on M1 is 4.741
[3000 65146 6000 65206] on M1 is 1.019
[30734 65146 45330 65206] on M1 is 5.411
[29234 65146 32234 65206] on VIA1 is 4.745
[29234 65146 32234 65206] on VIA2 is 4.747
[29234 65146 32234 65206] on VIA3 is 4.749
[29234 65146 32234 65206] on VIA4 is 4.751
[29234 65146 32234 65206] on VIA5 is 4.753
[29234 65146 32234 65206] on VIA6 is 4.755
[29234 65146 32234 65206] on VIA7 is 4.757
[29234 65176 32234 68520] on M8 is 4.757
[29234 68520 32234 71864] on M8 is 4.192
[29234 68490 32234 68550] on VIA7 is 4.192
[29234 68490 32234 68550] on VIA6 is 4.191
[29234 68490 32234 68550] on VIA5 is 4.189
[29234 68490 32234 68550] on VIA4 is 4.188
[29234 68490 32234 68550] on VIA3 is 4.186
[29234 68490 32234 68550] on VIA2 is 4.184
[29234 68490 32234 68550] on VIA1 is 4.183
[30734 68490 45330 68550] on M1 is 4.759
[6000 68490 30734 68550] on M1 is 4.18
[3000 68490 6000 68550] on M1 is 1.058
[3000 68490 9000 68550] on VIA1 is 1.058
[3000 68490 9000 68550] on VIA2 is 1.056
[3000 68490 9000 68550] on VIA3 is 1.055
[3000 68490 9000 68550] on VIA4 is 1.054
[3000 68490 9000 68550] on VIA5 is 1.053
[3000 68490 9000 68550] on VIA6 is 1.051
[3000 68490 9000 68550] on VIA7 is 1.05
[3000 68490 9000 68550] on VIA8 is 1.049
[3000 68490 9000 68550] on VIARDL is 1.049
[3000 68520 9000 71864] on MRDL is 1.072
[3000 71864 9000 75208] on MRDL is 1.088
[3000 71834 9000 71894] on VIARDL is 1.076
[3000 71834 9000 71894] on VIA8 is 1.076
[3000 71834 9000 71894] on VIA7 is 1.077
[3000 71834 9000 71894] on VIA6 is 1.078
[3000 71834 9000 71894] on VIA5 is 1.079
[3000 71834 9000 71894] on VIA4 is 1.08
[3000 71834 9000 71894] on VIA3 is 1.081
[3000 71834 9000 71894] on VIA2 is 1.082
[3000 71834 9000 71894] on VIA1 is 1.083
[6000 71834 30734 71894] on M1 is 3.624
[3000 71834 6000 71894] on M1 is 1.083
[30734 71834 45330 71894] on M1 is 4.111
[29234 71834 32234 71894] on VIA1 is 3.626
[29234 71834 32234 71894] on VIA2 is 3.628
[29234 71834 32234 71894] on VIA3 is 3.629
[29234 71834 32234 71894] on VIA4 is 3.63
[29234 71834 32234 71894] on VIA5 is 3.632
[29234 71834 32234 71894] on VIA6 is 3.633
[29234 71834 32234 71894] on VIA7 is 3.634
[29234 71864 32234 75208] on M8 is 3.634
[29234 75208 32234 78552] on M8 is 3.081
[29234 75178 32234 75238] on VIA7 is 3.081
[29234 75178 32234 75238] on VIA6 is 3.08
[29234 75178 32234 75238] on VIA5 is 3.079
[29234 75178 32234 75238] on VIA4 is 3.078
[29234 75178 32234 75238] on VIA3 is 3.077
[29234 75178 32234 75238] on VIA2 is 3.076
[29234 75178 32234 75238] on VIA1 is 3.075
[30734 75178 45330 75238] on M1 is 3.468
[6000 75178 30734 75238] on M1 is 3.073
[3000 75178 6000 75238] on M1 is 1.097
[3000 75178 9000 75238] on VIA1 is 1.097
[3000 75178 9000 75238] on VIA2 is 1.095
[3000 75178 9000 75238] on VIA3 is 1.094
[3000 75178 9000 75238] on VIA4 is 1.094
[3000 75178 9000 75238] on VIA5 is 1.093
[3000 75178 9000 75238] on VIA6 is 1.092
[3000 75178 9000 75238] on VIA7 is 1.091
[3000 75178 9000 75238] on VIA8 is 1.091
[3000 75178 9000 75238] on VIARDL is 1.09
[3000 75208 9000 78552] on MRDL is 1.094
[3000 78552 9000 81896] on MRDL is 1.094
[3000 78522 9000 78582] on VIARDL is 1.096
[3000 78522 9000 78582] on VIA8 is 1.096
[3000 78522 9000 78582] on VIA7 is 1.097
[3000 78522 9000 78582] on VIA6 is 1.097
[3000 78522 9000 78582] on VIA5 is 1.098
[3000 78522 9000 78582] on VIA4 is 1.098
[3000 78522 9000 78582] on VIA3 is 1.099
[3000 78522 9000 78582] on VIA2 is 1.099
[3000 78522 9000 78582] on VIA1 is 1.1
[6000 78522 30734 78582] on M1 is 2.525
[3000 78522 6000 78582] on M1 is 1.1
[30734 78522 45330 78582] on M1 is 2.828
[29234 78522 32234 78582] on VIA1 is 2.526
[29234 78522 32234 78582] on VIA2 is 2.527
[29234 78522 32234 78582] on VIA3 is 2.528
[29234 78522 32234 78582] on VIA4 is 2.528
[29234 78522 32234 78582] on VIA5 is 2.529
[29234 78522 32234 78582] on VIA6 is 2.53
[29234 78522 32234 78582] on VIA7 is 2.53
[29234 78552 32234 81896] on M8 is 2.53
[29234 81896 32234 87568] on M8 is 1.983
[29234 81866 32234 81926] on VIA7 is 1.983
[29234 81866 32234 81926] on VIA6 is 1.982
[29234 81866 32234 81926] on VIA5 is 1.982
[29234 81866 32234 81926] on VIA4 is 1.982
[29234 81866 32234 81926] on VIA3 is 1.981
[29234 81866 32234 81926] on VIA2 is 1.981
[29234 81866 32234 81926] on VIA1 is 1.98
[30734 81866 45330 81926] on M1 is 2.19
[6000 81866 30734 81926] on M1 is 1.98
[3000 81866 6000 81926] on M1 is 1.097
[3000 81866 9000 81926] on VIA1 is 1.097
[3000 81866 9000 81926] on VIA2 is 1.097
[3000 81866 9000 81926] on VIA3 is 1.096
[3000 81866 9000 81926] on VIA4 is 1.096
[3000 81866 9000 81926] on VIA5 is 1.096
[3000 81866 9000 81926] on VIA6 is 1.095
[3000 81866 9000 81926] on VIA7 is 1.095
[3000 81866 9000 81926] on VIA8 is 1.095
[3000 81866 9000 81926] on VIARDL is 1.095
[3000 81896 9000 87568] on MRDL is 1.094
[3000 87568 9000 90568] on MRDL is 1.086
[3000 84568 9000 90568] on VIARDL is 1.086
[6000 84568 30734 90568] on M9 is 1.084
[3000 84568 6000 90568] on M9 is 1.084
[30734 84568 45330 90568] on M9 is 1.113
[29234 84568 32234 90568] on VIA8 is 1.056
[29234 87568 32234 90568] on M8 is 1.056
[45330 84568 59926 90568] on M9 is 1.113
[43830 84568 46830 90568] on VIA8 is 1.113
[43830 81896 46830 87568] on M8 is 2.194
[43830 87568 46830 90568] on M8 is 1.113
[43830 78552 46830 81896] on M8 is 2.833
[43830 81866 46830 81926] on VIA7 is 2.194
[43830 81866 46830 81926] on VIA6 is 2.194
[43830 81866 46830 81926] on VIA5 is 2.193
[43830 81866 46830 81926] on VIA4 is 2.193
[43830 81866 46830 81926] on VIA3 is 2.192
[43830 81866 46830 81926] on VIA2 is 2.192
[43830 81866 46830 81926] on VIA1 is 2.191
[45330 81866 59926 81926] on M1 is 2.19
[59926 81866 88328 81926] on M1 is 2.019
[58426 81866 61426 81926] on VIA1 is 2.02
[58426 81866 61426 81926] on VIA2 is 2.02
[58426 81866 61426 81926] on VIA3 is 2.02
[58426 81866 61426 81926] on VIA4 is 2.021
[58426 81866 61426 81926] on VIA5 is 2.021
[58426 81866 61426 81926] on VIA6 is 2.022
[58426 81866 61426 81926] on VIA7 is 2.022
[58426 78552 61426 81896] on M8 is 2.587
[58426 81896 61426 87568] on M8 is 2.022
[58426 87568 61426 90568] on M8 is 1.067
[58426 84568 61426 90568] on VIA8 is 1.067
[59926 84568 88328 90568] on M9 is 1.067
[88328 84568 91328 90568] on M9 is 1.055
[85328 84568 91328 90568] on VIARDL is 1.055
[85328 81896 91328 87568] on MRDL is 1.054
[85328 87568 91328 90568] on MRDL is 1.054
[85328 78552 91328 81896] on MRDL is 1.051
[85328 81866 91328 81926] on VIARDL is 1.052
[85328 81866 91328 81926] on VIA8 is 1.052
[85328 81866 91328 81926] on VIA7 is 1.053
[85328 81866 91328 81926] on VIA6 is 1.053
[85328 81866 91328 81926] on VIA5 is 1.053
[85328 81866 91328 81926] on VIA4 is 1.054
[85328 81866 91328 81926] on VIA3 is 1.054
[85328 81866 91328 81926] on VIA2 is 1.054
[85328 81866 91328 81926] on VIA1 is 1.055
[88328 81866 91328 81926] on M1 is 1.055
[85328 75208 91328 78552] on MRDL is 1.046
[85328 78522 91328 78582] on VIARDL is 1.047
[85328 78522 91328 78582] on VIA8 is 1.047
[85328 78522 91328 78582] on VIA7 is 1.048
[85328 78522 91328 78582] on VIA6 is 1.048
[85328 78522 91328 78582] on VIA5 is 1.049
[85328 78522 91328 78582] on VIA4 is 1.049
[85328 78522 91328 78582] on VIA3 is 1.05
[85328 78522 91328 78582] on VIA2 is 1.05
[85328 78522 91328 78582] on VIA1 is 1.051
[88328 78522 91328 78582] on M1 is 1.051
[59926 78522 88328 78582] on M1 is 2.581
[45330 78522 59926 78582] on M1 is 2.828
[58426 78522 61426 78582] on VIA1 is 2.583
[58426 78522 61426 78582] on VIA2 is 2.583
[58426 78522 61426 78582] on VIA3 is 2.584
[58426 78522 61426 78582] on VIA4 is 2.585
[58426 78522 61426 78582] on VIA5 is 2.585
[58426 78522 61426 78582] on VIA6 is 2.586
[58426 78522 61426 78582] on VIA7 is 2.587
[58426 75208 61426 78552] on M8 is 3.154
[58426 71864 61426 75208] on M8 is 3.725
[58426 75178 61426 75238] on VIA7 is 3.154
[58426 75178 61426 75238] on VIA6 is 3.153
[58426 75178 61426 75238] on VIA5 is 3.152
[58426 75178 61426 75238] on VIA4 is 3.151
[58426 75178 61426 75238] on VIA3 is 3.15
[58426 75178 61426 75238] on VIA2 is 3.149
[58426 75178 61426 75238] on VIA1 is 3.148
[59926 75178 88328 75238] on M1 is 3.146
[45330 75178 59926 75238] on M1 is 3.468
[43830 75178 46830 75238] on VIA1 is 3.47
[43830 75178 46830 75238] on VIA2 is 3.471
[43830 75178 46830 75238] on VIA3 is 3.472
[43830 75178 46830 75238] on VIA4 is 3.472
[43830 75178 46830 75238] on VIA5 is 3.473
[43830 75178 46830 75238] on VIA6 is 3.474
[43830 75178 46830 75238] on VIA7 is 3.475
[43830 71864 46830 75208] on M8 is 4.12
[43830 75208 46830 78552] on M8 is 3.475
[43830 78522 46830 78582] on VIA7 is 2.833
[43830 78522 46830 78582] on VIA6 is 2.833
[43830 78522 46830 78582] on VIA5 is 2.832
[43830 78522 46830 78582] on VIA4 is 2.831
[43830 78522 46830 78582] on VIA3 is 2.831
[43830 78522 46830 78582] on VIA2 is 2.83
[43830 78522 46830 78582] on VIA1 is 2.829
[43830 68520 46830 71864] on M8 is 4.77
[43830 71834 46830 71894] on VIA7 is 4.12
[43830 71834 46830 71894] on VIA6 is 4.119
[43830 71834 46830 71894] on VIA5 is 4.118
[43830 71834 46830 71894] on VIA4 is 4.117
[43830 71834 46830 71894] on VIA3 is 4.116
[43830 71834 46830 71894] on VIA2 is 4.115
[43830 71834 46830 71894] on VIA1 is 4.114
[45330 71834 59926 71894] on M1 is 4.111
[59926 71834 88328 71894] on M1 is 3.715
[58426 71834 61426 71894] on VIA1 is 3.717
[58426 71834 61426 71894] on VIA2 is 3.718
[58426 71834 61426 71894] on VIA3 is 3.72
[58426 71834 61426 71894] on VIA4 is 3.721
[58426 71834 61426 71894] on VIA5 is 3.722
[58426 71834 61426 71894] on VIA6 is 3.723
[58426 71834 61426 71894] on VIA7 is 3.725
[58426 68520 61426 71864] on M8 is 4.3
[58426 65176 61426 68520] on M8 is 4.881
[58426 68490 61426 68550] on VIA7 is 4.3
[58426 68490 61426 68550] on VIA6 is 4.298
[58426 68490 61426 68550] on VIA5 is 4.297
[58426 68490 61426 68550] on VIA4 is 4.295
[58426 68490 61426 68550] on VIA3 is 4.294
[58426 68490 61426 68550] on VIA2 is 4.292
[58426 68490 61426 68550] on VIA1 is 4.291
[59926 68490 88328 68550] on M1 is 4.287
[45330 68490 59926 68550] on M1 is 4.759
[43830 68490 46830 68550] on VIA1 is 4.761
[43830 68490 46830 68550] on VIA2 is 4.763
[43830 68490 46830 68550] on VIA3 is 4.764
[43830 68490 46830 68550] on VIA4 is 4.766
[43830 68490 46830 68550] on VIA5 is 4.767
[43830 68490 46830 68550] on VIA6 is 4.768
[43830 68490 46830 68550] on VIA7 is 4.77
[43830 65176 46830 68520] on M8 is 5.424
[43830 61832 46830 65176] on M8 is 6.083
[43830 65146 46830 65206] on VIA7 is 5.424
[43830 65146 46830 65206] on VIA6 is 5.422
[43830 65146 46830 65206] on VIA5 is 5.42
[43830 65146 46830 65206] on VIA4 is 5.419
[43830 65146 46830 65206] on VIA3 is 5.417
[43830 65146 46830 65206] on VIA2 is 5.416
[43830 65146 46830 65206] on VIA1 is 5.414
[45330 65146 59926 65206] on M1 is 5.411
[59926 65146 88328 65206] on M1 is 4.866
[58426 65146 61426 65206] on VIA1 is 4.869
[58426 65146 61426 65206] on VIA2 is 4.871
[58426 65146 61426 65206] on VIA3 is 4.873
[58426 65146 61426 65206] on VIA4 is 4.875
[58426 65146 61426 65206] on VIA5 is 4.877
[58426 65146 61426 65206] on VIA6 is 4.879
[58426 65146 61426 65206] on VIA7 is 4.881
[58426 61832 61426 65176] on M8 is 5.468
[58426 58488 61426 61832] on M8 is 6.064
[58426 61802 61426 61862] on VIA7 is 5.468
[58426 61802 61426 61862] on VIA6 is 5.466
[58426 61802 61426 61862] on VIA5 is 5.464
[58426 61802 61426 61862] on VIA4 is 5.462
[58426 61802 61426 61862] on VIA3 is 5.459
[58426 61802 61426 61862] on VIA2 is 5.457
[58426 61802 61426 61862] on VIA1 is 5.455
[59926 61802 88328 61862] on M1 is 5.451
[45330 61802 59926 61862] on M1 is 6.069
[43830 61802 46830 61862] on VIA1 is 6.073
[43830 61802 46830 61862] on VIA2 is 6.074
[43830 61802 46830 61862] on VIA3 is 6.076
[43830 61802 46830 61862] on VIA4 is 6.078
[43830 61802 46830 61862] on VIA5 is 6.08
[43830 61802 46830 61862] on VIA6 is 6.081
[43830 61802 46830 61862] on VIA7 is 6.083
[43830 58488 46830 61832] on M8 is 6.749
[43830 58460 46830 58488] on M8 is 6.755
[43830 58458 46830 58518] on VIA7 is 6.749
[43830 58458 46830 58518] on VIA6 is 6.747
[43830 58458 46830 58518] on VIA5 is 6.745
[43830 58458 46830 58518] on VIA4 is 6.743
[43830 58458 46830 58518] on VIA3 is 6.741
[43830 58458 46830 58518] on VIA2 is 6.739
[43830 58458 46830 58518] on VIA1 is 6.737
[45330 58458 59926 58518] on M1 is 6.733
[59926 58458 88328 58518] on M1 is 6.043
[58426 58458 61426 58518] on VIA1 is 6.048
[58426 58458 61426 58518] on VIA2 is 6.051
[58426 58458 61426 58518] on VIA3 is 6.053
[58426 58458 61426 58518] on VIA4 is 6.056
[58426 58458 61426 58518] on VIA5 is 6.059
[58426 58458 61426 58518] on VIA6 is 6.061
[58426 58458 61426 58518] on VIA7 is 6.064
[58426 58460 61426 58488] on M8 is 6.069
[58426 55144 61426 58460] on M8 is 6.22
[58426 56960 61426 59960] on VIA8 is 6.069
[59926 56960 88328 59960] on M9 is 6.068
[45330 56960 59926 59960] on M9 is 6.754
[43830 56960 46830 59960] on VIA8 is 6.755
[43830 55144 46830 58460] on M8 is 6.932
[43830 51800 46830 55144] on M8 is 7.118
[43830 55114 46830 55174] on VIA7 is 6.932
[43830 55114 46830 55174] on VIA6 is 6.93
[43830 55114 46830 55174] on VIA5 is 6.928
[43830 55114 46830 55174] on VIA4 is 6.926
[43830 55114 46830 55174] on VIA3 is 6.924
[43830 55114 46830 55174] on VIA2 is 6.922
[43830 55114 46830 55174] on VIA1 is 6.92
[45330 55114 59926 55174] on M1 is 6.916
[59926 55114 88328 55174] on M1 is 6.199
[58426 55114 61426 55174] on VIA1 is 6.204
[58426 55114 61426 55174] on VIA2 is 6.207
[58426 55114 61426 55174] on VIA3 is 6.209
[58426 55114 61426 55174] on VIA4 is 6.212
[58426 55114 61426 55174] on VIA5 is 6.215
[58426 55114 61426 55174] on VIA6 is 6.217
[58426 55114 61426 55174] on VIA7 is 6.22
[58426 51800 61426 55144] on M8 is 6.382
[58426 48456 61426 51800] on M8 is 6.553
[58426 51770 61426 51830] on VIA7 is 6.382
[58426 51770 61426 51830] on VIA6 is 6.379
[58426 51770 61426 51830] on VIA5 is 6.376
[58426 51770 61426 51830] on VIA4 is 6.374
[58426 51770 61426 51830] on VIA3 is 6.371
[58426 51770 61426 51830] on VIA2 is 6.368
[58426 51770 61426 51830] on VIA1 is 6.366
[59926 51770 88328 51830] on M1 is 6.36
[45330 51770 59926 51830] on M1 is 7.101
[43830 51770 46830 51830] on VIA1 is 7.105
[43830 51770 46830 51830] on VIA2 is 7.108
[43830 51770 46830 51830] on VIA3 is 7.11
[43830 51770 46830 51830] on VIA4 is 7.112
[43830 51770 46830 51830] on VIA5 is 7.114
[43830 51770 46830 51830] on VIA6 is 7.116
[43830 51770 46830 51830] on VIA7 is 7.118
[43830 48456 46830 51800] on M8 is 7.312
[43830 45112 46830 48456] on M8 is 7.513
[43830 48426 46830 48486] on VIA7 is 7.312
[43830 48426 46830 48486] on VIA6 is 7.31
[43830 48426 46830 48486] on VIA5 is 7.308
[43830 48426 46830 48486] on VIA4 is 7.305
[43830 48426 46830 48486] on VIA3 is 7.303
[43830 48426 46830 48486] on VIA2 is 7.301
[43830 48426 46830 48486] on VIA1 is 7.299
[45330 48426 59926 48486] on M1 is 7.294
[59926 48426 88328 48486] on M1 is 6.531
[58426 48426 61426 48486] on VIA1 is 6.536
[58426 48426 61426 48486] on VIA2 is 6.539
[58426 48426 61426 48486] on VIA3 is 6.542
[58426 48426 61426 48486] on VIA4 is 6.545
[58426 48426 61426 48486] on VIA5 is 6.547
[58426 48426 61426 48486] on VIA6 is 6.55
[58426 48426 61426 48486] on VIA7 is 6.553
[58426 45112 61426 48456] on M8 is 6.734
[58426 44540 61426 45112] on M8 is 6.767
[58426 45082 61426 45142] on VIA7 is 6.734
[58426 45082 61426 45142] on VIA6 is 6.731
[58426 45082 61426 45142] on VIA5 is 6.728
[58426 45082 61426 45142] on VIA4 is 6.726
[58426 45082 61426 45142] on VIA3 is 6.723
[58426 45082 61426 45142] on VIA2 is 6.72
[58426 45082 61426 45142] on VIA1 is 6.717
[59926 45082 88328 45142] on M1 is 6.711
[45330 45082 59926 45142] on M1 is 7.495
[43830 45082 46830 45142] on VIA1 is 7.5
[43830 45082 46830 45142] on VIA2 is 7.502
[43830 45082 46830 45142] on VIA3 is 7.504
[43830 45082 46830 45142] on VIA4 is 7.507
[43830 45082 46830 45142] on VIA5 is 7.509
[43830 45082 46830 45142] on VIA6 is 7.511
[43830 45082 46830 45142] on VIA7 is 7.513
[43830 44540 46830 45112] on M8 is 7.549
[43830 41768 46830 44540] on M8 is 7.549
[43830 43040 46830 46040] on VIA8 is 7.549
[45330 43040 59926 46040] on M9 is 7.548
[59926 43040 88328 46040] on M9 is 6.766
[58426 43040 61426 46040] on VIA8 is 6.767
[58426 41768 61426 44540] on M8 is 6.767
[58426 38424 61426 41768] on M8 is 6.568
[58426 41738 61426 41798] on VIA7 is 6.568
[58426 41738 61426 41798] on VIA6 is 6.566
[58426 41738 61426 41798] on VIA5 is 6.563
[58426 41738 61426 41798] on VIA4 is 6.56
[58426 41738 61426 41798] on VIA3 is 6.557
[58426 41738 61426 41798] on VIA2 is 6.554
[58426 41738 61426 41798] on VIA1 is 6.552
[59926 41738 88328 41798] on M1 is 6.546
[45330 41738 59926 41798] on M1 is 7.31
[43830 41738 46830 41798] on VIA1 is 7.315
[43830 41738 46830 41798] on VIA2 is 7.317
[43830 41738 46830 41798] on VIA3 is 7.319
[43830 41738 46830 41798] on VIA4 is 7.321
[43830 41738 46830 41798] on VIA5 is 7.324
[43830 41738 46830 41798] on VIA6 is 7.326
[43830 41738 46830 41798] on VIA7 is 7.328
[43830 38424 46830 41768] on M8 is 7.328
[43830 35080 46830 38424] on M8 is 7.069
[43830 38394 46830 38454] on VIA7 is 7.069
[43830 38394 46830 38454] on VIA6 is 7.067
[43830 38394 46830 38454] on VIA5 is 7.064
[43830 38394 46830 38454] on VIA4 is 7.062
[43830 38394 46830 38454] on VIA3 is 7.06
[43830 38394 46830 38454] on VIA2 is 7.058
[43830 38394 46830 38454] on VIA1 is 7.056
[45330 38394 59926 38454] on M1 is 7.052
[59926 38394 88328 38454] on M1 is 6.317
[58426 38394 61426 38454] on VIA1 is 6.323
[58426 38394 61426 38454] on VIA2 is 6.325
[58426 38394 61426 38454] on VIA3 is 6.328
[58426 38394 61426 38454] on VIA4 is 6.331
[58426 38394 61426 38454] on VIA5 is 6.333
[58426 38394 61426 38454] on VIA6 is 6.336
[58426 38394 61426 38454] on VIA7 is 6.339
[58426 35080 61426 38424] on M8 is 6.339
[58426 31736 61426 35080] on M8 is 6.119
[58426 35050 61426 35110] on VIA7 is 6.119
[58426 35050 61426 35110] on VIA6 is 6.116
[58426 35050 61426 35110] on VIA5 is 6.114
[58426 35050 61426 35110] on VIA4 is 6.111
[58426 35050 61426 35110] on VIA3 is 6.108
[58426 35050 61426 35110] on VIA2 is 6.106
[58426 35050 61426 35110] on VIA1 is 6.103
[59926 35050 88328 35110] on M1 is 6.098
[45330 35050 59926 35110] on M1 is 6.801
[43830 35050 46830 35110] on VIA1 is 6.805
[43830 35050 46830 35110] on VIA2 is 6.807
[43830 35050 46830 35110] on VIA3 is 6.809
[43830 35050 46830 35110] on VIA4 is 6.811
[43830 35050 46830 35110] on VIA5 is 6.813
[43830 35050 46830 35110] on VIA6 is 6.815
[43830 35050 46830 35110] on VIA7 is 6.817
[43830 31736 46830 35080] on M8 is 6.817
[43830 30620 46830 31736] on M8 is 6.572
[43830 31706 46830 31766] on VIA7 is 6.572
[43830 31706 46830 31766] on VIA6 is 6.571
[43830 31706 46830 31766] on VIA5 is 6.569
[43830 31706 46830 31766] on VIA4 is 6.567
[43830 31706 46830 31766] on VIA3 is 6.565
[43830 31706 46830 31766] on VIA2 is 6.563
[43830 31706 46830 31766] on VIA1 is 6.561
[45330 31706 59926 31766] on M1 is 6.557
[59926 31706 88328 31766] on M1 is 5.888
[58426 31706 61426 31766] on VIA1 is 5.893
[58426 31706 61426 31766] on VIA2 is 5.895
[58426 31706 61426 31766] on VIA3 is 5.898
[58426 31706 61426 31766] on VIA4 is 5.9
[58426 31706 61426 31766] on VIA5 is 5.903
[58426 31706 61426 31766] on VIA6 is 5.905
[58426 31706 61426 31766] on VIA7 is 5.908
[58426 30620 61426 31736] on M8 is 5.908
[58426 28392 61426 30620] on M8 is 5.84
[58426 29120 61426 32120] on VIA8 is 5.84
[59926 29120 88328 32120] on M9 is 5.839
[45330 29120 59926 32120] on M9 is 6.492
[43830 29120 46830 32120] on VIA8 is 6.493
[43830 28392 46830 30620] on M8 is 6.493
[43830 25048 46830 28392] on M8 is 6.001
[43830 28362 46830 28422] on VIA7 is 6.001
[43830 28362 46830 28422] on VIA6 is 6
[43830 28362 46830 28422] on VIA5 is 5.998
[43830 28362 46830 28422] on VIA4 is 5.996
[43830 28362 46830 28422] on VIA3 is 5.995
[43830 28362 46830 28422] on VIA2 is 5.993
[43830 28362 46830 28422] on VIA1 is 5.991
[45330 28362 59926 28422] on M1 is 5.988
[59926 28362 88328 28422] on M1 is 5.383
[58426 28362 61426 28422] on VIA1 is 5.387
[58426 28362 61426 28422] on VIA2 is 5.389
[58426 28362 61426 28422] on VIA3 is 5.392
[58426 28362 61426 28422] on VIA4 is 5.394
[58426 28362 61426 28422] on VIA5 is 5.396
[58426 28362 61426 28422] on VIA6 is 5.398
[58426 28362 61426 28422] on VIA7 is 5.401
[58426 25048 61426 28392] on M8 is 5.401
[58426 21704 61426 25048] on M8 is 4.748
[58426 25018 61426 25078] on VIA7 is 4.748
[58426 25018 61426 25078] on VIA6 is 4.747
[58426 25018 61426 25078] on VIA5 is 4.745
[58426 25018 61426 25078] on VIA4 is 4.743
[58426 25018 61426 25078] on VIA3 is 4.741
[58426 25018 61426 25078] on VIA2 is 4.739
[58426 25018 61426 25078] on VIA1 is 4.737
[59926 25018 88328 25078] on M1 is 4.734
[45330 25018 59926 25078] on M1 is 5.258
[43830 25018 46830 25078] on VIA1 is 5.261
[43830 25018 46830 25078] on VIA2 is 5.262
[43830 25018 46830 25078] on VIA3 is 5.264
[43830 25018 46830 25078] on VIA4 is 5.265
[43830 25018 46830 25078] on VIA5 is 5.267
[43830 25018 46830 25078] on VIA6 is 5.268
[43830 25018 46830 25078] on VIA7 is 5.27
[43830 21704 46830 25048] on M8 is 5.27
[43830 18360 46830 21704] on M8 is 4.543
[43830 21674 46830 21734] on VIA7 is 4.543
[43830 21674 46830 21734] on VIA6 is 4.542
[43830 21674 46830 21734] on VIA5 is 4.541
[43830 21674 46830 21734] on VIA4 is 4.54
[43830 21674 46830 21734] on VIA3 is 4.538
[43830 21674 46830 21734] on VIA2 is 4.537
[43830 21674 46830 21734] on VIA1 is 4.536
[45330 21674 59926 21734] on M1 is 4.533
[59926 21674 88328 21734] on M1 is 4.091
[58426 21674 61426 21734] on VIA1 is 4.094
[58426 21674 61426 21734] on VIA2 is 4.095
[58426 21674 61426 21734] on VIA3 is 4.097
[58426 21674 61426 21734] on VIA4 is 4.098
[58426 21674 61426 21734] on VIA5 is 4.1
[58426 21674 61426 21734] on VIA6 is 4.101
[58426 21674 61426 21734] on VIA7 is 4.103
[58426 18360 61426 21704] on M8 is 4.103
[58426 15016 61426 18360] on M8 is 3.463
[58426 18330 61426 18390] on VIA7 is 3.463
[58426 18330 61426 18390] on VIA6 is 3.462
[58426 18330 61426 18390] on VIA5 is 3.46
[58426 18330 61426 18390] on VIA4 is 3.459
[58426 18330 61426 18390] on VIA3 is 3.458
[58426 18330 61426 18390] on VIA2 is 3.457
[58426 18330 61426 18390] on VIA1 is 3.456
[59926 18330 88328 18390] on M1 is 3.453
[45330 18330 59926 18390] on M1 is 3.813
[43830 18330 46830 18390] on VIA1 is 3.815
[43830 18330 46830 18390] on VIA2 is 3.816
[43830 18330 46830 18390] on VIA3 is 3.817
[43830 18330 46830 18390] on VIA4 is 3.818
[43830 18330 46830 18390] on VIA5 is 3.819
[43830 18330 46830 18390] on VIA6 is 3.82
[43830 18330 46830 18390] on VIA7 is 3.821
[43830 15016 46830 18360] on M8 is 3.821
[43830 11672 46830 15016] on M8 is 3.103
[43830 14986 46830 15046] on VIA7 is 3.103
[43830 14986 46830 15046] on VIA6 is 3.102
[43830 14986 46830 15046] on VIA5 is 3.102
[43830 14986 46830 15046] on VIA4 is 3.101
[43830 14986 46830 15046] on VIA3 is 3.1
[43830 14986 46830 15046] on VIA2 is 3.099
[43830 14986 46830 15046] on VIA1 is 3.099
[45330 14986 59926 15046] on M1 is 3.097
[59926 14986 88328 15046] on M1 is 2.82
[58426 14986 61426 15046] on VIA1 is 2.822
[58426 14986 61426 15046] on VIA2 is 2.823
[58426 14986 61426 15046] on VIA3 is 2.823
[58426 14986 61426 15046] on VIA4 is 2.824
[58426 14986 61426 15046] on VIA5 is 2.825
[58426 14986 61426 15046] on VIA6 is 2.826
[58426 14986 61426 15046] on VIA7 is 2.827
[58426 11672 61426 15016] on M8 is 2.827
[58426 6000 61426 11672] on M8 is 2.194
[58426 11642 61426 11702] on VIA7 is 2.194
[58426 11642 61426 11702] on VIA6 is 2.193
[58426 11642 61426 11702] on VIA5 is 2.193
[58426 11642 61426 11702] on VIA4 is 2.192
[58426 11642 61426 11702] on VIA3 is 2.192
[58426 11642 61426 11702] on VIA2 is 2.191
[58426 11642 61426 11702] on VIA1 is 2.191
[59926 11642 88328 11702] on M1 is 2.19
[45330 11642 59926 11702] on M1 is 2.383
[43830 11642 46830 11702] on VIA1 is 2.385
[43830 11642 46830 11702] on VIA2 is 2.385
[43830 11642 46830 11702] on VIA3 is 2.386
[43830 11642 46830 11702] on VIA4 is 2.386
[43830 11642 46830 11702] on VIA5 is 2.387
[43830 11642 46830 11702] on VIA6 is 2.387
[43830 11642 46830 11702] on VIA7 is 2.388
[88328 11642 91328 11702] on M1 is 1.018
[85328 11642 91328 11702] on VIA1 is 1.018
[85328 11642 91328 11702] on VIA2 is 1.017
[85328 11642 91328 11702] on VIA3 is 1.017
[85328 11642 91328 11702] on VIA4 is 1.016
[85328 11642 91328 11702] on VIA5 is 1.016
[85328 11642 91328 11702] on VIA6 is 1.016
[85328 11642 91328 11702] on VIA7 is 1.015
[85328 11642 91328 11702] on VIA8 is 1.015
[85328 11642 91328 11702] on VIARDL is 1.015
[85328 6000 91328 11672] on MRDL is 1.035
[85328 11672 91328 15016] on MRDL is 1.013
[85328 15016 91328 18360] on MRDL is 996.021e-3
[85328 14986 91328 15046] on VIARDL is 997.941e-3
[85328 14986 91328 15046] on VIA8 is 998.101e-3
[85328 14986 91328 15046] on VIA7 is 998.7e-3
[85328 14986 91328 15046] on VIA6 is 999.3e-3
[85328 14986 91328 15046] on VIA5 is 999.9e-3
[85328 14986 91328 15046] on VIA4 is 1
[85328 14986 91328 15046] on VIA3 is 1.001
[85328 14986 91328 15046] on VIA2 is 1.002
[85328 14986 91328 15046] on VIA1 is 1.003
[88328 14986 91328 15046] on M1 is 1.003
[85328 18360 91328 21704] on MRDL is 971.143e-3
[85328 18330 91328 18390] on VIARDL is 973.755e-3
[85328 18330 91328 18390] on VIA8 is 973.973e-3
[85328 18330 91328 18390] on VIA7 is 974.789e-3
[85328 18330 91328 18390] on VIA6 is 975.605e-3
[85328 18330 91328 18390] on VIA5 is 976.421e-3
[85328 18330 91328 18390] on VIA4 is 977.238e-3
[85328 18330 91328 18390] on VIA3 is 978.054e-3
[85328 18330 91328 18390] on VIA2 is 978.87e-3
[85328 18330 91328 18390] on VIA1 is 980.502e-3
[88328 18330 91328 18390] on M1 is 980.502e-3
[85328 21704 91328 25048] on MRDL is 936.074e-3
[85328 21674 91328 21734] on VIARDL is 939.394e-3
[85328 21674 91328 21734] on VIA8 is 939.67e-3
[85328 21674 91328 21734] on VIA7 is 940.708e-3
[85328 21674 91328 21734] on VIA6 is 941.745e-3
[85328 21674 91328 21734] on VIA5 is 942.783e-3
[85328 21674 91328 21734] on VIA4 is 943.82e-3
[85328 21674 91328 21734] on VIA3 is 944.857e-3
[85328 21674 91328 21734] on VIA2 is 945.895e-3
[85328 21674 91328 21734] on VIA1 is 947.97e-3
[88328 21674 91328 21734] on M1 is 947.97e-3
[85328 25048 91328 28392] on MRDL is 888.054e-3
[85328 25018 91328 25078] on VIARDL is 892.101e-3
[85328 25018 91328 25078] on VIA8 is 892.438e-3
[85328 25018 91328 25078] on VIA7 is 893.703e-3
[85328 25018 91328 25078] on VIA6 is 894.967e-3
[85328 25018 91328 25078] on VIA5 is 896.232e-3
[85328 25018 91328 25078] on VIA4 is 897.496e-3
[85328 25018 91328 25078] on VIA3 is 898.761e-3
[85328 25018 91328 25078] on VIA2 is 900.025e-3
[85328 25018 91328 25078] on VIA1 is 902.554e-3
[88328 25018 91328 25078] on M1 is 902.554e-3
[85328 28392 91328 30620] on MRDL is 824.247e-3
[85328 28362 91328 28422] on VIARDL is 829.044e-3
[85328 28362 91328 28422] on VIA8 is 829.444e-3
[85328 28362 91328 28422] on VIA7 is 830.943e-3
[85328 28362 91328 28422] on VIA6 is 832.442e-3
[85328 28362 91328 28422] on VIA5 is 833.941e-3
[85328 28362 91328 28422] on VIA4 is 835.44e-3
[85328 28362 91328 28422] on VIA3 is 836.939e-3
[85328 28362 91328 28422] on VIA2 is 838.438e-3
[85328 28362 91328 28422] on VIA1 is 841.436e-3
[88328 28362 91328 28422] on M1 is 841.436e-3
[85328 30620 91328 31736] on MRDL is 787.109e-3
[85328 29120 91328 32120] on VIARDL is 769.266e-3
[88328 29120 91328 32120] on M9 is 734.41e-3
[85328 31736 91328 35080] on MRDL is 819.635e-3
[85328 31706 91328 31766] on VIARDL is 792.477e-3
[85328 31706 91328 31766] on VIA8 is 792.924e-3
[85328 31706 91328 31766] on VIA7 is 794.601e-3
[85328 31706 91328 31766] on VIA6 is 796.279e-3
[85328 31706 91328 31766] on VIA5 is 797.956e-3
[85328 31706 91328 31766] on VIA4 is 799.633e-3
[85328 31706 91328 31766] on VIA3 is 801.311e-3
[85328 31706 91328 31766] on VIA2 is 802.988e-3
[85328 31706 91328 31766] on VIA1 is 806.343e-3
[88328 31706 91328 31766] on M1 is 806.343e-3
[85328 35080 91328 38424] on MRDL is 830.491e-3
[85328 35050 91328 35110] on VIARDL is 825.19e-3
[85328 35050 91328 35110] on VIA8 is 825.652e-3
[85328 35050 91328 35110] on VIA7 is 827.388e-3
[85328 35050 91328 35110] on VIA6 is 829.124e-3
[85328 35050 91328 35110] on VIA5 is 830.86e-3
[85328 35050 91328 35110] on VIA4 is 832.595e-3
[85328 35050 91328 35110] on VIA3 is 834.331e-3
[85328 35050 91328 35110] on VIA2 is 836.067e-3
[85328 35050 91328 35110] on VIA1 is 839.539e-3
[88328 35050 91328 35110] on M1 is 839.539e-3
[85328 38424 91328 41768] on MRDL is 830.491e-3
[85328 38394 91328 38454] on VIARDL is 836.265e-3
[85328 38394 91328 38454] on VIA8 is 836.746e-3
[85328 38394 91328 38454] on VIA7 is 838.55e-3
[85328 38394 91328 38454] on VIA6 is 840.354e-3
[85328 38394 91328 38454] on VIA5 is 842.159e-3
[85328 38394 91328 38454] on VIA4 is 843.963e-3
[85328 38394 91328 38454] on VIA3 is 845.767e-3
[85328 38394 91328 38454] on VIA2 is 847.572e-3
[85328 38394 91328 38454] on VIA1 is 851.18e-3
[88328 38394 91328 38454] on M1 is 851.18e-3
[85328 41768 91328 44540] on MRDL is 818.821e-3
[85328 41738 91328 41798] on VIARDL is 824.847e-3
[85328 41738 91328 41798] on VIA8 is 825.35e-3
[85328 41738 91328 41798] on VIA7 is 827.233e-3
[85328 41738 91328 41798] on VIA6 is 829.116e-3
[85328 41738 91328 41798] on VIA5 is 831e-3
[85328 41738 91328 41798] on VIA4 is 832.883e-3
[85328 41738 91328 41798] on VIA3 is 834.766e-3
[85328 41738 91328 41798] on VIA2 is 836.65e-3
[85328 41738 91328 41798] on VIA1 is 840.417e-3
[88328 41738 91328 41798] on M1 is 840.417e-3
[85328 44540 91328 45112] on MRDL is 799.404e-3
[85328 43040 91328 46040] on VIARDL is 789.656e-3
[88328 43040 91328 46040] on M9 is 766.032e-3
[85328 45112 91328 48456] on MRDL is 832.12e-3
[85328 45082 91328 45142] on VIARDL is 805.625e-3
[85328 45082 91328 45142] on VIA8 is 806.143e-3
[85328 45082 91328 45142] on VIA7 is 808.087e-3
[85328 45082 91328 45142] on VIA6 is 810.031e-3
[85328 45082 91328 45142] on VIA5 is 811.975e-3
[85328 45082 91328 45142] on VIA4 is 813.919e-3
[85328 45082 91328 45142] on VIA3 is 815.863e-3
[85328 45082 91328 45142] on VIA2 is 817.807e-3
[85328 45082 91328 45142] on VIA1 is 821.695e-3
[88328 45082 91328 45142] on M1 is 821.695e-3
[85328 48456 91328 51800] on MRDL is 841.441e-3
[85328 48426 91328 48486] on VIARDL is 838.117e-3
[85328 48426 91328 48486] on VIA8 is 838.617e-3
[85328 48426 91328 48486] on VIA7 is 840.491e-3
[85328 48426 91328 48486] on VIA6 is 842.365e-3
[85328 48426 91328 48486] on VIA5 is 844.239e-3
[85328 48426 91328 48486] on VIA4 is 846.113e-3
[85328 48426 91328 48486] on VIA3 is 847.987e-3
[85328 48426 91328 48486] on VIA2 is 849.861e-3
[85328 48426 91328 48486] on VIA1 is 853.608e-3
[88328 48426 91328 48486] on M1 is 853.608e-3
[85328 51800 91328 55144] on MRDL is 841.441e-3
[85328 51770 91328 51830] on VIARDL is 847.249e-3
[85328 51770 91328 51830] on VIA8 is 847.733e-3
[85328 51770 91328 51830] on VIA7 is 849.547e-3
[85328 51770 91328 51830] on VIA6 is 851.362e-3
[85328 51770 91328 51830] on VIA5 is 853.177e-3
[85328 51770 91328 51830] on VIA4 is 854.992e-3
[85328 51770 91328 51830] on VIA3 is 856.807e-3
[85328 51770 91328 51830] on VIA2 is 858.621e-3
[85328 51770 91328 51830] on VIA1 is 862.251e-3
[88328 51770 91328 51830] on M1 is 862.251e-3
[85328 55144 91328 58460] on MRDL is 828.106e-3
[85328 55114 91328 55174] on VIARDL is 833.758e-3
[85328 55114 91328 55174] on VIA8 is 834.229e-3
[85328 55114 91328 55174] on VIA7 is 835.995e-3
[85328 55114 91328 55174] on VIA6 is 837.761e-3
[85328 55114 91328 55174] on VIA5 is 839.527e-3
[85328 55114 91328 55174] on VIA4 is 841.293e-3
[85328 55114 91328 55174] on VIA3 is 843.059e-3
[85328 55114 91328 55174] on VIA2 is 844.826e-3
[85328 55114 91328 55174] on VIA1 is 848.358e-3
[88328 55114 91328 55174] on M1 is 848.358e-3
[85328 58460 91328 58488] on MRDL is 793.87e-3
[85328 56960 91328 59960] on VIARDL is 793.018e-3
[88328 56960 91328 59960] on M9 is 757.843e-3
[85328 58488 91328 61832] on MRDL is 874.165e-3
[85328 58458 91328 58518] on VIARDL is 799.394e-3
[85328 58458 91328 58518] on VIA8 is 799.854e-3
[85328 58458 91328 58518] on VIA7 is 801.581e-3
[85328 58458 91328 58518] on VIA6 is 803.307e-3
[85328 58458 91328 58518] on VIA5 is 805.033e-3
[85328 58458 91328 58518] on VIA4 is 806.759e-3
[85328 58458 91328 58518] on VIA3 is 808.485e-3
[85328 58458 91328 58518] on VIA2 is 810.211e-3
[85328 58458 91328 58518] on VIA1 is 813.664e-3
[88328 58458 91328 58518] on M1 is 813.664e-3
[85328 61832 91328 65176] on MRDL is 935.672e-3
[85328 61802 91328 61862] on VIARDL is 878.981e-3
[85328 61802 91328 61862] on VIA8 is 879.382e-3
[85328 61802 91328 61862] on VIA7 is 880.887e-3
[85328 61802 91328 61862] on VIA6 is 882.392e-3
[85328 61802 91328 61862] on VIA5 is 883.897e-3
[85328 61802 91328 61862] on VIA4 is 885.401e-3
[85328 61802 91328 61862] on VIA3 is 886.906e-3
[85328 61802 91328 61862] on VIA2 is 888.411e-3
[85328 61802 91328 61862] on VIA1 is 891.421e-3
[88328 61802 91328 61862] on M1 is 891.421e-3
[85328 65176 91328 68520] on MRDL is 981.046e-3
[85328 65146 91328 65206] on VIARDL is 939.808e-3
[85328 65146 91328 65206] on VIA8 is 940.152e-3
[85328 65146 91328 65206] on VIA7 is 941.445e-3
[85328 65146 91328 65206] on VIA6 is 942.737e-3
[85328 65146 91328 65206] on VIA5 is 944.029e-3
[85328 65146 91328 65206] on VIA4 is 945.321e-3
[85328 65146 91328 65206] on VIA3 is 946.614e-3
[85328 65146 91328 65206] on VIA2 is 947.906e-3
[85328 65146 91328 65206] on VIA1 is 950.491e-3
[88328 65146 91328 65206] on M1 is 950.491e-3
[85328 68520 91328 71864] on MRDL is 1.013
[85328 68490 91328 68550] on VIARDL is 984.525e-3
[85328 68490 91328 68550] on VIA8 is 984.815e-3
[85328 68490 91328 68550] on VIA7 is 985.902e-3
[85328 68490 91328 68550] on VIA6 is 986.989e-3
[85328 68490 91328 68550] on VIA5 is 988.076e-3
[85328 68490 91328 68550] on VIA4 is 989.164e-3
[85328 68490 91328 68550] on VIA3 is 990.251e-3
[85328 68490 91328 68550] on VIA2 is 991.338e-3
[85328 68490 91328 68550] on VIA1 is 993.513e-3
[88328 68490 91328 68550] on M1 is 993.513e-3
[85328 71864 91328 75208] on MRDL is 1.034
[85328 71834 91328 71894] on VIARDL is 1.016
[85328 71834 91328 71894] on VIA8 is 1.016
[85328 71834 91328 71894] on VIA7 is 1.017
[85328 71834 91328 71894] on VIA6 is 1.018
[85328 71834 91328 71894] on VIA5 is 1.019
[85328 71834 91328 71894] on VIA4 is 1.019
[85328 71834 91328 71894] on VIA3 is 1.02
[85328 71834 91328 71894] on VIA2 is 1.021
[85328 71834 91328 71894] on VIA1 is 1.023
[88328 71834 91328 71894] on M1 is 1.023
[85328 75178 91328 75238] on VIARDL is 1.036
[85328 75178 91328 75238] on VIA8 is 1.036
[85328 75178 91328 75238] on VIA7 is 1.037
[85328 75178 91328 75238] on VIA6 is 1.037
[85328 75178 91328 75238] on VIA5 is 1.038
[85328 75178 91328 75238] on VIA4 is 1.039
[85328 75178 91328 75238] on VIA3 is 1.039
[85328 75178 91328 75238] on VIA2 is 1.04
[85328 75178 91328 75238] on VIA1 is 1.042
[88328 75178 91328 75238] on M1 is 1.042
[85328 3000 91328 6000] on MRDL is 1.035
[85328 3000 91328 9000] on VIARDL is 1.038
[88328 3000 91328 9000] on M9 is 1.038
[59926 3000 88328 9000] on M9 is 1.123
[58426 3000 61426 9000] on VIA8 is 1.123
[58426 3000 61426 6000] on M8 is 1.123
[3000 3000 9000 6000] on MRDL is 1.071
[3000 3000 9000 9000] on VIARDL is 1.072
[3000 3000 6000 9000] on M9 is 1.072
