**************************************************************
* Voltage Drop Report file

* Units:
*   Length Unit         : um
*   Length Scale        : 0.001
*   Voltage Unit        : mV
*
* Cell Name : test_pe
* Net Name   : VDD
* Number of Resistors: 1285
* Threshold V: (min, max)=(0.739835 7.995974)
* Format: [left bottom right top] on Layer is voltage
*
[47438 3000 50438 6000] on M8 is 1.175
[47438 6000 50438 11672] on M8 is 2.376
[47438 3000 50438 9000] on VIA8 is 1.175
[48938 3000 65338 9000] on M9 is 1.175
[32538 3000 48938 9000] on M9 is 1.175
[6000 3000 32538 9000] on M9 is 1.105
[31038 3000 34038 9000] on VIA8 is 1.105
[31038 3000 34038 6000] on M8 is 1.105
[31038 6000 34038 11672] on M8 is 2.132
[31038 11672 34038 15016] on M8 is 2.738
[31038 11642 34038 11702] on VIA7 is 2.132
[31038 11642 34038 11702] on VIA6 is 2.131
[31038 11642 34038 11702] on VIA5 is 2.131
[31038 11642 34038 11702] on VIA4 is 2.13
[31038 11642 34038 11702] on VIA3 is 2.13
[31038 11642 34038 11702] on VIA2 is 2.129
[31038 11642 34038 11702] on VIA1 is 2.129
[32538 11642 48938 11702] on M1 is 2.372
[6000 11642 32538 11702] on M1 is 2.128
[3000 11642 6000 11702] on M1 is 1.077
[3000 11642 9000 11702] on VIA1 is 1.077
[3000 11642 9000 11702] on VIA2 is 1.076
[3000 11642 9000 11702] on VIA3 is 1.076
[3000 11642 9000 11702] on VIA4 is 1.075
[3000 11642 9000 11702] on VIA5 is 1.075
[3000 11642 9000 11702] on VIA6 is 1.074
[3000 11642 9000 11702] on VIA7 is 1.074
[3000 11642 9000 11702] on VIA8 is 1.074
[3000 11642 9000 11702] on VIARDL is 1.074
[3000 6000 9000 11672] on MRDL is 1.079
[3000 11672 9000 15016] on MRDL is 1.072
[3000 15016 9000 18360] on MRDL is 1.064
[3000 14986 9000 15046] on VIARDL is 1.066
[3000 14986 9000 15046] on VIA8 is 1.066
[3000 14986 9000 15046] on VIA7 is 1.066
[3000 14986 9000 15046] on VIA6 is 1.067
[3000 14986 9000 15046] on VIA5 is 1.068
[3000 14986 9000 15046] on VIA4 is 1.068
[3000 14986 9000 15046] on VIA3 is 1.069
[3000 14986 9000 15046] on VIA2 is 1.069
[3000 14986 9000 15046] on VIA1 is 1.071
[6000 14986 32538 15046] on M1 is 2.732
[3000 14986 6000 15046] on M1 is 1.071
[32538 14986 48938 15046] on M1 is 3.081
[31038 14986 34038 15046] on VIA1 is 2.734
[31038 14986 34038 15046] on VIA2 is 2.735
[31038 14986 34038 15046] on VIA3 is 2.735
[31038 14986 34038 15046] on VIA4 is 2.736
[31038 14986 34038 15046] on VIA5 is 2.737
[31038 14986 34038 15046] on VIA6 is 2.738
[31038 14986 34038 15046] on VIA7 is 2.738
[31038 15016 34038 18360] on M8 is 3.348
[31038 18360 34038 21704] on M8 is 3.961
[31038 18330 34038 18390] on VIA7 is 3.348
[31038 18330 34038 18390] on VIA6 is 3.347
[31038 18330 34038 18390] on VIA5 is 3.346
[31038 18330 34038 18390] on VIA4 is 3.345
[31038 18330 34038 18390] on VIA3 is 3.344
[31038 18330 34038 18390] on VIA2 is 3.343
[31038 18330 34038 18390] on VIA1 is 3.341
[32538 18330 48938 18390] on M1 is 3.792
[6000 18330 32538 18390] on M1 is 3.339
[3000 18330 6000 18390] on M1 is 1.057
[3000 18330 9000 18390] on VIA1 is 1.057
[3000 18330 9000 18390] on VIA2 is 1.056
[3000 18330 9000 18390] on VIA3 is 1.055
[3000 18330 9000 18390] on VIA4 is 1.054
[3000 18330 9000 18390] on VIA5 is 1.053
[3000 18330 9000 18390] on VIA6 is 1.052
[3000 18330 9000 18390] on VIA7 is 1.051
[3000 18330 9000 18390] on VIA8 is 1.051
[3000 18330 9000 18390] on VIARDL is 1.05
[3000 18360 9000 21704] on MRDL is 1.048
[3000 21704 9000 25048] on MRDL is 1.022
[3000 21674 9000 21734] on VIARDL is 1.025
[3000 21674 9000 21734] on VIA8 is 1.025
[3000 21674 9000 21734] on VIA7 is 1.026
[3000 21674 9000 21734] on VIA6 is 1.028
[3000 21674 9000 21734] on VIA5 is 1.029
[3000 21674 9000 21734] on VIA4 is 1.03
[3000 21674 9000 21734] on VIA3 is 1.031
[3000 21674 9000 21734] on VIA2 is 1.032
[3000 21674 9000 21734] on VIA1 is 1.034
[6000 21674 32538 21734] on M1 is 3.95
[3000 21674 6000 21734] on M1 is 1.034
[32538 21674 48938 21734] on M1 is 4.506
[31038 21674 34038 21734] on VIA1 is 3.953
[31038 21674 34038 21734] on VIA2 is 3.954
[31038 21674 34038 21734] on VIA3 is 3.956
[31038 21674 34038 21734] on VIA4 is 3.957
[31038 21674 34038 21734] on VIA5 is 3.959
[31038 21674 34038 21734] on VIA6 is 3.96
[31038 21674 34038 21734] on VIA7 is 3.961
[31038 21704 34038 25048] on M8 is 4.58
[31038 25048 34038 28392] on M8 is 5.205
[31038 25018 34038 25078] on VIA7 is 4.58
[31038 25018 34038 25078] on VIA6 is 4.578
[31038 25018 34038 25078] on VIA5 is 4.576
[31038 25018 34038 25078] on VIA4 is 4.575
[31038 25018 34038 25078] on VIA3 is 4.573
[31038 25018 34038 25078] on VIA2 is 4.571
[31038 25018 34038 25078] on VIA1 is 4.569
[32538 25018 48938 25078] on M1 is 5.225
[6000 25018 32538 25078] on M1 is 4.566
[3000 25018 6000 25078] on M1 is 997.472e-3
[3000 25018 9000 25078] on VIA1 is 997.472e-3
[3000 25018 9000 25078] on VIA2 is 994.951e-3
[3000 25018 9000 25078] on VIA3 is 993.69e-3
[3000 25018 9000 25078] on VIA4 is 992.429e-3
[3000 25018 9000 25078] on VIA5 is 991.169e-3
[3000 25018 9000 25078] on VIA6 is 989.908e-3
[3000 25018 9000 25078] on VIA7 is 988.648e-3
[3000 25018 9000 25078] on VIA8 is 987.387e-3
[3000 25018 9000 25078] on VIARDL is 987.051e-3
[3000 25048 9000 28392] on MRDL is 983.017e-3
[3000 28392 9000 31736] on MRDL is 928.415e-3
[3000 28362 9000 28422] on VIARDL is 933.21e-3
[3000 28362 9000 28422] on VIA8 is 933.61e-3
[3000 28362 9000 28422] on VIA7 is 935.109e-3
[3000 28362 9000 28422] on VIA6 is 936.607e-3
[3000 28362 9000 28422] on VIA5 is 938.106e-3
[3000 28362 9000 28422] on VIA4 is 939.604e-3
[3000 28362 9000 28422] on VIA3 is 941.103e-3
[3000 28362 9000 28422] on VIA2 is 942.602e-3
[3000 28362 9000 28422] on VIA1 is 945.599e-3
[6000 28362 32538 28422] on M1 is 5.188
[3000 28362 6000 28422] on M1 is 945.599e-3
[32538 28362 48938 28422] on M1 is 5.949
[31038 28362 34038 28422] on VIA1 is 5.192
[31038 28362 34038 28422] on VIA2 is 5.194
[31038 28362 34038 28422] on VIA3 is 5.196
[31038 28362 34038 28422] on VIA4 is 5.198
[31038 28362 34038 28422] on VIA5 is 5.2
[31038 28362 34038 28422] on VIA6 is 5.203
[31038 28362 34038 28422] on VIA7 is 5.205
[31038 28392 34038 31736] on M8 is 5.837
[31038 31736 34038 32360] on M8 is 5.957
[31038 31706 34038 31766] on VIA7 is 5.837
[31038 31706 34038 31766] on VIA6 is 5.835
[31038 31706 34038 31766] on VIA5 is 5.832
[31038 31706 34038 31766] on VIA4 is 5.83
[31038 31706 34038 31766] on VIA3 is 5.827
[31038 31706 34038 31766] on VIA2 is 5.825
[31038 31706 34038 31766] on VIA1 is 5.822
[32538 31706 48938 31766] on M1 is 6.678
[6000 31706 32538 31766] on M1 is 5.817
[3000 31706 6000 31766] on M1 is 875.122e-3
[3000 31706 9000 31766] on VIA1 is 875.122e-3
[3000 31706 9000 31766] on VIA2 is 871.631e-3
[3000 31706 9000 31766] on VIA3 is 869.885e-3
[3000 31706 9000 31766] on VIA4 is 868.139e-3
[3000 31706 9000 31766] on VIA5 is 866.393e-3
[3000 31706 9000 31766] on VIA6 is 864.647e-3
[3000 31706 9000 31766] on VIA7 is 862.902e-3
[3000 31706 9000 31766] on VIA8 is 861.156e-3
[3000 31706 9000 31766] on VIARDL is 860.69e-3
[3000 31736 9000 32360] on MRDL is 855.104e-3
[3000 32360 9000 35080] on MRDL is 882.309e-3
[3000 30860 9000 33860] on VIARDL is 837.356e-3
[6000 30860 32538 33860] on M9 is 5.956
[3000 30860 6000 33860] on M9 is 798.813e-3
[32538 30860 48938 33860] on M9 is 6.829
[31038 30860 34038 33860] on VIA8 is 5.957
[31038 32360 34038 35080] on M8 is 6.112
[31038 35080 34038 38424] on M8 is 6.312
[31038 35050 34038 35110] on VIA7 is 6.112
[31038 35050 34038 35110] on VIA6 is 6.109
[31038 35050 34038 35110] on VIA5 is 6.107
[31038 35050 34038 35110] on VIA4 is 6.104
[31038 35050 34038 35110] on VIA3 is 6.101
[31038 35050 34038 35110] on VIA2 is 6.099
[31038 35050 34038 35110] on VIA1 is 6.096
[32538 35050 48938 35110] on M1 is 7.005
[6000 35050 32538 35110] on M1 is 6.091
[3000 35050 6000 35110] on M1 is 903.323e-3
[3000 35050 9000 35110] on VIA1 is 903.323e-3
[3000 35050 9000 35110] on VIA2 is 899.657e-3
[3000 35050 9000 35110] on VIA3 is 897.825e-3
[3000 35050 9000 35110] on VIA4 is 895.992e-3
[3000 35050 9000 35110] on VIA5 is 894.16e-3
[3000 35050 9000 35110] on VIA6 is 892.327e-3
[3000 35050 9000 35110] on VIA7 is 890.495e-3
[3000 35050 9000 35110] on VIA8 is 888.662e-3
[3000 35050 9000 35110] on VIARDL is 888.173e-3
[3000 35080 9000 38424] on MRDL is 914.696e-3
[3000 38424 9000 41768] on MRDL is 923.471e-3
[3000 38394 9000 38454] on VIARDL is 920.748e-3
[3000 38394 9000 38454] on VIA8 is 921.253e-3
[3000 38394 9000 38454] on VIA7 is 923.144e-3
[3000 38394 9000 38454] on VIA6 is 925.035e-3
[3000 38394 9000 38454] on VIA5 is 926.926e-3
[3000 38394 9000 38454] on VIA4 is 928.818e-3
[3000 38394 9000 38454] on VIA3 is 930.709e-3
[3000 38394 9000 38454] on VIA2 is 932.6e-3
[3000 38394 9000 38454] on VIA1 is 936.383e-3
[6000 38394 32538 38454] on M1 is 6.29
[3000 38394 6000 38454] on M1 is 936.383e-3
[32538 38394 48938 38454] on M1 is 7.246
[31038 38394 34038 38454] on VIA1 is 6.296
[31038 38394 34038 38454] on VIA2 is 6.298
[31038 38394 34038 38454] on VIA3 is 6.301
[31038 38394 34038 38454] on VIA4 is 6.304
[31038 38394 34038 38454] on VIA5 is 6.306
[31038 38394 34038 38454] on VIA6 is 6.309
[31038 38394 34038 38454] on VIA7 is 6.312
[31038 38424 34038 41768] on M8 is 6.521
[31038 41768 34038 45112] on M8 is 6.741
[31038 41738 34038 41798] on VIA7 is 6.521
[31038 41738 34038 41798] on VIA6 is 6.518
[31038 41738 34038 41798] on VIA5 is 6.516
[31038 41738 34038 41798] on VIA4 is 6.513
[31038 41738 34038 41798] on VIA3 is 6.51
[31038 41738 34038 41798] on VIA2 is 6.507
[31038 41738 34038 41798] on VIA1 is 6.504
[32538 41738 48938 41798] on M1 is 7.494
[6000 41738 32538 41798] on M1 is 6.499
[3000 41738 6000 41798] on M1 is 945.965e-3
[3000 41738 9000 41798] on VIA1 is 945.965e-3
[3000 41738 9000 41798] on VIA2 is 942.042e-3
[3000 41738 9000 41798] on VIA3 is 940.08e-3
[3000 41738 9000 41798] on VIA4 is 938.118e-3
[3000 41738 9000 41798] on VIA5 is 936.157e-3
[3000 41738 9000 41798] on VIA6 is 934.195e-3
[3000 41738 9000 41798] on VIA7 is 932.233e-3
[3000 41738 9000 41798] on VIA8 is 930.272e-3
[3000 41738 9000 41798] on VIARDL is 929.749e-3
[3000 41768 9000 45112] on MRDL is 923.471e-3
[3000 45112 9000 48020] on MRDL is 907.757e-3
[3000 45082 9000 45142] on VIARDL is 914.298e-3
[3000 45082 9000 45142] on VIA8 is 914.843e-3
[3000 45082 9000 45142] on VIA7 is 916.887e-3
[3000 45082 9000 45142] on VIA6 is 918.931e-3
[3000 45082 9000 45142] on VIA5 is 920.975e-3
[3000 45082 9000 45142] on VIA4 is 923.019e-3
[3000 45082 9000 45142] on VIA3 is 925.063e-3
[3000 45082 9000 45142] on VIA2 is 927.107e-3
[3000 45082 9000 45142] on VIA1 is 931.195e-3
[6000 45082 32538 45142] on M1 is 6.717
[3000 45082 6000 45142] on M1 is 931.195e-3
[32538 45082 48938 45142] on M1 is 7.749
[31038 45082 34038 45142] on VIA1 is 6.723
[31038 45082 34038 45142] on VIA2 is 6.726
[31038 45082 34038 45142] on VIA3 is 6.729
[31038 45082 34038 45142] on VIA4 is 6.732
[31038 45082 34038 45142] on VIA5 is 6.735
[31038 45082 34038 45142] on VIA6 is 6.738
[31038 45082 34038 45142] on VIA7 is 6.741
[31038 45112 34038 48020] on M8 is 6.94
[31038 48020 34038 48456] on M8 is 6.94
[31038 46520 34038 49520] on VIA8 is 6.94
[32538 46520 48938 49520] on M9 is 7.995
[6000 46520 32538 49520] on M9 is 6.939
[3000 46520 6000 49520] on M9 is 844.189e-3
[3000 46520 9000 49520] on VIARDL is 871.9e-3
[3000 48020 9000 48456] on MRDL is 880.619e-3
[3000 48456 9000 51800] on MRDL is 921.093e-3
[3000 48426 9000 48486] on VIARDL is 887.387e-3
[3000 48426 9000 48486] on VIA8 is 887.951e-3
[3000 48426 9000 48486] on VIA7 is 890.065e-3
[3000 48426 9000 48486] on VIA6 is 892.18e-3
[3000 48426 9000 48486] on VIA5 is 894.295e-3
[3000 48426 9000 48486] on VIA4 is 896.41e-3
[3000 48426 9000 48486] on VIA3 is 898.524e-3
[3000 48426 9000 48486] on VIA2 is 900.639e-3
[3000 48426 9000 48486] on VIA1 is 904.869e-3
[6000 48426 32538 48486] on M1 is 6.891
[3000 48426 6000 48486] on M1 is 904.869e-3
[32538 48426 48938 48486] on M1 is 7.95
[31038 48426 34038 48486] on VIA1 is 6.897
[31038 48426 34038 48486] on VIA2 is 6.9
[31038 48426 34038 48486] on VIA3 is 6.903
[31038 48426 34038 48486] on VIA4 is 6.906
[31038 48426 34038 48486] on VIA5 is 6.909
[31038 48426 34038 48486] on VIA6 is 6.912
[31038 48426 34038 48486] on VIA7 is 6.915
[31038 48456 34038 51800] on M8 is 6.915
[31038 51800 34038 55144] on M8 is 6.734
[31038 51770 34038 51830] on VIA7 is 6.734
[31038 51770 34038 51830] on VIA6 is 6.731
[31038 51770 34038 51830] on VIA5 is 6.728
[31038 51770 34038 51830] on VIA4 is 6.725
[31038 51770 34038 51830] on VIA3 is 6.722
[31038 51770 34038 51830] on VIA2 is 6.72
[31038 51770 34038 51830] on VIA1 is 6.717
[32538 51770 48938 51830] on M1 is 7.744
[6000 51770 32538 51830] on M1 is 6.711
[3000 51770 6000 51830] on M1 is 944.452e-3
[3000 51770 9000 51830] on VIA1 is 944.452e-3
[3000 51770 9000 51830] on VIA2 is 940.377e-3
[3000 51770 9000 51830] on VIA3 is 938.34e-3
[3000 51770 9000 51830] on VIA4 is 936.303e-3
[3000 51770 9000 51830] on VIA5 is 934.266e-3
[3000 51770 9000 51830] on VIA6 is 932.229e-3
[3000 51770 9000 51830] on VIA7 is 930.192e-3
[3000 51770 9000 51830] on VIA8 is 928.155e-3
[3000 51770 9000 51830] on VIARDL is 927.611e-3
[3000 51800 9000 55144] on MRDL is 936.134e-3
[3000 55144 9000 58488] on MRDL is 936.134e-3
[3000 55114 9000 55174] on VIARDL is 942.445e-3
[3000 55114 9000 55174] on VIA8 is 942.97e-3
[3000 55114 9000 55174] on VIA7 is 944.942e-3
[3000 55114 9000 55174] on VIA6 is 946.914e-3
[3000 55114 9000 55174] on VIA5 is 948.886e-3
[3000 55114 9000 55174] on VIA4 is 950.858e-3
[3000 55114 9000 55174] on VIA3 is 952.83e-3
[3000 55114 9000 55174] on VIA2 is 954.802e-3
[3000 55114 9000 55174] on VIA1 is 958.746e-3
[6000 55114 32538 55174] on M1 is 6.541
[3000 55114 6000 55174] on M1 is 958.746e-3
[32538 55114 48938 55174] on M1 is 7.545
[31038 55114 34038 55174] on VIA1 is 6.546
[31038 55114 34038 55174] on VIA2 is 6.549
[31038 55114 34038 55174] on VIA3 is 6.552
[31038 55114 34038 55174] on VIA4 is 6.555
[31038 55114 34038 55174] on VIA5 is 6.557
[31038 55114 34038 55174] on VIA6 is 6.56
[31038 55114 34038 55174] on VIA7 is 6.563
[31038 55144 34038 58488] on M8 is 6.563
[31038 58488 34038 61832] on M8 is 6.402
[31038 58458 34038 58518] on VIA7 is 6.402
[31038 58458 34038 58518] on VIA6 is 6.399
[31038 58458 34038 58518] on VIA5 is 6.397
[31038 58458 34038 58518] on VIA4 is 6.394
[31038 58458 34038 58518] on VIA3 is 6.391
[31038 58458 34038 58518] on VIA2 is 6.388
[31038 58458 34038 58518] on VIA1 is 6.386
[32538 58458 48938 58518] on M1 is 7.354
[6000 58458 32538 58518] on M1 is 6.38
[3000 58458 6000 58518] on M1 is 948.561e-3
[3000 58458 9000 58518] on VIA1 is 948.561e-3
[3000 58458 9000 58518] on VIA2 is 944.723e-3
[3000 58458 9000 58518] on VIA3 is 942.804e-3
[3000 58458 9000 58518] on VIA4 is 940.885e-3
[3000 58458 9000 58518] on VIA5 is 938.967e-3
[3000 58458 9000 58518] on VIA6 is 937.048e-3
[3000 58458 9000 58518] on VIA7 is 935.129e-3
[3000 58458 9000 58518] on VIA8 is 933.21e-3
[3000 58458 9000 58518] on VIARDL is 932.698e-3
[3000 58488 9000 61832] on MRDL is 926.558e-3
[3000 61832 9000 63680] on MRDL is 893.026e-3
[3000 61802 9000 61862] on VIARDL is 899.035e-3
[3000 61802 9000 61862] on VIA8 is 899.535e-3
[3000 61802 9000 61862] on VIA7 is 901.413e-3
[3000 61802 9000 61862] on VIA6 is 903.29e-3
[3000 61802 9000 61862] on VIA5 is 905.168e-3
[3000 61802 9000 61862] on VIA4 is 907.045e-3
[3000 61802 9000 61862] on VIA3 is 908.923e-3
[3000 61802 9000 61862] on VIA2 is 910.8e-3
[3000 61802 9000 61862] on VIA1 is 914.556e-3
[6000 61802 32538 61862] on M1 is 6.229
[3000 61802 6000 61862] on M1 is 914.556e-3
[32538 61802 48938 61862] on M1 is 7.17
[31038 61802 34038 61862] on VIA1 is 6.235
[31038 61802 34038 61862] on VIA2 is 6.237
[31038 61802 34038 61862] on VIA3 is 6.24
[31038 61802 34038 61862] on VIA4 is 6.243
[31038 61802 34038 61862] on VIA5 is 6.245
[31038 61802 34038 61862] on VIA6 is 6.248
[31038 61802 34038 61862] on VIA7 is 6.251
[31038 61832 34038 63680] on M8 is 6.251
[31038 63680 34038 65176] on M8 is 6.172
[31038 62180 34038 65180] on VIA8 is 6.172
[32538 62180 48938 65180] on M9 is 7.086
[6000 62180 32538 65180] on M9 is 6.171
[3000 62180 6000 65180] on M9 is 822.62e-3
[3000 62180 9000 65180] on VIARDL is 861.542e-3
[3000 63680 9000 65176] on MRDL is 903.988e-3
[3000 65176 9000 68520] on MRDL is 976.966e-3
[3000 65146 9000 65206] on VIARDL is 909.601e-3
[3000 65146 9000 65206] on VIA8 is 910.069e-3
[3000 65146 9000 65206] on VIA7 is 911.823e-3
[3000 65146 9000 65206] on VIA6 is 913.578e-3
[3000 65146 9000 65206] on VIA5 is 915.332e-3
[3000 65146 9000 65206] on VIA4 is 917.086e-3
[3000 65146 9000 65206] on VIA3 is 918.84e-3
[3000 65146 9000 65206] on VIA2 is 920.595e-3
[3000 65146 9000 65206] on VIA1 is 924.103e-3
[6000 65146 32538 65206] on M1 is 5.89
[3000 65146 6000 65206] on M1 is 924.103e-3
[32538 65146 48938 65206] on M1 is 6.77
[31038 65146 34038 65206] on VIA1 is 5.895
[31038 65146 34038 65206] on VIA2 is 5.897
[31038 65146 34038 65206] on VIA3 is 5.9
[31038 65146 34038 65206] on VIA4 is 5.902
[31038 65146 34038 65206] on VIA5 is 5.905
[31038 65146 34038 65206] on VIA6 is 5.907
[31038 65146 34038 65206] on VIA7 is 5.91
[31038 65176 34038 68520] on M8 is 5.91
[31038 68520 34038 71864] on M8 is 5.332
[31038 68490 34038 68550] on VIA7 is 5.332
[31038 68490 34038 68550] on VIA6 is 5.33
[31038 68490 34038 68550] on VIA5 is 5.328
[31038 68490 34038 68550] on VIA4 is 5.325
[31038 68490 34038 68550] on VIA3 is 5.323
[31038 68490 34038 68550] on VIA2 is 5.321
[31038 68490 34038 68550] on VIA1 is 5.319
[32538 68490 48938 68550] on M1 is 6.104
[6000 68490 32538 68550] on M1 is 5.315
[3000 68490 6000 68550] on M1 is 994.466e-3
[3000 68490 9000 68550] on VIA1 is 994.466e-3
[3000 68490 9000 68550] on VIA2 is 991.414e-3
[3000 68490 9000 68550] on VIA3 is 989.888e-3
[3000 68490 9000 68550] on VIA4 is 988.361e-3
[3000 68490 9000 68550] on VIA5 is 986.835e-3
[3000 68490 9000 68550] on VIA6 is 985.309e-3
[3000 68490 9000 68550] on VIA7 is 983.783e-3
[3000 68490 9000 68550] on VIA8 is 982.257e-3
[3000 68490 9000 68550] on VIARDL is 981.85e-3
[3000 68520 9000 71864] on MRDL is 1.031
[3000 71864 9000 75208] on MRDL is 1.068
[3000 71834 9000 71894] on VIARDL is 1.035
[3000 71834 9000 71894] on VIA8 is 1.035
[3000 71834 9000 71894] on VIA7 is 1.037
[3000 71834 9000 71894] on VIA6 is 1.038
[3000 71834 9000 71894] on VIA5 is 1.039
[3000 71834 9000 71894] on VIA4 is 1.041
[3000 71834 9000 71894] on VIA3 is 1.042
[3000 71834 9000 71894] on VIA2 is 1.043
[3000 71834 9000 71894] on VIA1 is 1.046
[6000 71834 32538 71894] on M1 is 4.747
[3000 71834 6000 71894] on M1 is 1.046
[32538 71834 48938 71894] on M1 is 5.443
[31038 71834 34038 71894] on VIA1 is 4.751
[31038 71834 34038 71894] on VIA2 is 4.753
[31038 71834 34038 71894] on VIA3 is 4.754
[31038 71834 34038 71894] on VIA4 is 4.756
[31038 71834 34038 71894] on VIA5 is 4.758
[31038 71834 34038 71894] on VIA6 is 4.76
[31038 71834 34038 71894] on VIA7 is 4.762
[31038 71864 34038 75208] on M8 is 4.762
[31038 75208 34038 78552] on M8 is 4.198
[31038 75178 34038 75238] on VIA7 is 4.198
[31038 75178 34038 75238] on VIA6 is 4.196
[31038 75178 34038 75238] on VIA5 is 4.195
[31038 75178 34038 75238] on VIA4 is 4.193
[31038 75178 34038 75238] on VIA3 is 4.192
[31038 75178 34038 75238] on VIA2 is 4.19
[31038 75178 34038 75238] on VIA1 is 4.189
[32538 75178 48938 75238] on M1 is 4.787
[6000 75178 32538 75238] on M1 is 4.186
[3000 75178 6000 75238] on M1 is 1.081
[3000 75178 9000 75238] on VIA1 is 1.081
[3000 75178 9000 75238] on VIA2 is 1.079
[3000 75178 9000 75238] on VIA3 is 1.078
[3000 75178 9000 75238] on VIA4 is 1.077
[3000 75178 9000 75238] on VIA5 is 1.076
[3000 75178 9000 75238] on VIA6 is 1.074
[3000 75178 9000 75238] on VIA7 is 1.073
[3000 75178 9000 75238] on VIA8 is 1.072
[3000 75178 9000 75238] on VIARDL is 1.072
[3000 75208 9000 78552] on MRDL is 1.092
[3000 78552 9000 81896] on MRDL is 1.105
[3000 78522 9000 78582] on VIARDL is 1.095
[3000 78522 9000 78582] on VIA8 is 1.095
[3000 78522 9000 78582] on VIA7 is 1.096
[3000 78522 9000 78582] on VIA6 is 1.097
[3000 78522 9000 78582] on VIA5 is 1.098
[3000 78522 9000 78582] on VIA4 is 1.099
[3000 78522 9000 78582] on VIA3 is 1.1
[3000 78522 9000 78582] on VIA2 is 1.101
[3000 78522 9000 78582] on VIA1 is 1.103
[6000 78522 32538 78582] on M1 is 3.63
[3000 78522 6000 78582] on M1 is 1.103
[32538 78522 48938 78582] on M1 is 4.136
[31038 78522 34038 78582] on VIA1 is 3.632
[31038 78522 34038 78582] on VIA2 is 3.633
[31038 78522 34038 78582] on VIA3 is 3.635
[31038 78522 34038 78582] on VIA4 is 3.636
[31038 78522 34038 78582] on VIA5 is 3.637
[31038 78522 34038 78582] on VIA6 is 3.638
[31038 78522 34038 78582] on VIA7 is 3.639
[31038 78552 34038 81896] on M8 is 3.639
[31038 81896 34038 85240] on M8 is 3.085
[31038 81866 34038 81926] on VIA7 is 3.085
[31038 81866 34038 81926] on VIA6 is 3.084
[31038 81866 34038 81926] on VIA5 is 3.083
[31038 81866 34038 81926] on VIA4 is 3.082
[31038 81866 34038 81926] on VIA3 is 3.082
[31038 81866 34038 81926] on VIA2 is 3.081
[31038 81866 34038 81926] on VIA1 is 3.08
[32538 81866 48938 81926] on M1 is 3.489
[6000 81866 32538 81926] on M1 is 3.078
[3000 81866 6000 81926] on M1 is 1.113
[3000 81866 9000 81926] on VIA1 is 1.113
[3000 81866 9000 81926] on VIA2 is 1.112
[3000 81866 9000 81926] on VIA3 is 1.111
[3000 81866 9000 81926] on VIA4 is 1.11
[3000 81866 9000 81926] on VIA5 is 1.11
[3000 81866 9000 81926] on VIA6 is 1.109
[3000 81866 9000 81926] on VIA7 is 1.108
[3000 81866 9000 81926] on VIA8 is 1.108
[3000 81866 9000 81926] on VIARDL is 1.107
[3000 81896 9000 85240] on MRDL is 1.109
[3000 85240 9000 88584] on MRDL is 1.109
[3000 85210 9000 85270] on VIARDL is 1.111
[3000 85210 9000 85270] on VIA8 is 1.111
[3000 85210 9000 85270] on VIA7 is 1.112
[3000 85210 9000 85270] on VIA6 is 1.112
[3000 85210 9000 85270] on VIA5 is 1.112
[3000 85210 9000 85270] on VIA4 is 1.113
[3000 85210 9000 85270] on VIA3 is 1.113
[3000 85210 9000 85270] on VIA2 is 1.114
[3000 85210 9000 85270] on VIA1 is 1.115
[6000 85210 32538 85270] on M1 is 2.529
[3000 85210 6000 85270] on M1 is 1.115
[32538 85210 48938 85270] on M1 is 2.844
[31038 85210 34038 85270] on VIA1 is 2.53
[31038 85210 34038 85270] on VIA2 is 2.531
[31038 85210 34038 85270] on VIA3 is 2.532
[31038 85210 34038 85270] on VIA4 is 2.532
[31038 85210 34038 85270] on VIA5 is 2.533
[31038 85210 34038 85270] on VIA6 is 2.534
[31038 85210 34038 85270] on VIA7 is 2.534
[31038 85240 34038 88584] on M8 is 2.534
[31038 88584 34038 94256] on M8 is 1.986
[31038 88554 34038 88614] on VIA7 is 1.986
[31038 88554 34038 88614] on VIA6 is 1.985
[31038 88554 34038 88614] on VIA5 is 1.985
[31038 88554 34038 88614] on VIA4 is 1.985
[31038 88554 34038 88614] on VIA3 is 1.984
[31038 88554 34038 88614] on VIA2 is 1.984
[31038 88554 34038 88614] on VIA1 is 1.984
[32538 88554 48938 88614] on M1 is 2.202
[6000 88554 32538 88614] on M1 is 1.983
[3000 88554 6000 88614] on M1 is 1.111
[3000 88554 9000 88614] on VIA1 is 1.111
[3000 88554 9000 88614] on VIA2 is 1.11
[3000 88554 9000 88614] on VIA3 is 1.11
[3000 88554 9000 88614] on VIA4 is 1.109
[3000 88554 9000 88614] on VIA5 is 1.109
[3000 88554 9000 88614] on VIA6 is 1.109
[3000 88554 9000 88614] on VIA7 is 1.109
[3000 88554 9000 88614] on VIA8 is 1.108
[3000 88554 9000 88614] on VIARDL is 1.108
[3000 88584 9000 94256] on MRDL is 1.107
[3000 94256 9000 97256] on MRDL is 1.097
[3000 91256 9000 97256] on VIARDL is 1.097
[6000 91256 32538 97256] on M9 is 1.095
[3000 91256 6000 97256] on M9 is 1.095
[32538 91256 48938 97256] on M9 is 1.117
[31038 91256 34038 97256] on VIA8 is 1.057
[31038 94256 34038 97256] on M8 is 1.057
[48938 91256 65338 97256] on M9 is 1.117
[47438 91256 50438 97256] on VIA8 is 1.117
[47438 88584 50438 94256] on M8 is 2.206
[47438 94256 50438 97256] on M8 is 1.117
[47438 85240 50438 88584] on M8 is 2.85
[47438 88554 50438 88614] on VIA7 is 2.206
[47438 88554 50438 88614] on VIA6 is 2.206
[47438 88554 50438 88614] on VIA5 is 2.205
[47438 88554 50438 88614] on VIA4 is 2.205
[47438 88554 50438 88614] on VIA3 is 2.204
[47438 88554 50438 88614] on VIA2 is 2.204
[47438 88554 50438 88614] on VIA1 is 2.203
[48938 88554 65338 88614] on M1 is 2.202
[65338 88554 95472 88614] on M1 is 2.02
[63838 88554 66838 88614] on VIA1 is 2.021
[63838 88554 66838 88614] on VIA2 is 2.021
[63838 88554 66838 88614] on VIA3 is 2.022
[63838 88554 66838 88614] on VIA4 is 2.022
[63838 88554 66838 88614] on VIA5 is 2.022
[63838 88554 66838 88614] on VIA6 is 2.023
[63838 88554 66838 88614] on VIA7 is 2.023
[63838 85240 66838 88584] on M8 is 2.588
[63838 88584 66838 94256] on M8 is 2.023
[63838 94256 66838 97256] on M8 is 1.068
[63838 91256 66838 97256] on VIA8 is 1.068
[65338 91256 95472 97256] on M9 is 1.068
[95472 91256 98472 97256] on M9 is 1.068
[92472 91256 98472 97256] on VIARDL is 1.068
[92472 88584 98472 94256] on MRDL is 1.069
[92472 94256 98472 97256] on MRDL is 1.068
[92472 85240 98472 88584] on MRDL is 1.069
[92472 88554 98472 88614] on VIARDL is 1.069
[92472 88554 98472 88614] on VIA8 is 1.07
[92472 88554 98472 88614] on VIA7 is 1.07
[92472 88554 98472 88614] on VIA6 is 1.07
[92472 88554 98472 88614] on VIA5 is 1.07
[92472 88554 98472 88614] on VIA4 is 1.071
[92472 88554 98472 88614] on VIA3 is 1.071
[92472 88554 98472 88614] on VIA2 is 1.071
[92472 88554 98472 88614] on VIA1 is 1.072
[95472 88554 98472 88614] on M1 is 1.072
[92472 81896 98472 85240] on MRDL is 1.065
[92472 85210 98472 85270] on VIARDL is 1.066
[92472 85210 98472 85270] on VIA8 is 1.067
[92472 85210 98472 85270] on VIA7 is 1.067
[92472 85210 98472 85270] on VIA6 is 1.068
[92472 85210 98472 85270] on VIA5 is 1.068
[92472 85210 98472 85270] on VIA4 is 1.068
[92472 85210 98472 85270] on VIA3 is 1.069
[92472 85210 98472 85270] on VIA2 is 1.069
[92472 85210 98472 85270] on VIA1 is 1.07
[95472 85210 98472 85270] on M1 is 1.07
[65338 85210 95472 85270] on M1 is 2.583
[48938 85210 65338 85270] on M1 is 2.844
[63838 85210 66838 85270] on VIA1 is 2.584
[63838 85210 66838 85270] on VIA2 is 2.585
[63838 85210 66838 85270] on VIA3 is 2.585
[63838 85210 66838 85270] on VIA4 is 2.586
[63838 85210 66838 85270] on VIA5 is 2.587
[63838 85210 66838 85270] on VIA6 is 2.587
[63838 85210 66838 85270] on VIA7 is 2.588
[63838 81896 66838 85240] on M8 is 3.155
[63838 78552 66838 81896] on M8 is 3.725
[63838 81866 66838 81926] on VIA7 is 3.155
[63838 81866 66838 81926] on VIA6 is 3.154
[63838 81866 66838 81926] on VIA5 is 3.153
[63838 81866 66838 81926] on VIA4 is 3.152
[63838 81866 66838 81926] on VIA3 is 3.151
[63838 81866 66838 81926] on VIA2 is 3.151
[63838 81866 66838 81926] on VIA1 is 3.15
[65338 81866 95472 81926] on M1 is 3.148
[48938 81866 65338 81926] on M1 is 3.489
[47438 81866 50438 81926] on VIA1 is 3.49
[47438 81866 50438 81926] on VIA2 is 3.491
[47438 81866 50438 81926] on VIA3 is 3.492
[47438 81866 50438 81926] on VIA4 is 3.493
[47438 81866 50438 81926] on VIA5 is 3.494
[47438 81866 50438 81926] on VIA6 is 3.495
[47438 81866 50438 81926] on VIA7 is 3.495
[47438 78552 50438 81896] on M8 is 4.144
[47438 81896 50438 85240] on M8 is 3.495
[47438 85210 50438 85270] on VIA7 is 2.85
[47438 85210 50438 85270] on VIA6 is 2.849
[47438 85210 50438 85270] on VIA5 is 2.848
[47438 85210 50438 85270] on VIA4 is 2.848
[47438 85210 50438 85270] on VIA3 is 2.847
[47438 85210 50438 85270] on VIA2 is 2.846
[47438 85210 50438 85270] on VIA1 is 2.846
[47438 75208 50438 78552] on M8 is 4.797
[47438 78522 50438 78582] on VIA7 is 4.144
[47438 78522 50438 78582] on VIA6 is 4.143
[47438 78522 50438 78582] on VIA5 is 4.142
[47438 78522 50438 78582] on VIA4 is 4.141
[47438 78522 50438 78582] on VIA3 is 4.14
[47438 78522 50438 78582] on VIA2 is 4.139
[47438 78522 50438 78582] on VIA1 is 4.138
[48938 78522 65338 78582] on M1 is 4.136
[65338 78522 95472 78582] on M1 is 3.716
[63838 78522 66838 78582] on VIA1 is 3.718
[63838 78522 66838 78582] on VIA2 is 3.719
[63838 78522 66838 78582] on VIA3 is 3.721
[63838 78522 66838 78582] on VIA4 is 3.722
[63838 78522 66838 78582] on VIA5 is 3.723
[63838 78522 66838 78582] on VIA6 is 3.724
[63838 78522 66838 78582] on VIA7 is 3.725
[63838 75208 66838 78552] on M8 is 4.3
[63838 71864 66838 75208] on M8 is 4.88
[63838 75178 66838 75238] on VIA7 is 4.3
[63838 75178 66838 75238] on VIA6 is 4.298
[63838 75178 66838 75238] on VIA5 is 4.297
[63838 75178 66838 75238] on VIA4 is 4.296
[63838 75178 66838 75238] on VIA3 is 4.294
[63838 75178 66838 75238] on VIA2 is 4.293
[63838 75178 66838 75238] on VIA1 is 4.291
[65338 75178 95472 75238] on M1 is 4.288
[48938 75178 65338 75238] on M1 is 4.787
[47438 75178 50438 75238] on VIA1 is 4.79
[47438 75178 50438 75238] on VIA2 is 4.791
[47438 75178 50438 75238] on VIA3 is 4.792
[47438 75178 50438 75238] on VIA4 is 4.793
[47438 75178 50438 75238] on VIA5 is 4.795
[47438 75178 50438 75238] on VIA6 is 4.796
[47438 75178 50438 75238] on VIA7 is 4.797
[47438 71864 50438 75208] on M8 is 5.454
[47438 68520 50438 71864] on M8 is 6.117
[47438 71834 50438 71894] on VIA7 is 5.454
[47438 71834 50438 71894] on VIA6 is 5.453
[47438 71834 50438 71894] on VIA5 is 5.452
[47438 71834 50438 71894] on VIA4 is 5.45
[47438 71834 50438 71894] on VIA3 is 5.449
[47438 71834 50438 71894] on VIA2 is 5.447
[47438 71834 50438 71894] on VIA1 is 5.446
[48938 71834 65338 71894] on M1 is 5.443
[65338 71834 95472 71894] on M1 is 4.866
[63838 71834 66838 71894] on VIA1 is 4.869
[63838 71834 66838 71894] on VIA2 is 4.871
[63838 71834 66838 71894] on VIA3 is 4.873
[63838 71834 66838 71894] on VIA4 is 4.874
[63838 71834 66838 71894] on VIA5 is 4.876
[63838 71834 66838 71894] on VIA6 is 4.878
[63838 71834 66838 71894] on VIA7 is 4.88
[63838 68520 66838 71864] on M8 is 5.466
[63838 65176 66838 68520] on M8 is 6.059
[63838 68490 66838 68550] on VIA7 is 5.466
[63838 68490 66838 68550] on VIA6 is 5.464
[63838 68490 66838 68550] on VIA5 is 5.462
[63838 68490 66838 68550] on VIA4 is 5.459
[63838 68490 66838 68550] on VIA3 is 5.457
[63838 68490 66838 68550] on VIA2 is 5.455
[63838 68490 66838 68550] on VIA1 is 5.453
[65338 68490 95472 68550] on M1 is 5.449
[48938 68490 65338 68550] on M1 is 6.104
[47438 68490 50438 68550] on VIA1 is 6.107
[47438 68490 50438 68550] on VIA2 is 6.109
[47438 68490 50438 68550] on VIA3 is 6.11
[47438 68490 50438 68550] on VIA4 is 6.112
[47438 68490 50438 68550] on VIA5 is 6.114
[47438 68490 50438 68550] on VIA6 is 6.115
[47438 68490 50438 68550] on VIA7 is 6.117
[47438 65176 50438 68520] on M8 is 6.785
[47438 63680 50438 65176] on M8 is 7.087
[47438 65146 50438 65206] on VIA7 is 6.785
[47438 65146 50438 65206] on VIA6 is 6.783
[47438 65146 50438 65206] on VIA5 is 6.782
[47438 65146 50438 65206] on VIA4 is 6.78
[47438 65146 50438 65206] on VIA3 is 6.778
[47438 65146 50438 65206] on VIA2 is 6.776
[47438 65146 50438 65206] on VIA1 is 6.774
[48938 65146 65338 65206] on M1 is 6.77
[65338 65146 95472 65206] on M1 is 6.04
[63838 65146 66838 65206] on VIA1 is 6.045
[63838 65146 66838 65206] on VIA2 is 6.047
[63838 65146 66838 65206] on VIA3 is 6.049
[63838 65146 66838 65206] on VIA4 is 6.052
[63838 65146 66838 65206] on VIA5 is 6.054
[63838 65146 66838 65206] on VIA6 is 6.057
[63838 65146 66838 65206] on VIA7 is 6.059
[63838 63680 66838 65176] on M8 is 6.328
[63838 61832 66838 63680] on M8 is 6.41
[63838 62180 66838 65180] on VIA8 is 6.328
[65338 62180 95472 65180] on M9 is 6.327
[48938 62180 65338 65180] on M9 is 7.086
[47438 62180 50438 65180] on VIA8 is 7.087
[47438 61832 50438 63680] on M8 is 7.185
[47438 58488 50438 61832] on M8 is 7.37
[47438 61802 50438 61862] on VIA7 is 7.185
[47438 61802 50438 61862] on VIA6 is 7.183
[47438 61802 50438 61862] on VIA5 is 7.181
[47438 61802 50438 61862] on VIA4 is 7.179
[47438 61802 50438 61862] on VIA3 is 7.177
[47438 61802 50438 61862] on VIA2 is 7.175
[47438 61802 50438 61862] on VIA1 is 7.173
[48938 61802 65338 61862] on M1 is 7.17
[65338 61802 95472 61862] on M1 is 6.39
[63838 61802 66838 61862] on VIA1 is 6.395
[63838 61802 66838 61862] on VIA2 is 6.397
[63838 61802 66838 61862] on VIA3 is 6.4
[63838 61802 66838 61862] on VIA4 is 6.402
[63838 61802 66838 61862] on VIA5 is 6.405
[63838 61802 66838 61862] on VIA6 is 6.407
[63838 61802 66838 61862] on VIA7 is 6.41
[63838 58488 66838 61832] on M8 is 6.567
[63838 55144 66838 58488] on M8 is 6.733
[63838 58458 66838 58518] on VIA7 is 6.567
[63838 58458 66838 58518] on VIA6 is 6.564
[63838 58458 66838 58518] on VIA5 is 6.562
[63838 58458 66838 58518] on VIA4 is 6.559
[63838 58458 66838 58518] on VIA3 is 6.557
[63838 58458 66838 58518] on VIA2 is 6.554
[63838 58458 66838 58518] on VIA1 is 6.551
[65338 58458 95472 58518] on M1 is 6.546
[48938 58458 65338 58518] on M1 is 7.354
[47438 58458 50438 58518] on VIA1 is 7.358
[47438 58458 50438 58518] on VIA2 is 7.36
[47438 58458 50438 58518] on VIA3 is 7.362
[47438 58458 50438 58518] on VIA4 is 7.364
[47438 58458 50438 58518] on VIA5 is 7.366
[47438 58458 50438 58518] on VIA6 is 7.368
[47438 58458 50438 58518] on VIA7 is 7.37
[47438 55144 50438 58488] on M8 is 7.562
[47438 51800 50438 55144] on M8 is 7.761
[47438 55114 50438 55174] on VIA7 is 7.562
[47438 55114 50438 55174] on VIA6 is 7.56
[47438 55114 50438 55174] on VIA5 is 7.557
[47438 55114 50438 55174] on VIA4 is 7.555
[47438 55114 50438 55174] on VIA3 is 7.553
[47438 55114 50438 55174] on VIA2 is 7.551
[47438 55114 50438 55174] on VIA1 is 7.549
[48938 55114 65338 55174] on M1 is 7.545
[65338 55114 95472 55174] on M1 is 6.712
[63838 55114 66838 55174] on VIA1 is 6.717
[63838 55114 66838 55174] on VIA2 is 6.72
[63838 55114 66838 55174] on VIA3 is 6.723
[63838 55114 66838 55174] on VIA4 is 6.725
[63838 55114 66838 55174] on VIA5 is 6.728
[63838 55114 66838 55174] on VIA6 is 6.731
[63838 55114 66838 55174] on VIA7 is 6.733
[63838 51800 66838 55144] on M8 is 6.909
[63838 48456 66838 51800] on M8 is 7.095
[63838 51770 66838 51830] on VIA7 is 6.909
[63838 51770 66838 51830] on VIA6 is 6.906
[63838 51770 66838 51830] on VIA5 is 6.904
[63838 51770 66838 51830] on VIA4 is 6.901
[63838 51770 66838 51830] on VIA3 is 6.898
[63838 51770 66838 51830] on VIA2 is 6.895
[63838 51770 66838 51830] on VIA1 is 6.893
[65338 51770 95472 51830] on M1 is 6.887
[48938 51770 65338 51830] on M1 is 7.744
[47438 51770 50438 51830] on VIA1 is 7.748
[47438 51770 50438 51830] on VIA2 is 7.75
[47438 51770 50438 51830] on VIA3 is 7.752
[47438 51770 50438 51830] on VIA4 is 7.754
[47438 51770 50438 51830] on VIA5 is 7.757
[47438 51770 50438 51830] on VIA6 is 7.759
[47438 51770 50438 51830] on VIA7 is 7.761
[47438 48456 50438 51800] on M8 is 7.968
[47438 48020 50438 48456] on M8 is 7.996
[47438 48426 50438 48486] on VIA7 is 7.968
[47438 48426 50438 48486] on VIA6 is 7.966
[47438 48426 50438 48486] on VIA5 is 7.964
[47438 48426 50438 48486] on VIA4 is 7.961
[47438 48426 50438 48486] on VIA3 is 7.959
[47438 48426 50438 48486] on VIA2 is 7.957
[47438 48426 50438 48486] on VIA1 is 7.955
[48938 48426 65338 48486] on M1 is 7.95
[65338 48426 95472 48486] on M1 is 7.072
[63838 48426 66838 48486] on VIA1 is 7.078
[63838 48426 66838 48486] on VIA2 is 7.081
[63838 48426 66838 48486] on VIA3 is 7.083
[63838 48426 66838 48486] on VIA4 is 7.086
[63838 48426 66838 48486] on VIA5 is 7.089
[63838 48426 66838 48486] on VIA6 is 7.092
[63838 48426 66838 48486] on VIA7 is 7.095
[63838 48020 66838 48456] on M8 is 7.12
[63838 45112 66838 48020] on M8 is 7.12
[63838 46520 66838 49520] on VIA8 is 7.12
[65338 46520 95472 49520] on M9 is 7.119
[48938 46520 65338 49520] on M9 is 7.995
[47438 46520 50438 49520] on VIA8 is 7.996
[47438 45112 50438 48020] on M8 is 7.996
[47438 41768 50438 45112] on M8 is 7.767
[47438 45082 50438 45142] on VIA7 is 7.767
[47438 45082 50438 45142] on VIA6 is 7.765
[47438 45082 50438 45142] on VIA5 is 7.762
[47438 45082 50438 45142] on VIA4 is 7.76
[47438 45082 50438 45142] on VIA3 is 7.758
[47438 45082 50438 45142] on VIA2 is 7.756
[47438 45082 50438 45142] on VIA1 is 7.754
[48938 45082 65338 45142] on M1 is 7.749
[65338 45082 95472 45142] on M1 is 6.893
[63838 45082 66838 45142] on VIA1 is 6.899
[63838 45082 66838 45142] on VIA2 is 6.902
[63838 45082 66838 45142] on VIA3 is 6.904
[63838 45082 66838 45142] on VIA4 is 6.907
[63838 45082 66838 45142] on VIA5 is 6.91
[63838 45082 66838 45142] on VIA6 is 6.913
[63838 45082 66838 45142] on VIA7 is 6.916
[63838 41768 66838 45112] on M8 is 6.916
[63838 38424 66838 41768] on M8 is 6.69
[63838 41738 66838 41798] on VIA7 is 6.69
[63838 41738 66838 41798] on VIA6 is 6.687
[63838 41738 66838 41798] on VIA5 is 6.684
[63838 41738 66838 41798] on VIA4 is 6.682
[63838 41738 66838 41798] on VIA3 is 6.679
[63838 41738 66838 41798] on VIA2 is 6.676
[63838 41738 66838 41798] on VIA1 is 6.674
[65338 41738 95472 41798] on M1 is 6.668
[48938 41738 65338 41798] on M1 is 7.494
[47438 41738 50438 41798] on VIA1 is 7.498
[47438 41738 50438 41798] on VIA2 is 7.5
[47438 41738 50438 41798] on VIA3 is 7.502
[47438 41738 50438 41798] on VIA4 is 7.504
[47438 41738 50438 41798] on VIA5 is 7.507
[47438 41738 50438 41798] on VIA6 is 7.509
[47438 41738 50438 41798] on VIA7 is 7.511
[47438 38424 50438 41768] on M8 is 7.511
[47438 35080 50438 38424] on M8 is 7.262
[47438 38394 50438 38454] on VIA7 is 7.262
[47438 38394 50438 38454] on VIA6 is 7.26
[47438 38394 50438 38454] on VIA5 is 7.258
[47438 38394 50438 38454] on VIA4 is 7.256
[47438 38394 50438 38454] on VIA3 is 7.254
[47438 38394 50438 38454] on VIA2 is 7.252
[47438 38394 50438 38454] on VIA1 is 7.25
[48938 38394 65338 38454] on M1 is 7.246
[65338 38394 95472 38454] on M1 is 6.453
[63838 38394 66838 38454] on VIA1 is 6.458
[63838 38394 66838 38454] on VIA2 is 6.461
[63838 38394 66838 38454] on VIA3 is 6.463
[63838 38394 66838 38454] on VIA4 is 6.466
[63838 38394 66838 38454] on VIA5 is 6.468
[63838 38394 66838 38454] on VIA6 is 6.471
[63838 38394 66838 38454] on VIA7 is 6.473
[63838 35080 66838 38424] on M8 is 6.473
[63838 32360 66838 35080] on M8 is 6.266
[63838 35050 66838 35110] on VIA7 is 6.266
[63838 35050 66838 35110] on VIA6 is 6.264
[63838 35050 66838 35110] on VIA5 is 6.261
[63838 35050 66838 35110] on VIA4 is 6.259
[63838 35050 66838 35110] on VIA3 is 6.256
[63838 35050 66838 35110] on VIA2 is 6.254
[63838 35050 66838 35110] on VIA1 is 6.251
[65338 35050 95472 35110] on M1 is 6.246
[48938 35050 65338 35110] on M1 is 7.005
[47438 35050 50438 35110] on VIA1 is 7.009
[47438 35050 50438 35110] on VIA2 is 7.011
[47438 35050 50438 35110] on VIA3 is 7.013
[47438 35050 50438 35110] on VIA4 is 7.015
[47438 35050 50438 35110] on VIA5 is 7.017
[47438 35050 50438 35110] on VIA6 is 7.019
[47438 35050 50438 35110] on VIA7 is 7.021
[47438 32360 50438 35080] on M8 is 7.021
[47438 31736 50438 32360] on M8 is 6.83
[47438 30860 50438 33860] on VIA8 is 6.83
[48938 30860 65338 33860] on M9 is 6.829
[65338 30860 95472 33860] on M9 is 6.104
[63838 30860 66838 33860] on VIA8 is 6.105
[63838 31736 66838 32360] on M8 is 6.105
[63838 28392 66838 31736] on M8 is 5.982
[63838 31706 66838 31766] on VIA7 is 5.982
[63838 31706 66838 31766] on VIA6 is 5.98
[63838 31706 66838 31766] on VIA5 is 5.978
[63838 31706 66838 31766] on VIA4 is 5.975
[63838 31706 66838 31766] on VIA3 is 5.973
[63838 31706 66838 31766] on VIA2 is 5.97
[63838 31706 66838 31766] on VIA1 is 5.968
[65338 31706 95472 31766] on M1 is 5.963
[48938 31706 65338 31766] on M1 is 6.678
[47438 31706 50438 31766] on VIA1 is 6.682
[47438 31706 50438 31766] on VIA2 is 6.683
[47438 31706 50438 31766] on VIA3 is 6.685
[47438 31706 50438 31766] on VIA4 is 6.687
[47438 31706 50438 31766] on VIA5 is 6.689
[47438 31706 50438 31766] on VIA6 is 6.691
[47438 31706 50438 31766] on VIA7 is 6.692
[47438 28392 50438 31736] on M8 is 6.692
[47438 25048 50438 28392] on M8 is 5.961
[47438 28362 50438 28422] on VIA7 is 5.961
[47438 28362 50438 28422] on VIA6 is 5.96
[47438 28362 50438 28422] on VIA5 is 5.958
[47438 28362 50438 28422] on VIA4 is 5.957
[47438 28362 50438 28422] on VIA3 is 5.955
[47438 28362 50438 28422] on VIA2 is 5.953
[47438 28362 50438 28422] on VIA1 is 5.952
[48938 28362 65338 28422] on M1 is 5.949
[65338 28362 95472 28422] on M1 is 5.317
[63838 28362 66838 28422] on VIA1 is 5.321
[63838 28362 66838 28422] on VIA2 is 5.323
[63838 28362 66838 28422] on VIA3 is 5.325
[63838 28362 66838 28422] on VIA4 is 5.327
[63838 28362 66838 28422] on VIA5 is 5.329
[63838 28362 66838 28422] on VIA6 is 5.331
[63838 28362 66838 28422] on VIA7 is 5.333
[63838 25048 66838 28392] on M8 is 5.333
[63838 21704 66838 25048] on M8 is 4.691
[63838 25018 66838 25078] on VIA7 is 4.691
[63838 25018 66838 25078] on VIA6 is 4.69
[63838 25018 66838 25078] on VIA5 is 4.688
[63838 25018 66838 25078] on VIA4 is 4.686
[63838 25018 66838 25078] on VIA3 is 4.684
[63838 25018 66838 25078] on VIA2 is 4.683
[63838 25018 66838 25078] on VIA1 is 4.681
[65338 25018 95472 25078] on M1 is 4.678
[48938 25018 65338 25078] on M1 is 5.225
[47438 25018 50438 25078] on VIA1 is 5.228
[47438 25018 50438 25078] on VIA2 is 5.229
[47438 25018 50438 25078] on VIA3 is 5.231
[47438 25018 50438 25078] on VIA4 is 5.232
[47438 25018 50438 25078] on VIA5 is 5.233
[47438 25018 50438 25078] on VIA6 is 5.235
[47438 25018 50438 25078] on VIA7 is 5.236
[47438 21704 50438 25048] on M8 is 5.236
[47438 18360 50438 21704] on M8 is 4.516
[47438 21674 50438 21734] on VIA7 is 4.516
[47438 21674 50438 21734] on VIA6 is 4.514
[47438 21674 50438 21734] on VIA5 is 4.513
[47438 21674 50438 21734] on VIA4 is 4.512
[47438 21674 50438 21734] on VIA3 is 4.511
[47438 21674 50438 21734] on VIA2 is 4.51
[47438 21674 50438 21734] on VIA1 is 4.509
[48938 21674 65338 21734] on M1 is 4.506
[65338 21674 95472 21734] on M1 is 4.044
[63838 21674 66838 21734] on VIA1 is 4.047
[63838 21674 66838 21734] on VIA2 is 4.049
[63838 21674 66838 21734] on VIA3 is 4.05
[63838 21674 66838 21734] on VIA4 is 4.051
[63838 21674 66838 21734] on VIA5 is 4.053
[63838 21674 66838 21734] on VIA6 is 4.054
[63838 21674 66838 21734] on VIA7 is 4.055
[63838 18360 66838 21704] on M8 is 4.055
[63838 15016 66838 18360] on M8 is 3.424
[63838 18330 66838 18390] on VIA7 is 3.424
[63838 18330 66838 18390] on VIA6 is 3.423
[63838 18330 66838 18390] on VIA5 is 3.422
[63838 18330 66838 18390] on VIA4 is 3.421
[63838 18330 66838 18390] on VIA3 is 3.42
[63838 18330 66838 18390] on VIA2 is 3.419
[63838 18330 66838 18390] on VIA1 is 3.418
[65338 18330 95472 18390] on M1 is 3.416
[48938 18330 65338 18390] on M1 is 3.792
[47438 18330 50438 18390] on VIA1 is 3.794
[47438 18330 50438 18390] on VIA2 is 3.795
[47438 18330 50438 18390] on VIA3 is 3.796
[47438 18330 50438 18390] on VIA4 is 3.797
[47438 18330 50438 18390] on VIA5 is 3.797
[47438 18330 50438 18390] on VIA6 is 3.798
[47438 18330 50438 18390] on VIA7 is 3.799
[47438 15016 50438 18360] on M8 is 3.799
[47438 11672 50438 15016] on M8 is 3.086
[47438 14986 50438 15046] on VIA7 is 3.086
[47438 14986 50438 15046] on VIA6 is 3.086
[47438 14986 50438 15046] on VIA5 is 3.085
[47438 14986 50438 15046] on VIA4 is 3.084
[47438 14986 50438 15046] on VIA3 is 3.084
[47438 14986 50438 15046] on VIA2 is 3.083
[47438 14986 50438 15046] on VIA1 is 3.082
[48938 14986 65338 15046] on M1 is 3.081
[65338 14986 95472 15046] on M1 is 2.791
[63838 14986 66838 15046] on VIA1 is 2.793
[63838 14986 66838 15046] on VIA2 is 2.794
[63838 14986 66838 15046] on VIA3 is 2.794
[63838 14986 66838 15046] on VIA4 is 2.795
[63838 14986 66838 15046] on VIA5 is 2.796
[63838 14986 66838 15046] on VIA6 is 2.797
[63838 14986 66838 15046] on VIA7 is 2.797
[63838 11672 66838 15016] on M8 is 2.797
[63838 6000 66838 11672] on M8 is 2.173
[63838 11642 66838 11702] on VIA7 is 2.173
[63838 11642 66838 11702] on VIA6 is 2.173
[63838 11642 66838 11702] on VIA5 is 2.172
[63838 11642 66838 11702] on VIA4 is 2.172
[63838 11642 66838 11702] on VIA3 is 2.171
[63838 11642 66838 11702] on VIA2 is 2.171
[63838 11642 66838 11702] on VIA1 is 2.17
[65338 11642 95472 11702] on M1 is 2.169
[48938 11642 65338 11702] on M1 is 2.372
[47438 11642 50438 11702] on VIA1 is 2.373
[47438 11642 50438 11702] on VIA2 is 2.374
[47438 11642 50438 11702] on VIA3 is 2.374
[47438 11642 50438 11702] on VIA4 is 2.375
[47438 11642 50438 11702] on VIA5 is 2.375
[47438 11642 50438 11702] on VIA6 is 2.376
[47438 11642 50438 11702] on VIA7 is 2.376
[95472 11642 98472 11702] on M1 is 1.035
[92472 11642 98472 11702] on VIA1 is 1.035
[92472 11642 98472 11702] on VIA2 is 1.034
[92472 11642 98472 11702] on VIA3 is 1.034
[92472 11642 98472 11702] on VIA4 is 1.033
[92472 11642 98472 11702] on VIA5 is 1.033
[92472 11642 98472 11702] on VIA6 is 1.033
[92472 11642 98472 11702] on VIA7 is 1.032
[92472 11642 98472 11702] on VIA8 is 1.032
[92472 11642 98472 11702] on VIARDL is 1.032
[92472 6000 98472 11672] on MRDL is 1.047
[92472 11672 98472 15016] on MRDL is 1.031
[92472 15016 98472 18360] on MRDL is 1.017
[92472 14986 98472 15046] on VIARDL is 1.019
[92472 14986 98472 15046] on VIA8 is 1.019
[92472 14986 98472 15046] on VIA7 is 1.019
[92472 14986 98472 15046] on VIA6 is 1.02
[92472 14986 98472 15046] on VIA5 is 1.02
[92472 14986 98472 15046] on VIA4 is 1.021
[92472 14986 98472 15046] on VIA3 is 1.022
[92472 14986 98472 15046] on VIA2 is 1.022
[92472 14986 98472 15046] on VIA1 is 1.023
[95472 14986 98472 15046] on M1 is 1.023
[92472 18360 98472 21704] on MRDL is 996.246e-3
[92472 18330 98472 18390] on VIARDL is 998.646e-3
[92472 18330 98472 18390] on VIA8 is 998.846e-3
[92472 18330 98472 18390] on VIA7 is 999.596e-3
[92472 18330 98472 18390] on VIA6 is 1
[92472 18330 98472 18390] on VIA5 is 1.001
[92472 18330 98472 18390] on VIA4 is 1.002
[92472 18330 98472 18390] on VIA3 is 1.003
[92472 18330 98472 18390] on VIA2 is 1.003
[92472 18330 98472 18390] on VIA1 is 1.005
[95472 18330 98472 18390] on M1 is 1.005
[92472 21704 98472 25048] on MRDL is 966.205e-3
[92472 21674 98472 21734] on VIARDL is 969.258e-3
[92472 21674 98472 21734] on VIA8 is 969.513e-3
[92472 21674 98472 21734] on VIA7 is 970.467e-3
[92472 21674 98472 21734] on VIA6 is 971.421e-3
[92472 21674 98472 21734] on VIA5 is 972.375e-3
[92472 21674 98472 21734] on VIA4 is 973.33e-3
[92472 21674 98472 21734] on VIA3 is 974.284e-3
[92472 21674 98472 21734] on VIA2 is 975.238e-3
[92472 21674 98472 21734] on VIA1 is 977.146e-3
[95472 21674 98472 21734] on M1 is 977.146e-3
[92472 25048 98472 28392] on MRDL is 924.25e-3
[92472 25018 98472 25078] on VIARDL is 927.974e-3
[92472 25018 98472 25078] on VIA8 is 928.284e-3
[92472 25018 98472 25078] on VIA7 is 929.447e-3
[92472 25018 98472 25078] on VIA6 is 930.611e-3
[92472 25018 98472 25078] on VIA5 is 931.775e-3
[92472 25018 98472 25078] on VIA4 is 932.938e-3
[92472 25018 98472 25078] on VIA3 is 934.102e-3
[92472 25018 98472 25078] on VIA2 is 935.265e-3
[92472 25018 98472 25078] on VIA1 is 937.592e-3
[95472 25018 98472 25078] on M1 is 937.592e-3
[92472 28392 98472 31736] on MRDL is 867.769e-3
[92472 28362 98472 28422] on VIARDL is 872.183e-3
[92472 28362 98472 28422] on VIA8 is 872.551e-3
[92472 28362 98472 28422] on VIA7 is 873.93e-3
[92472 28362 98472 28422] on VIA6 is 875.309e-3
[92472 28362 98472 28422] on VIA5 is 876.689e-3
[92472 28362 98472 28422] on VIA4 is 878.068e-3
[92472 28362 98472 28422] on VIA3 is 879.447e-3
[92472 28362 98472 28422] on VIA2 is 880.826e-3
[92472 28362 98472 28422] on VIA1 is 883.585e-3
[95472 28362 98472 28422] on M1 is 883.585e-3
[92472 31736 98472 32360] on MRDL is 794.07e-3
[92472 31706 98472 31766] on VIARDL is 799.198e-3
[92472 31706 98472 31766] on VIA8 is 799.625e-3
[92472 31706 98472 31766] on VIA7 is 801.228e-3
[92472 31706 98472 31766] on VIA6 is 802.83e-3
[92472 31706 98472 31766] on VIA5 is 804.433e-3
[92472 31706 98472 31766] on VIA4 is 806.035e-3
[92472 31706 98472 31766] on VIA3 is 807.638e-3
[92472 31706 98472 31766] on VIA2 is 809.24e-3
[92472 31706 98472 31766] on VIA1 is 812.445e-3
[95472 31706 98472 31766] on M1 is 812.445e-3
[92472 32360 98472 35080] on MRDL is 816.984e-3
[92472 30860 98472 33860] on VIARDL is 776.584e-3
[95472 30860 98472 33860] on M9 is 739.835e-3
[92472 35080 98472 38424] on MRDL is 845.639e-3
[92472 35050 98472 35110] on VIARDL is 822.37e-3
[92472 35050 98472 35110] on VIA8 is 822.819e-3
[92472 35050 98472 35110] on VIA7 is 824.502e-3
[92472 35050 98472 35110] on VIA6 is 826.185e-3
[92472 35050 98472 35110] on VIA5 is 827.868e-3
[92472 35050 98472 35110] on VIA4 is 829.551e-3
[92472 35050 98472 35110] on VIA3 is 831.234e-3
[92472 35050 98472 35110] on VIA2 is 832.917e-3
[92472 35050 98472 35110] on VIA1 is 836.283e-3
[95472 35050 98472 35110] on M1 is 836.283e-3
[92472 38424 98472 41768] on MRDL is 852.593e-3
[92472 38394 98472 38454] on VIARDL is 851.201e-3
[92472 38394 98472 38454] on VIA8 is 851.665e-3
[92472 38394 98472 38454] on VIA7 is 853.403e-3
[92472 38394 98472 38454] on VIA6 is 855.141e-3
[92472 38394 98472 38454] on VIA5 is 856.879e-3
[92472 38394 98472 38454] on VIA4 is 858.618e-3
[92472 38394 98472 38454] on VIA3 is 860.356e-3
[92472 38394 98472 38454] on VIA2 is 862.094e-3
[92472 38394 98472 38454] on VIA1 is 865.571e-3
[95472 38394 98472 38454] on M1 is 865.571e-3
[92472 41768 98472 45112] on MRDL is 852.593e-3
[92472 41738 98472 41798] on VIARDL is 858.362e-3
[92472 41738 98472 41798] on VIA8 is 858.843e-3
[92472 41738 98472 41798] on VIA7 is 860.646e-3
[92472 41738 98472 41798] on VIA6 is 862.449e-3
[92472 41738 98472 41798] on VIA5 is 864.252e-3
[92472 41738 98472 41798] on VIA4 is 866.054e-3
[92472 41738 98472 41798] on VIA3 is 867.857e-3
[92472 41738 98472 41798] on VIA2 is 869.66e-3
[92472 41738 98472 41798] on VIA1 is 873.266e-3
[95472 41738 98472 41798] on M1 is 873.266e-3
[92472 45112 98472 48020] on MRDL is 837.038e-3
[92472 45082 98472 45142] on VIARDL is 843.046e-3
[92472 45082 98472 45142] on VIA8 is 843.547e-3
[92472 45082 98472 45142] on VIA7 is 845.424e-3
[92472 45082 98472 45142] on VIA6 is 847.302e-3
[92472 45082 98472 45142] on VIA5 is 849.179e-3
[92472 45082 98472 45142] on VIA4 is 851.057e-3
[92472 45082 98472 45142] on VIA3 is 852.934e-3
[92472 45082 98472 45142] on VIA2 is 854.812e-3
[92472 45082 98472 45142] on VIA1 is 858.567e-3
[95472 45082 98472 45142] on M1 is 858.567e-3
[92472 48020 98472 48456] on MRDL is 811.28e-3
[92472 46520 98472 49520] on VIARDL is 803.129e-3
[95472 46520 98472 49520] on M9 is 777.11e-3
[92472 48456 98472 51800] on MRDL is 849.568e-3
[92472 48426 98472 48486] on VIARDL is 817.491e-3
[92472 48426 98472 48486] on VIA8 is 818.009e-3
[92472 48426 98472 48486] on VIA7 is 819.949e-3
[92472 48426 98472 48486] on VIA6 is 821.89e-3
[92472 48426 98472 48486] on VIA5 is 823.831e-3
[92472 48426 98472 48486] on VIA4 is 825.772e-3
[92472 48426 98472 48486] on VIA3 is 827.713e-3
[92472 48426 98472 48486] on VIA2 is 829.653e-3
[92472 48426 98472 48486] on VIA1 is 833.535e-3
[95472 48426 98472 48486] on M1 is 833.535e-3
[92472 51800 98472 55144] on MRDL is 864.49e-3
[92472 51770 98472 51830] on VIARDL is 855.558e-3
[92472 51770 98472 51830] on VIA8 is 856.057e-3
[92472 51770 98472 51830] on VIA7 is 857.928e-3
[92472 51770 98472 51830] on VIA6 is 859.8e-3
[92472 51770 98472 51830] on VIA5 is 861.672e-3
[92472 51770 98472 51830] on VIA4 is 863.543e-3
[92472 51770 98472 51830] on VIA3 is 865.415e-3
[92472 51770 98472 51830] on VIA2 is 867.287e-3
[92472 51770 98472 51830] on VIA1 is 871.03e-3
[95472 51770 98472 51830] on M1 is 871.03e-3
[92472 55144 98472 58488] on MRDL is 864.49e-3
[92472 55114 98472 55174] on VIARDL is 870.291e-3
[92472 55114 98472 55174] on VIA8 is 870.774e-3
[92472 55114 98472 55174] on VIA7 is 872.587e-3
[92472 55114 98472 55174] on VIA6 is 874.4e-3
[92472 55114 98472 55174] on VIA5 is 876.213e-3
[92472 55114 98472 55174] on VIA4 is 878.025e-3
[92472 55114 98472 55174] on VIA3 is 879.838e-3
[92472 55114 98472 55174] on VIA2 is 881.651e-3
[92472 55114 98472 55174] on VIA1 is 885.276e-3
[95472 55114 98472 55174] on M1 is 885.276e-3
[92472 58488 98472 61832] on MRDL is 856.781e-3
[92472 58458 98472 58518] on VIARDL is 862.425e-3
[92472 58458 98472 58518] on VIA8 is 862.895e-3
[92472 58458 98472 58518] on VIA7 is 864.659e-3
[92472 58458 98472 58518] on VIA6 is 866.423e-3
[92472 58458 98472 58518] on VIA5 is 868.187e-3
[92472 58458 98472 58518] on VIA4 is 869.95e-3
[92472 58458 98472 58518] on VIA3 is 871.714e-3
[92472 58458 98472 58518] on VIA2 is 873.478e-3
[92472 58458 98472 58518] on VIA1 is 877.005e-3
[95472 58458 98472 58518] on M1 is 877.005e-3
[92472 61832 98472 63680] on MRDL is 827.053e-3
[92472 61802 98472 61862] on VIARDL is 832.571e-3
[92472 61802 98472 61862] on VIA8 is 833.031e-3
[92472 61802 98472 61862] on VIA7 is 834.755e-3
[92472 61802 98472 61862] on VIA6 is 836.48e-3
[92472 61802 98472 61862] on VIA5 is 838.204e-3
[92472 61802 98472 61862] on VIA4 is 839.929e-3
[92472 61802 98472 61862] on VIA3 is 841.653e-3
[92472 61802 98472 61862] on VIA2 is 843.377e-3
[92472 61802 98472 61862] on VIA1 is 846.826e-3
[95472 61802 98472 61862] on M1 is 846.826e-3
[92472 63680 98472 65176] on MRDL is 840.493e-3
[92472 62180 98472 65180] on VIARDL is 798.728e-3
[95472 62180 98472 65180] on M9 is 761.66e-3
[92472 65176 98472 68520] on MRDL is 913.728e-3
[92472 65146 98472 65206] on VIARDL is 845.651e-3
[92472 65146 98472 65206] on VIA8 is 846.08e-3
[92472 65146 98472 65206] on VIA7 is 847.692e-3
[92472 65146 98472 65206] on VIA6 is 849.304e-3
[92472 65146 98472 65206] on VIA5 is 850.916e-3
[92472 65146 98472 65206] on VIA4 is 852.528e-3
[92472 65146 98472 65206] on VIA3 is 854.14e-3
[92472 65146 98472 65206] on VIA2 is 855.751e-3
[92472 65146 98472 65206] on VIA1 is 858.975e-3
[95472 65146 98472 65206] on M1 is 858.975e-3
[92472 68520 98472 71864] on MRDL is 969.41e-3
[92472 68490 98472 68550] on VIARDL is 918.227e-3
[92472 68490 98472 68550] on VIA8 is 918.602e-3
[92472 68490 98472 68550] on VIA7 is 920.008e-3
[92472 68490 98472 68550] on VIA6 is 921.414e-3
[92472 68490 98472 68550] on VIA5 is 922.82e-3
[92472 68490 98472 68550] on VIA4 is 924.226e-3
[92472 68490 98472 68550] on VIA3 is 925.632e-3
[92472 68490 98472 68550] on VIA2 is 927.038e-3
[92472 68490 98472 68550] on VIA1 is 929.85e-3
[95472 68490 98472 68550] on M1 is 929.85e-3
[92472 71864 98472 75208] on MRDL is 1.01
[92472 71834 98472 71894] on VIARDL is 973.275e-3
[92472 71834 98472 71894] on VIA8 is 973.597e-3
[92472 71834 98472 71894] on VIA7 is 974.805e-3
[92472 71834 98472 71894] on VIA6 is 976.013e-3
[92472 71834 98472 71894] on VIA5 is 977.221e-3
[92472 71834 98472 71894] on VIA4 is 978.428e-3
[92472 71834 98472 71894] on VIA3 is 979.636e-3
[92472 71834 98472 71894] on VIA2 is 980.844e-3
[92472 71834 98472 71894] on VIA1 is 983.26e-3
[95472 71834 98472 71894] on M1 is 983.26e-3
[92472 75208 98472 78552] on MRDL is 1.038
[92472 75178 98472 75238] on VIARDL is 1.013
[92472 75178 98472 75238] on VIA8 is 1.014
[92472 75178 98472 75238] on VIA7 is 1.015
[92472 75178 98472 75238] on VIA6 is 1.016
[92472 75178 98472 75238] on VIA5 is 1.017
[92472 75178 98472 75238] on VIA4 is 1.018
[92472 75178 98472 75238] on VIA3 is 1.019
[92472 75178 98472 75238] on VIA2 is 1.02
[92472 75178 98472 75238] on VIA1 is 1.022
[95472 75178 98472 75238] on M1 is 1.022
[92472 78552 98472 81896] on MRDL is 1.055
[92472 78522 98472 78582] on VIARDL is 1.041
[92472 78522 98472 78582] on VIA8 is 1.041
[92472 78522 98472 78582] on VIA7 is 1.042
[92472 78522 98472 78582] on VIA6 is 1.042
[92472 78522 98472 78582] on VIA5 is 1.043
[92472 78522 98472 78582] on VIA4 is 1.044
[92472 78522 98472 78582] on VIA3 is 1.045
[92472 78522 98472 78582] on VIA2 is 1.046
[92472 78522 98472 78582] on VIA1 is 1.047
[95472 78522 98472 78582] on M1 is 1.047
[92472 81866 98472 81926] on VIARDL is 1.058
[92472 81866 98472 81926] on VIA8 is 1.058
[92472 81866 98472 81926] on VIA7 is 1.058
[92472 81866 98472 81926] on VIA6 is 1.059
[92472 81866 98472 81926] on VIA5 is 1.06
[92472 81866 98472 81926] on VIA4 is 1.06
[92472 81866 98472 81926] on VIA3 is 1.061
[92472 81866 98472 81926] on VIA2 is 1.062
[92472 81866 98472 81926] on VIA1 is 1.063
[95472 81866 98472 81926] on M1 is 1.063
[92472 3000 98472 6000] on MRDL is 1.047
[92472 3000 98472 9000] on VIARDL is 1.049
[95472 3000 98472 9000] on M9 is 1.049
[65338 3000 95472 9000] on M9 is 1.117
[63838 3000 66838 9000] on VIA8 is 1.117
[63838 3000 66838 6000] on M8 is 1.117
[3000 3000 9000 6000] on MRDL is 1.079
[3000 3000 9000 9000] on VIARDL is 1.08
[3000 3000 6000 9000] on M9 is 1.08
